#   01/05/24  16:00:34 - No complexity available
#   01/05/24  16:00:46 - F00.Original added
#   01/05/24  16:00:46 - Process running PaR jobs
#   01/05/24  16:00:50 - F00.Original xstep message received: '1714597248 pid 2706'
#   01/05/24  16:03:55 - F00.Original xstep message received: '1714597433 relaunch param1'
#   01/05/24  16:03:55 - F00.L0 use regular Fpga class for relaunch
#   01/05/24  16:03:55 - F00.L0 added
#   01/05/24  16:03:55 - F00.L1 use regular Fpga class for relaunch
#   01/05/24  16:03:55 - F00.L1 added
#   01/05/24  16:03:55 - F00.L2 use regular Fpga class for relaunch
#   01/05/24  16:03:55 - F00.L2 added
#   01/05/24  16:03:55 - F00.L3 use regular Fpga class for relaunch
#   01/05/24  16:03:55 - F00.L3 added
#   01/05/24  16:03:55 - F00.L4 use regular Fpga class for relaunch
#   01/05/24  16:03:55 - F00.L4 added
#   01/05/24  16:03:55 - F00.L5 use regular Fpga class for relaunch
#   01/05/24  16:03:55 - F00.L5 added
#   01/05/24  16:03:55 - F00.L6 use regular Fpga class for relaunch
#   01/05/24  16:03:55 - F00.L6 added
#   01/05/24  16:03:55 - F00.L7 use regular Fpga class for relaunch
#   01/05/24  16:03:55 - F00.L7 added
#   01/05/24  16:03:55 - F00.L8 use regular Fpga class for relaunch
#   01/05/24  16:03:55 - F00.L8 added
#   01/05/24  16:03:55 - F00.L9 use regular Fpga class for relaunch
#   01/05/24  16:03:55 - F00.L9 added
#   01/05/24  16:03:55 - F00.L10 use regular Fpga class for relaunch
#   01/05/24  16:03:55 - F00.L10 added
#   01/05/24  16:03:55 - F00.L11 use regular Fpga class for relaunch
#   01/05/24  16:03:55 - F00.L11 added
#   01/05/24  16:03:55 - F00.L12 use regular Fpga class for relaunch
#   01/05/24  16:03:55 - F00.L12 added
#   01/05/24  16:03:55 - F00.L13 use regular Fpga class for relaunch
#   01/05/24  16:03:55 - F00.L13 added
#   01/05/24  16:03:55 - F00.L14 use regular Fpga class for relaunch
#   01/05/24  16:03:55 - F00.L14 added
#   01/05/24  16:03:55 - F00.L15 use regular Fpga class for relaunch
#   01/05/24  16:03:55 - F00.L15 added
#   01/05/24  16:03:55 - F00.L16 use regular Fpga class for relaunch
#   01/05/24  16:03:55 - F00.L16 added
#   01/05/24  16:03:59 - F00.L0 xstep message received: '1714597438 pid 7388'
#   01/05/24  16:03:59 - F00.L1 xstep message received: '1714597438 pid 7421'
#   01/05/24  16:03:59 - F00.L2 xstep message received: '1714597438 pid 7389'
#   01/05/24  16:03:59 - F00.L3 xstep message received: '1714597438 pid 7394'
#   01/05/24  16:03:59 - F00.L4 xstep message received: '1714597438 pid 7417'
#   01/05/24  16:03:59 - F00.L5 xstep message received: '1714597438 pid 7395'
#   01/05/24  16:03:59 - F00.L6 xstep message received: '1714597438 pid 7407'
#   01/05/24  16:03:59 - F00.L7 xstep message received: '1714597438 pid 7419'
#   01/05/24  16:03:59 - F00.L8 xstep message received: '1714597438 pid 7424'
#   01/05/24  16:03:59 - F00.L9 xstep message received: '1714597438 pid 7445'
#   01/05/24  16:03:59 - F00.L10 xstep message received: '1714597438 pid 7446'
#   01/05/24  16:03:59 - F00.L11 xstep message received: '1714597438 pid 7431'
#   01/05/24  16:03:59 - F00.L12 xstep message received: '1714597438 pid 7448'
#   01/05/24  16:03:59 - F00.L13 xstep message received: '1714597438 pid 7465'
#   01/05/24  16:03:59 - F00.L14 xstep message received: '1714597438 pid 7456'
#   01/05/24  16:03:59 - F00.L15 xstep message received: '1714597438 pid 7466'
#   01/05/24  16:03:59 - F00.L16 xstep message received: '1714597438 pid 7467'
#   01/05/24  16:07:46 - F00.Original xstep message received: '1714597665 relaunch param1'
#   01/05/24  16:07:46 - Relaunches are no more accepted for FPGA F00.Original
#   01/05/24  16:07:46 - F00.Original xstep message received: '1714597665 finished KO'
#   01/05/24  16:07:46 - F00.Original terminated: KO
#   01/05/24  16:08:09 - F00.L7 xstep message received: '1714597688 relaunch param1'
#   01/05/24  16:08:09 - Relaunches are no more accepted for FPGA F00.L7
#   01/05/24  16:08:09 - F00.L8 xstep message received: '1714597689 relaunch param1'
#   01/05/24  16:08:09 - Relaunches are no more accepted for FPGA F00.L8
#   01/05/24  16:08:11 - F00.L0 xstep message received: '1714597690 relaunch param1'
#   01/05/24  16:08:11 - Relaunches are no more accepted for FPGA F00.L0
#   01/05/24  16:08:11 - F00.L1 xstep message received: '1714597690 relaunch param1'
#   01/05/24  16:08:11 - Relaunches are no more accepted for FPGA F00.L1
#   01/05/24  16:08:11 - F00.L2 xstep message received: '1714597690 relaunch param1'
#   01/05/24  16:08:11 - Relaunches are no more accepted for FPGA F00.L2
#   01/05/24  16:08:11 - F00.L3 xstep message received: '1714597690 relaunch param1'
#   01/05/24  16:08:11 - Relaunches are no more accepted for FPGA F00.L3
#   01/05/24  16:08:11 - F00.L4 xstep message received: '1714597690 relaunch param1'
#   01/05/24  16:08:11 - Relaunches are no more accepted for FPGA F00.L4
#   01/05/24  16:08:11 - F00.L5 xstep message received: '1714597690 relaunch param1'
#   01/05/24  16:08:11 - Relaunches are no more accepted for FPGA F00.L5
#   01/05/24  16:08:11 - F00.L6 xstep message received: '1714597690 relaunch param1'
#   01/05/24  16:08:11 - Relaunches are no more accepted for FPGA F00.L6
#   01/05/24  16:08:11 - F00.L9 xstep message received: '1714597690 relaunch param1'
#   01/05/24  16:08:11 - Relaunches are no more accepted for FPGA F00.L9
#   01/05/24  16:08:11 - F00.L10 xstep message received: '1714597689 relaunch param1'
#   01/05/24  16:08:11 - Relaunches are no more accepted for FPGA F00.L10
#   01/05/24  16:08:11 - F00.L11 xstep message received: '1714597690 relaunch param1'
#   01/05/24  16:08:11 - Relaunches are no more accepted for FPGA F00.L11
#   01/05/24  16:08:11 - F00.L12 xstep message received: '1714597690 relaunch param1'
#   01/05/24  16:08:11 - Relaunches are no more accepted for FPGA F00.L12
#   01/05/24  16:08:11 - F00.L13 xstep message received: '1714597690 relaunch param1'
#   01/05/24  16:08:11 - Relaunches are no more accepted for FPGA F00.L13
#   01/05/24  16:08:11 - F00.L14 xstep message received: '1714597690 relaunch param1'
#   01/05/24  16:08:11 - Relaunches are no more accepted for FPGA F00.L14
#   01/05/24  16:08:11 - F00.L15 xstep message received: '1714597690 relaunch param1'
#   01/05/24  16:08:11 - Relaunches are no more accepted for FPGA F00.L15
#   01/05/24  16:08:11 - F00.L16 xstep message received: '1714597690 relaunch param1'
#   01/05/24  16:08:11 - Relaunches are no more accepted for FPGA F00.L16
#   01/05/24  16:09:28 - F00.L3 xstep message received: '1714597767 relaunch param1'
#   01/05/24  16:09:28 - Relaunches are no more accepted for FPGA F00.L3
#   01/05/24  16:09:28 - F00.L3 xstep message received: '1714597767 finished KO'
#   01/05/24  16:09:28 - F00.L3 terminated: KO
#   01/05/24  16:09:33 - F00.L11 xstep message received: '1714597772 relaunch param1'
#   01/05/24  16:09:33 - Relaunches are no more accepted for FPGA F00.L11
#   01/05/24  16:09:33 - F00.L11 xstep message received: '1714597773 finished KO'
#   01/05/24  16:09:33 - F00.L11 terminated: KO
#   01/05/24  16:09:35 - F00.L5 xstep message received: '1714597773 relaunch param1'
#   01/05/24  16:09:35 - Relaunches are no more accepted for FPGA F00.L5
#   01/05/24  16:09:35 - F00.L5 xstep message received: '1714597773 finished KO'
#   01/05/24  16:09:35 - F00.L5 terminated: KO
#   01/05/24  16:09:35 - F00.L11 xstep message received: '1714597773 finished KO'
#   01/05/24  16:09:41 - F00.L8 xstep message received: '1714597780 relaunch param1'
#   01/05/24  16:09:41 - Relaunches are no more accepted for FPGA F00.L8
#   01/05/24  16:09:41 - F00.L8 xstep message received: '1714597780 finished KO'
#   01/05/24  16:09:41 - F00.L8 terminated: KO
#   01/05/24  16:09:41 - F00.L9 xstep message received: '1714597779 relaunch param1'
#   01/05/24  16:09:41 - Relaunches are no more accepted for FPGA F00.L9
#   01/05/24  16:09:41 - F00.L9 xstep message received: '1714597779 finished KO'
#   01/05/24  16:09:41 - F00.L9 terminated: KO
#   01/05/24  16:09:41 - F00.L16 xstep message received: '1714597780 relaunch param1'
#   01/05/24  16:09:41 - Relaunches are no more accepted for FPGA F00.L16
#   01/05/24  16:09:41 - F00.L16 xstep message received: '1714597780 finished KO'
#   01/05/24  16:09:41 - F00.L16 terminated: KO
#   01/05/24  16:09:43 - F00.L13 xstep message received: '1714597783 relaunch param1'
#   01/05/24  16:09:43 - Relaunches are no more accepted for FPGA F00.L13
#   01/05/24  16:09:43 - F00.L13 xstep message received: '1714597783 finished KO'
#   01/05/24  16:09:43 - F00.L13 terminated: KO
#   01/05/24  16:09:43 - F00.L15 xstep message received: '1714597781 relaunch param1'
#   01/05/24  16:09:43 - Relaunches are no more accepted for FPGA F00.L15
#   01/05/24  16:09:43 - F00.L15 xstep message received: '1714597781 finished KO'
#   01/05/24  16:09:43 - F00.L15 terminated: KO
#   01/05/24  16:09:47 - F00.L7 xstep message received: '1714597785 relaunch param1'
#   01/05/24  16:09:47 - Relaunches are no more accepted for FPGA F00.L7
#   01/05/24  16:09:47 - F00.L7 xstep message received: '1714597785 finished KO'
#   01/05/24  16:09:47 - F00.L7 terminated: KO
#   01/05/24  16:09:49 - F00.L2 xstep message received: '1714597788 relaunch param1'
#   01/05/24  16:09:49 - Relaunches are no more accepted for FPGA F00.L2
#   01/05/24  16:09:49 - F00.L2 xstep message received: '1714597788 finished KO'
#   01/05/24  16:09:49 - F00.L2 terminated: KO
#   01/05/24  16:09:49 - F00.L4 xstep message received: '1714597787 relaunch param1'
#   01/05/24  16:09:49 - Relaunches are no more accepted for FPGA F00.L4
#   01/05/24  16:09:49 - F00.L4 xstep message received: '1714597787 finished KO'
#   01/05/24  16:09:49 - F00.L4 terminated: KO
#   01/05/24  16:09:49 - F00.L10 xstep message received: '1714597788 relaunch param1'
#   01/05/24  16:09:49 - Relaunches are no more accepted for FPGA F00.L10
#   01/05/24  16:09:49 - F00.L10 xstep message received: '1714597788 finished KO'
#   01/05/24  16:09:49 - F00.L10 terminated: KO
#   01/05/24  16:09:51 - F00.L6 xstep message received: '1714597791 relaunch param1'
#   01/05/24  16:09:51 - Relaunches are no more accepted for FPGA F00.L6
#   01/05/24  16:09:51 - F00.L6 xstep message received: '1714597791 finished KO'
#   01/05/24  16:09:51 - F00.L6 terminated: KO
#   01/05/24  16:09:53 - F00.L0 xstep message received: '1714597792 relaunch param1'
#   01/05/24  16:09:53 - Relaunches are no more accepted for FPGA F00.L0
#   01/05/24  16:09:53 - F00.L0 xstep message received: '1714597792 finished KO'
#   01/05/24  16:09:53 - F00.L0 terminated: KO
#   01/05/24  16:09:53 - F00.L14 xstep message received: '1714597792 relaunch param1'
#   01/05/24  16:09:53 - Relaunches are no more accepted for FPGA F00.L14
#   01/05/24  16:09:53 - F00.L14 xstep message received: '1714597792 finished KO'
#   01/05/24  16:09:53 - F00.L14 terminated: KO
#   01/05/24  16:09:55 - F00.L1 xstep message received: '1714597794 relaunch param1'
#   01/05/24  16:09:55 - Relaunches are no more accepted for FPGA F00.L1
#   01/05/24  16:09:55 - F00.L1 xstep message received: '1714597794 finished KO'
#   01/05/24  16:09:55 - F00.L1 terminated: KO
#   01/05/24  16:10:08 - Timeout after task end without any 'finished' message for FPGA F00.Original
#   01/05/24  16:10:10 - Timeout after task end without any 'finished' message for FPGA F00.Original
#   01/05/24  16:10:10 - F00.L12 xstep message received: '1714597809 relaunch param1'
#   01/05/24  16:10:10 - Relaunches are no more accepted for FPGA F00.L12
#   01/05/24  16:10:10 - F00.L12 xstep message received: '1714597809 finished KO'
#   01/05/24  16:10:10 - F00.L12 terminated: KO
#   01/05/24  16:10:12 - Timeout after task end without any 'finished' message for FPGA F00.Original
#   01/05/24  16:10:14 - Timeout after task end without any 'finished' message for FPGA F00.Original
#   01/05/24  16:10:16 - Timeout after task end without any 'finished' message for FPGA F00.Original
#   01/05/24  16:10:18 - Timeout after task end without any 'finished' message for FPGA F00.Original
#   01/05/24  16:10:20 - Timeout after task end without any 'finished' message for FPGA F00.Original
#   01/05/24  16:10:22 - Timeout after task end without any 'finished' message for FPGA F00.Original
#   01/05/24  16:10:24 - Timeout after task end without any 'finished' message for FPGA F00.Original
#   01/05/24  16:10:26 - Timeout after task end without any 'finished' message for FPGA F00.Original
#   01/05/24  16:10:28 - Timeout after task end without any 'finished' message for FPGA F00.Original
#   01/05/24  16:10:30 - Timeout after task end without any 'finished' message for FPGA F00.Original
#   01/05/24  16:10:31 - Finished
