if [ -f "./job.F00.qdel.done" -o -f "./job.F00.bkill.done"  ]; then \
  echo "" ;\
  echo "fpga FX=F00 has already a winner ... This job will not start" ;\
  echo "" ;\
else \
    if [[ "L16" == "Original" ]]; then if [ -e  F00.src/zebu_common_env.mk ]; then rm -rf F00.src/zebu_common_env.mk; fi ; if [ -e  F00.src/zebu_lic_error ]; then rm -rf F00.src/zebu_lic_error; fi; echo "export ZEBU_FPGA_SRC_DIR=/home/faculty/d/davidkebo/davidkebo/csce689/labs/lab-4-shell/zebu/zcui.work/backend_default/U0/M0/F00.src"            > F00.src/zebu_common_env.mk ; echo "export ZEBU_FPGA_ORIGINAL_DIR=/home/faculty/d/davidkebo/davidkebo/csce689/labs/lab-4-shell/zebu/zcui.work/backend_default/U0/M0/F00.L16" >> F00.src/zebu_common_env.mk ; echo "export ZEBU_FPGA_MODULE_DIR=/home/faculty/d/davidkebo/davidkebo/csce689/labs/lab-4-shell/zebu/zcui.work/backend_default/U0/M0"                  >> F00.src/zebu_common_env.mk ; fi ;\
	LABEL=L16 FX=F00 zIseManager F00 L16 YES /home/faculty/d/davidkebo/davidkebo/csce689/labs/lab-4-shell/zebu/zcui.work/backend_default /opt/coe/synopsys/zebu/Q-2020.03-SP1-4/etc/vivado_v7/fpgaparameterset_v7.xcui NO  ;\
fi
# FX=F00 LABEL=L16 :  
# FX=F00 LABEL=L16 :                                      ZeBu (R)
# FX=F00 LABEL=L16 :                                    zIseManager
# FX=F00 LABEL=L16 :  
# FX=F00 LABEL=L16 :                Version Q-2020.03-SP1-4 for linux64 - Oct 18, 2022 
# FX=F00 LABEL=L16 :  
# FX=F00 LABEL=L16 :                      Copyright (c) 2002 - 2022 Synopsys, Inc.
# FX=F00 LABEL=L16 :     This software and the associated documentation are proprietary to Synopsys,
# FX=F00 LABEL=L16 :   Inc. This software may only be used in accordance with the terms and conditions
# FX=F00 LABEL=L16 :   of a written license agreement with Synopsys, Inc. All other use, reproduction,
# FX=F00 LABEL=L16 :     or distribution of this software is strictly prohibited.  Licensed Products
# FX=F00 LABEL=L16 :       communicate with Synopsys servers for the purpose of providing software
# FX=F00 LABEL=L16 :      updates, detecting software piracy and verifying that customers are using
# FX=F00 LABEL=L16 :      Licensed Products in conformity with the applicable License Key for such
# FX=F00 LABEL=L16 :    Licensed Products. Synopsys will use information gathered in connection with
# FX=F00 LABEL=L16 :      this process to deliver software updates and pursue software pirates and
# FX=F00 LABEL=L16 :                                     infringers.
# FX=F00 LABEL=L16 :  
# FX=F00 LABEL=L16 :   Inclusivity & Diversity - Visit SolvNetPlus to read the "Synopsys Statement on
# FX=F00 LABEL=L16 :              Inclusivity and Diversity" (Refer to article 000036315 at
# FX=F00 LABEL=L16 :                          https://solvnetplus.synopsys.com)
# FX=F00 LABEL=L16 :  
# FX=F00 LABEL=L16 :  
# FX=F00 LABEL=L16 : Parsing parameter file /opt/coe/synopsys/zebu/Q-2020.03-SP1-4/etc/vivado_v7/fpgaparameterset_v7.xcui
# FX=F00 LABEL=L16 : Synchronization policy: 2
# FX=F00 LABEL=L16 : Lock file name: /tmp/zim.lock_p5DkfF2fIz
# FX=F00 LABEL=L16 : pid 7467
# FX=F00 LABEL=L16 : Monitor father = 7467
# FX=F00 LABEL=L16 : Monitoring compilation F00.L16
# FX=F00 LABEL=L16 : 1714597660 : FPGA compilation finished with status 2
# FX=F00 LABEL=L16 : relaunch param1
# FX=F00 LABEL=L16 : relaunch param1
# FX=F00 LABEL=L16 : finished KO

Compilation Log Path : /home/faculty/d/davidkebo/davidkebo/csce689/labs/lab-4-shell/zebu/zcui.work/backend_default/U0/M0/F00.L16/compilation.log

# FX=F00 LABEL=L16 : receive TERM for 7467
# FX=F00 LABEL=L16 : killing Monitor process: 7587
make: [run] Error 2 (ignored)

# FX=F00 LABEL=L16 : Makefile - End of zIseManager
# FX=F00 LABEL=L16 : Makefile - Checking Final status from xstep.cui file
# FX=F00 LABEL=L16 : Makefile - Finished detected
# FX=F00 LABEL=L16 : Makefile - Finished K0 detected
make: *** [run] Error 255
command exit code is '2'
