1713958535 06:35:35 AM Start_target=Original
1713958535 06:35:35 AM   |- start zNetgen
1713958566 06:36:06 AM     |=> zNetgen: 0 mins
1713958566 06:36:06 AM   |- end zNetgen
1713958570 06:36:10 AM   |- start XDC sorter
1713958578 06:36:18 AM Start Vivado
1713958661 06:37:41 AM     |- add_files/link_design: 2 mins
1713958661 06:37:41 AM     |=> initialisation_linked: 2 mins
1713958662 06:37:42 AM   |- start phase: netlist_analys_preproc
1713958670 06:37:50 AM     |=> netlist_analys_preproc: 1 mins
1713958671 06:37:51 AM   |- start phase: read_constraints
1713958705 06:38:25 AM     |=> read_constraints: 1 mins
1713958706 06:38:26 AM   |- start phase: opt_design
1713958707 06:38:27 AM       |=>  opt_design: 1 mins
1713958707 06:38:27 AM   << ERROR DETECTED IN OPT_DESIGN >> 
1713958715 06:38:35 AM TRIGGER : GREP
1713958725 06:38:45 AM Start_target=L4
1713958725 06:38:45 AM   |- start zNetgen
1713958782 06:39:42 AM     |=> zNetgen: 0 mins
1713958782 06:39:42 AM   |- end zNetgen
1713958787 06:39:47 AM   |- start XDC sorter
1713958795 06:39:55 AM Start Vivado
1713958888 06:41:28 AM     |- add_files/link_design: 2 mins
1713958888 06:41:28 AM     |=> initialisation_linked: 2 mins
1713958889 06:41:29 AM   |- start phase: netlist_analys_preproc
1713958899 06:41:39 AM     |=> netlist_analys_preproc: 1 mins
1713958900 06:41:40 AM   |- start phase: read_constraints
1713958941 06:42:21 AM     |=> read_constraints: 1 mins
1713958942 06:42:22 AM   |- start phase: opt_design
1713958942 06:42:22 AM       |=>  opt_design: 1 mins
1713958942 06:42:22 AM   << ERROR DETECTED IN OPT_DESIGN >> 
1713958942 06:42:22 AM   << ERROR DETECTED IN opt_design DESIGN >> 
1713958946 06:42:26 AM     => vivado_ko: 2 mins
1713958946 06:42:26 AM vivado: 2 mins
