#   24/04/24  06:35:26 - No complexity available
#   24/04/24  06:35:28 - F00.Original added
#   24/04/24  06:35:28 - Process running PaR jobs
#   24/04/24  06:35:32 - F00.Original xstep message received: '1713958530 pid 24117'
#   24/04/24  06:38:37 - F00.Original xstep message received: '1713958715 relaunch param1'
#   24/04/24  06:38:37 - F00.L0 use regular Fpga class for relaunch
#   24/04/24  06:38:37 - F00.L0 added
#   24/04/24  06:38:37 - F00.L1 use regular Fpga class for relaunch
#   24/04/24  06:38:37 - F00.L1 added
#   24/04/24  06:38:37 - F00.L2 use regular Fpga class for relaunch
#   24/04/24  06:38:37 - F00.L2 added
#   24/04/24  06:38:37 - F00.L3 use regular Fpga class for relaunch
#   24/04/24  06:38:37 - F00.L3 added
#   24/04/24  06:38:37 - F00.L4 use regular Fpga class for relaunch
#   24/04/24  06:38:37 - F00.L4 added
#   24/04/24  06:38:37 - F00.L5 use regular Fpga class for relaunch
#   24/04/24  06:38:37 - F00.L5 added
#   24/04/24  06:38:37 - F00.L6 use regular Fpga class for relaunch
#   24/04/24  06:38:37 - F00.L6 added
#   24/04/24  06:38:37 - F00.L7 use regular Fpga class for relaunch
#   24/04/24  06:38:37 - F00.L7 added
#   24/04/24  06:38:37 - F00.L8 use regular Fpga class for relaunch
#   24/04/24  06:38:37 - F00.L8 added
#   24/04/24  06:38:37 - F00.L9 use regular Fpga class for relaunch
#   24/04/24  06:38:37 - F00.L9 added
#   24/04/24  06:38:37 - F00.L10 use regular Fpga class for relaunch
#   24/04/24  06:38:37 - F00.L10 added
#   24/04/24  06:38:37 - F00.L11 use regular Fpga class for relaunch
#   24/04/24  06:38:37 - F00.L11 added
#   24/04/24  06:38:37 - F00.L12 use regular Fpga class for relaunch
#   24/04/24  06:38:37 - F00.L12 added
#   24/04/24  06:38:37 - F00.L13 use regular Fpga class for relaunch
#   24/04/24  06:38:37 - F00.L13 added
#   24/04/24  06:38:37 - F00.L14 use regular Fpga class for relaunch
#   24/04/24  06:38:37 - F00.L14 added
#   24/04/24  06:38:37 - F00.L15 use regular Fpga class for relaunch
#   24/04/24  06:38:37 - F00.L15 added
#   24/04/24  06:38:37 - F00.L16 use regular Fpga class for relaunch
#   24/04/24  06:38:37 - F00.L16 added
#   24/04/24  06:38:41 - F00.L0 xstep message received: '1713958719 pid 28179'
#   24/04/24  06:38:41 - F00.L1 xstep message received: '1713958719 pid 28180'
#   24/04/24  06:38:41 - F00.L2 xstep message received: '1713958719 pid 28181'
#   24/04/24  06:38:41 - F00.L3 xstep message received: '1713958719 pid 28182'
#   24/04/24  06:38:41 - F00.L4 xstep message received: '1713958719 pid 28188'
#   24/04/24  06:38:41 - F00.L5 xstep message received: '1713958719 pid 28195'
#   24/04/24  06:38:41 - F00.L6 xstep message received: '1713958719 pid 28196'
#   24/04/24  06:38:41 - F00.L7 xstep message received: '1713958719 pid 28216'
#   24/04/24  06:38:41 - F00.L8 xstep message received: '1713958719 pid 28205'
#   24/04/24  06:38:41 - F00.L9 xstep message received: '1713958719 pid 28217'
#   24/04/24  06:38:41 - F00.L10 xstep message received: '1713958719 pid 28234'
#   24/04/24  06:38:41 - F00.L11 xstep message received: '1713958719 pid 28233'
#   24/04/24  06:38:41 - F00.L12 xstep message received: '1713958719 pid 28251'
#   24/04/24  06:38:41 - F00.L13 xstep message received: '1713958719 pid 28250'
#   24/04/24  06:38:41 - F00.L14 xstep message received: '1713958719 pid 28249'
#   24/04/24  06:38:41 - F00.L15 xstep message received: '1713958719 pid 28260'
#   24/04/24  06:38:41 - F00.L16 xstep message received: '1713958719 pid 28252'
#   24/04/24  06:42:32 - F00.Original xstep message received: '1713958952 relaunch param1'
#   24/04/24  06:42:32 - Relaunches are no more accepted for FPGA F00.Original
#   24/04/24  06:42:32 - F00.Original xstep message received: '1713958952 finished KO'
#   24/04/24  06:42:32 - F00.Original terminated: KO
#   24/04/24  06:42:51 - F00.L0 xstep message received: '1713958969 relaunch param1'
#   24/04/24  06:42:51 - Relaunches are no more accepted for FPGA F00.L0
#   24/04/24  06:42:51 - F00.L2 xstep message received: '1713958970 relaunch param1'
#   24/04/24  06:42:51 - Relaunches are no more accepted for FPGA F00.L2
#   24/04/24  06:42:51 - F00.L3 xstep message received: '1713958970 relaunch param1'
#   24/04/24  06:42:51 - Relaunches are no more accepted for FPGA F00.L3
#   24/04/24  06:42:51 - F00.L4 xstep message received: '1713958971 relaunch param1'
#   24/04/24  06:42:51 - Relaunches are no more accepted for FPGA F00.L4
#   24/04/24  06:42:51 - F00.L5 xstep message received: '1713958970 relaunch param1'
#   24/04/24  06:42:51 - Relaunches are no more accepted for FPGA F00.L5
#   24/04/24  06:42:51 - F00.L8 xstep message received: '1713958969 relaunch param1'
#   24/04/24  06:42:51 - Relaunches are no more accepted for FPGA F00.L8
#   24/04/24  06:42:51 - F00.L11 xstep message received: '1713958970 relaunch param1'
#   24/04/24  06:42:51 - Relaunches are no more accepted for FPGA F00.L11
#   24/04/24  06:42:51 - F00.L12 xstep message received: '1713958971 relaunch param1'
#   24/04/24  06:42:51 - Relaunches are no more accepted for FPGA F00.L12
#   24/04/24  06:42:51 - F00.L13 xstep message received: '1713958971 relaunch param1'
#   24/04/24  06:42:51 - Relaunches are no more accepted for FPGA F00.L13
#   24/04/24  06:42:51 - F00.L16 xstep message received: '1713958971 relaunch param1'
#   24/04/24  06:42:51 - Relaunches are no more accepted for FPGA F00.L16
#   24/04/24  06:42:53 - F00.L1 xstep message received: '1713958971 relaunch param1'
#   24/04/24  06:42:53 - Relaunches are no more accepted for FPGA F00.L1
#   24/04/24  06:42:53 - F00.L6 xstep message received: '1713958971 relaunch param1'
#   24/04/24  06:42:53 - Relaunches are no more accepted for FPGA F00.L6
#   24/04/24  06:42:53 - F00.L7 xstep message received: '1713958971 relaunch param1'
#   24/04/24  06:42:53 - Relaunches are no more accepted for FPGA F00.L7
#   24/04/24  06:42:53 - F00.L9 xstep message received: '1713958971 relaunch param1'
#   24/04/24  06:42:53 - Relaunches are no more accepted for FPGA F00.L9
#   24/04/24  06:42:53 - F00.L10 xstep message received: '1713958971 relaunch param1'
#   24/04/24  06:42:53 - Relaunches are no more accepted for FPGA F00.L10
#   24/04/24  06:42:53 - F00.L14 xstep message received: '1713958971 relaunch param1'
#   24/04/24  06:42:53 - Relaunches are no more accepted for FPGA F00.L14
#   24/04/24  06:42:53 - F00.L15 xstep message received: '1713958971 relaunch param1'
#   24/04/24  06:42:53 - Relaunches are no more accepted for FPGA F00.L15
#   24/04/24  06:44:04 - F00.L0 xstep message received: '1713959042 relaunch param1'
#   24/04/24  06:44:04 - Relaunches are no more accepted for FPGA F00.L0
#   24/04/24  06:44:04 - F00.L0 xstep message received: '1713959042 finished KO'
#   24/04/24  06:44:04 - F00.L0 terminated: KO
#   24/04/24  06:44:04 - F00.L6 xstep message received: '1713959043 relaunch param1'
#   24/04/24  06:44:04 - Relaunches are no more accepted for FPGA F00.L6
#   24/04/24  06:44:04 - F00.L6 xstep message received: '1713959043 finished KO'
#   24/04/24  06:44:04 - F00.L6 terminated: KO
#   24/04/24  06:44:06 - F00.L2 xstep message received: '1713959045 relaunch param1'
#   24/04/24  06:44:06 - Relaunches are no more accepted for FPGA F00.L2
#   24/04/24  06:44:06 - F00.L2 xstep message received: '1713959045 finished KO'
#   24/04/24  06:44:06 - F00.L2 terminated: KO
#   24/04/24  06:44:08 - F00.L3 xstep message received: '1713959046 relaunch param1'
#   24/04/24  06:44:08 - Relaunches are no more accepted for FPGA F00.L3
#   24/04/24  06:44:08 - F00.L3 xstep message received: '1713959046 finished KO'
#   24/04/24  06:44:08 - F00.L3 terminated: KO
#   24/04/24  06:44:08 - F00.L5 xstep message received: '1713959048 relaunch param1'
#   24/04/24  06:44:08 - Relaunches are no more accepted for FPGA F00.L5
#   24/04/24  06:44:08 - F00.L5 xstep message received: '1713959048 finished KO'
#   24/04/24  06:44:08 - F00.L5 terminated: KO
#   24/04/24  06:44:08 - F00.L16 xstep message received: '1713959047 relaunch param1'
#   24/04/24  06:44:08 - Relaunches are no more accepted for FPGA F00.L16
#   24/04/24  06:44:08 - F00.L16 xstep message received: '1713959047 finished KO'
#   24/04/24  06:44:08 - F00.L16 terminated: KO
#   24/04/24  06:44:10 - F00.L11 xstep message received: '1713959050 relaunch param1'
#   24/04/24  06:44:10 - Relaunches are no more accepted for FPGA F00.L11
#   24/04/24  06:44:10 - F00.L11 xstep message received: '1713959050 finished KO'
#   24/04/24  06:44:10 - F00.L11 terminated: KO
#   24/04/24  06:44:10 - F00.L14 xstep message received: '1713959050 relaunch param1'
#   24/04/24  06:44:10 - Relaunches are no more accepted for FPGA F00.L14
#   24/04/24  06:44:10 - F00.L14 xstep message received: '1713959050 finished KO'
#   24/04/24  06:44:10 - F00.L14 terminated: KO
#   24/04/24  06:44:12 - F00.L1 xstep message received: '1713959052 relaunch param1'
#   24/04/24  06:44:12 - Relaunches are no more accepted for FPGA F00.L1
#   24/04/24  06:44:12 - F00.L1 xstep message received: '1713959052 finished KO'
#   24/04/24  06:44:12 - F00.L1 terminated: KO
#   24/04/24  06:44:12 - F00.L7 xstep message received: '1713959050 relaunch param1'
#   24/04/24  06:44:12 - Relaunches are no more accepted for FPGA F00.L7
#   24/04/24  06:44:12 - F00.L7 xstep message received: '1713959050 finished KO'
#   24/04/24  06:44:12 - F00.L7 terminated: KO
#   24/04/24  06:44:20 - F00.L9 xstep message received: '1713959059 relaunch param1'
#   24/04/24  06:44:20 - Relaunches are no more accepted for FPGA F00.L9
#   24/04/24  06:44:20 - F00.L9 xstep message received: '1713959059 finished KO'
#   24/04/24  06:44:20 - F00.L9 terminated: KO
#   24/04/24  06:44:20 - F00.L13 xstep message received: '1713959058 relaunch param1'
#   24/04/24  06:44:20 - Relaunches are no more accepted for FPGA F00.L13
#   24/04/24  06:44:20 - F00.L13 xstep message received: '1713959058 finished KO'
#   24/04/24  06:44:20 - F00.L13 terminated: KO
#   24/04/24  06:44:26 - F00.L4 xstep message received: '1713959066 relaunch param1'
#   24/04/24  06:44:26 - Relaunches are no more accepted for FPGA F00.L4
#   24/04/24  06:44:26 - F00.L4 xstep message received: '1713959066 finished KO'
#   24/04/24  06:44:26 - F00.L4 terminated: KO
#   24/04/24  06:44:26 - F00.L8 xstep message received: '1713959066 relaunch param1'
#   24/04/24  06:44:26 - Relaunches are no more accepted for FPGA F00.L8
#   24/04/24  06:44:26 - F00.L8 xstep message received: '1713959066 finished KO'
#   24/04/24  06:44:26 - F00.L8 terminated: KO
#   24/04/24  06:44:28 - F00.L15 xstep message received: '1713959067 relaunch param1'
#   24/04/24  06:44:28 - Relaunches are no more accepted for FPGA F00.L15
#   24/04/24  06:44:28 - F00.L15 xstep message received: '1713959067 finished KO'
#   24/04/24  06:44:28 - F00.L15 terminated: KO
#   24/04/24  06:44:31 - F00.L10 xstep message received: '1713959069 relaunch param1'
#   24/04/24  06:44:31 - Relaunches are no more accepted for FPGA F00.L10
#   24/04/24  06:44:31 - F00.L10 xstep message received: '1713959069 finished KO'
#   24/04/24  06:44:31 - F00.L10 terminated: KO
#   24/04/24  06:44:49 - F00.L12 xstep message received: '1713959088 relaunch param1'
#   24/04/24  06:44:49 - Relaunches are no more accepted for FPGA F00.L12
#   24/04/24  06:44:49 - F00.L12 xstep message received: '1713959088 finished KO'
#   24/04/24  06:44:49 - F00.L12 terminated: KO
#   24/04/24  06:44:55 - Timeout after task end without any 'finished' message for FPGA F00.Original
#   24/04/24  06:44:57 - Timeout after task end without any 'finished' message for FPGA F00.Original
#   24/04/24  06:44:59 - Timeout after task end without any 'finished' message for FPGA F00.Original
#   24/04/24  06:45:01 - Timeout after task end without any 'finished' message for FPGA F00.Original
#   24/04/24  06:45:03 - Timeout after task end without any 'finished' message for FPGA F00.Original
#   24/04/24  06:45:05 - Timeout after task end without any 'finished' message for FPGA F00.Original
#   24/04/24  06:45:07 - Timeout after task end without any 'finished' message for FPGA F00.Original
#   24/04/24  06:45:09 - Timeout after task end without any 'finished' message for FPGA F00.Original
#   24/04/24  06:45:09 - Finished
