make[1]: Entering directory `/home/faculty/d/davidkebo/davidkebo/csce689/labs/lab-4-shell/zebu/zcui.work/backend_default/U0/M0/F00.L6'

################################################################################
##                                  PRINT ENV                                 ##
################################################################################
FPGA_LOCAL_DISK_COMP_DIR=
FPGA_LOCAL_DISK_COMP=NO
VCS_ARCH_OVERRIDE=linux
VCS_HOME=/opt/coe/synopsys/vcs/Q-2020.03-SP2-12
VIVADO_ENABLE_MULTI_MACHINE_MPF=0
VIVADO_ENABLE_SINGLE_MACHINE_MPF=0
VIVADO_OPT_DESIGN_OPTIONS=-directive Default
VIVADO_PLACE_DESIGN_OPTIONS=-directive SSI_HighUtilSLRs
VIVADO_ROUTE_DESIGN_OPTIONS=-directive Default
XILINX_LOCAL_USER_DATA=no
ZEBU_AURA_FW_HOME=/opt/coe/synopsys/zebu/Q-2020.03-SP1-4/aura/fw
ZEBU_AURA_SW_HOME=/opt/coe/synopsys/zebu/Q-2020.03-SP1-4/aura/sw
ZEBU_COMPILATION_OBJECTIVE=
ZEBU_DISABLE_TRITON=1
ZEBU_DRIVER_PATH=/opt/coe/synopsys/zebu/Q-2020.03-SP1-4/drivers
ZEBU_FPGA_MODULE_DIR=/home/faculty/d/davidkebo/davidkebo/csce689/labs/lab-4-shell/zebu/zcui.work/backend_default/U0/M0
ZEBU_FPGA_ORIGINAL_DIR=/home/faculty/d/davidkebo/davidkebo/csce689/labs/lab-4-shell/zebu/zcui.work/backend_default/U0/M0/F00.Original
ZEBU_FPGA_SRC_DIR=/home/faculty/d/davidkebo/davidkebo/csce689/labs/lab-4-shell/zebu/zcui.work/backend_default/U0/M0/F00.src
ZEBU_PARFF_XCUI_FILE_NAME=fpgaparameterset_v7.xcui
ZEBU_PARFF_XCUI_TARGET_NAME=L6_Vivado_Congestion_CompressSLRs
ZEBU_ROOT=/opt/coe/synopsys/zebu/Q-2020.03-SP1-4
ZEBU_SDF_ANALYSIS=1
ZEBU_SYSTEM_DIR=/mnt/quinn_zebu/ZEBU_SYSTEM_DIR
ZEBU_TRITON_ZS2=/opt/coe/synopsys/zebu/Q-2020.03-SP1-4/triton_zs2
ZEBU_TRITON_ZS3=/opt/coe/synopsys/zebu/Q-2020.03-SP1-4/triton_zs3
ZEBU_XIL=/opt/coe/synopsys/zebu/Q-2020.03-SP1-4/ise/ISE_DS
ZEBU_XIL_VIVADO=/opt/coe/synopsys/zebu/Q-2020.03-SP1-4/vivado/
ZEBU_XIL_VIVADO_P2=/opt/coe/synopsys/zebu/Q-2020.03-SP1-4/vivado_p2/
ZEBU_XIL_VIVADO_P3=/opt/coe/synopsys/zebu/Q-2020.03-SP1-4/vivado_p3/ids_lite
ZEBU_XIL_VIVADO_P4=/opt/coe/synopsys/zebu/Q-2020.03-SP1-4/vivado_p4/


####################################################################
###################### VERIFICATION MACHINE  #######################
####################################################################
Host name is csce-quinn-s1.engr.tamu.edu
Fpga compilation directory : /home/faculty/d/davidkebo/davidkebo/csce689/labs/lab-4-shell/zebu/zcui.work/backend_default/U0/M0/F00.L6

Make process id 7547
------[ CPU info (40 cores) ]-----------------------------
processor	: 0
vendor_id	: GenuineIntel
cpu family	: 6
model		: 63
model name	: Intel(R) Xeon(R) CPU E5-2650 v3 @ 2.30GHz
stepping	: 2
microcode	: 0x49
cpu MHz		: 2599.993
cache size	: 25600 KB
physical id	: 0
siblings	: 20
core id		: 0
cpu cores	: 10
apicid		: 0
initial apicid	: 0
fpu		: yes
fpu_exception	: yes
cpuid level	: 15
wp		: yes
flags		: fpu vme de pse tsc msr pae mce cx8 apic sep mtrr pge mca cmov pat pse36 clflush dts acpi mmx fxsr sse sse2 ss ht tm pbe syscall nx pdpe1gb rdtscp lm constant_tsc arch_perfmon pebs bts rep_good nopl xtopology nonstop_tsc aperfmperf eagerfpu pni pclmulqdq dtes64 monitor ds_cpl vmx smx est tm2 ssse3 sdbg fma cx16 xtpr pdcm pcid dca sse4_1 sse4_2 x2apic movbe popcnt tsc_deadline_timer aes xsave avx f16c rdrand lahf_lm abm epb invpcid_single ssbd rsb_ctxsw ibrs ibpb stibp tpr_shadow vnmi flexpriority ept vpid fsgsbase tsc_adjust bmi1 avx2 smep bmi2 erms invpcid cqm xsaveopt cqm_llc cqm_occup_llc dtherm ida arat pln pts md_clear spec_ctrl intel_stibp flush_l1d
bogomips	: 4600.38
clflush size	: 64
cache_alignment	: 64
address sizes	: 46 bits physical, 48 bits virtual
------[ top (51 lines) ]---------------------------------
top - 16:03:59 up 98 days,  7:03,  2 users,  load average: 1.01, 0.47, 0.22
Tasks: 613 total,   5 running, 608 sleeping,   0 stopped,   0 zombie
%Cpu(s): 10.7 us, 13.6 sy,  0.0 ni, 72.8 id,  2.9 wa,  0.0 hi,  0.0 si,  0.0 st
KiB Mem : 19781961+total, 17239084+free,  7278372 used, 18150404 buff/cache
KiB Swap:  4194300 total,  4194300 free,        0 used. 18838268+avail Mem 

  PID USER      PR  NI    VIRT    RES    SHR S  %CPU %MEM     TIME+ COMMAND
 5902 davidke+  20   0 4719716   3.3g 219348 S 180.0  1.7   2:44.02 vivado
 1206 root      20   0  871456 346356  87708 S 120.0  0.2   1885:17 esensor
 8626 davidke+  20   0  164776   2804   1668 S  25.0  0.0   0:00.05 top
 8553 davidke+  20   0  164780   2804   1668 R  20.0  0.0   0:00.04 top
 8604 davidke+  20   0  164780   2804   1668 S  20.0  0.0   0:00.04 top
 8616 davidke+  20   0  164780   2808   1668 S  20.0  0.0   0:00.04 top
 1897 root      20   0  388688 226700   9800 S  15.0  0.1  65:29.16 adclient
 8515 davidke+  20   0  164780   2804   1668 R  15.0  0.0   0:00.06 top
 8517 davidke+  20   0  164780   2808   1668 R  15.0  0.0   0:00.06 top
 8577 davidke+  20   0  164780   2804   1668 S  15.0  0.0   0:00.03 top
 8585 davidke+  20   0  164780   2804   1668 S  15.0  0.0   0:00.03 top
 8636 davidke+  20   0  164780   2808   1668 S  15.0  0.0   0:00.03 top
 8520 davidke+  20   0  164780   2808   1668 R  10.0  0.0   0:00.05 top
    1 root      20   0  202308   7244   4232 S   0.0  0.0  48:10.29 systemd
    2 root      20   0       0      0      0 S   0.0  0.0   0:03.44 kthreadd
    4 root       0 -20       0      0      0 S   0.0  0.0   0:00.00 kworker/0:+
    6 root      20   0       0      0      0 S   0.0  0.0   0:23.72 ksoftirqd/0
    7 root      rt   0       0      0      0 S   0.0  0.0   0:01.33 migration/0
    8 root      20   0       0      0      0 S   0.0  0.0   0:00.00 rcu_bh
    9 root      20   0       0      0      0 S   0.0  0.0  42:26.93 rcu_sched
   10 root       0 -20       0      0      0 S   0.0  0.0   0:00.00 lru-add-dr+
   11 root      rt   0       0      0      0 S   0.0  0.0   0:17.16 watchdog/0
   12 root      rt   0       0      0      0 S   0.0  0.0   0:18.45 watchdog/1
   13 root      rt   0       0      0      0 S   0.0  0.0   0:01.22 migration/1
   14 root      20   0       0      0      0 S   0.0  0.0   0:01.24 ksoftirqd/1
   16 root       0 -20       0      0      0 S   0.0  0.0   0:00.00 kworker/1:+
   18 root      rt   0       0      0      0 S   0.0  0.0   0:15.78 watchdog/2
   19 root      rt   0       0      0      0 S   0.0  0.0   0:01.41 migration/2
   20 root      20   0       0      0      0 S   0.0  0.0   0:02.06 ksoftirqd/2
   22 root       0 -20       0      0      0 S   0.0  0.0   0:00.00 kworker/2:+
   24 root      rt   0       0      0      0 S   0.0  0.0   0:17.52 watchdog/3
   25 root      rt   0       0      0      0 S   0.0  0.0   0:01.19 migration/3
   26 root      20   0       0      0      0 S   0.0  0.0   0:01.11 ksoftirqd/3
   28 root       0 -20       0      0      0 S   0.0  0.0   0:00.00 kworker/3:+
   29 root      rt   0       0      0      0 S   0.0  0.0   0:15.72 watchdog/4
   30 root      rt   0       0      0      0 S   0.0  0.0   0:01.67 migration/4
   31 root      20   0       0      0      0 S   0.0  0.0   0:01.42 ksoftirqd/4
   33 root       0 -20       0      0      0 S   0.0  0.0   0:00.00 kworker/4:+
   34 root      rt   0       0      0      0 S   0.0  0.0   0:17.50 watchdog/5
   35 root      rt   0       0      0      0 S   0.0  0.0   0:01.31 migration/5
   36 root      20   0       0      0      0 S   0.0  0.0   0:00.99 ksoftirqd/5
   38 root       0 -20       0      0      0 S   0.0  0.0   0:00.00 kworker/5:+
   39 root      rt   0       0      0      0 S   0.0  0.0   0:15.36 watchdog/6
   40 root      rt   0       0      0      0 S   0.0  0.0   0:01.46 migration/6
----------------------------------------------------------------



touch zNetgen_property.db






[SW-FPGA] - INFO : run in PARFF target, ZEBU_FPGA_ORIGINAL_DIR=/home/faculty/d/davidkebo/davidkebo/csce689/labs/lab-4-shell/zebu/zcui.work/backend_default/U0/M0/F00.Original


################################################################################
##                                 STEP ZNETGEN                               ##
################################################################################
znetgen start time: 1714597444
if ! [ -e znetgen_skipped.info ]; then START_TIME=$(date +%s) ; time  zNetgen design.tcl  && touch design_zlcr.zdc ; END_TIME=$(date +%s) ; ZFILENAME=xdlRename.log; if ( [ -f $ZFILENAME ] ) && ! gzip -t $ZFILENAME &> /dev/null; then gzip -f $ZFILENAME; mv ${ZFILENAME}.gz $ZFILENAME; fi; mv xdlRename.log ./fpga_reports/zNetgen/xdlRename.log.gz ; echo "`date +%s` `date +%X`     |=> zNetgen: $(( ($END_TIME - $START_TIME ) /60 )) mins" >> fpga_info.log ; fi

                                    ZeBu (R)
                                    zNetgen

              Version Q-2020.03-SP1-4 for linux64 - Oct 18, 2022 

                    Copyright (c) 2002 - 2022 Synopsys, Inc.
   This software and the associated documentation are proprietary to Synopsys,
 Inc. This software may only be used in accordance with the terms and conditions
 of a written license agreement with Synopsys, Inc. All other use, reproduction,
   or distribution of this software is strictly prohibited.  Licensed Products
     communicate with Synopsys servers for the purpose of providing software
    updates, detecting software piracy and verifying that customers are using
    Licensed Products in conformity with the applicable License Key for such
  Licensed Products. Synopsys will use information gathered in connection with
    this process to deliver software updates and pursue software pirates and
                                   infringers.

 Inclusivity & Diversity - Visit SolvNetPlus to read the "Synopsys Statement on
            Inclusivity and Diversity" (Refer to article 000036315 at
                        https://solvnetplus.synopsys.com)

# zNetgen design.tcl 

# start time is Wed May  1 16:04:04 2024




# Build Date : Oct 18 2022 - 00:58:44
# ---------------------------System Context--------------------------- 
# Cpu        40 x bogomips - 4604.90 Intel(R) Xeon(R) CPU E5-2650 v3 @ 2.30GHz
#            Load: 1.01 0.48 0.22 12/670 10837
#            Hostname: csce-quinn-s1.engr.tamu.edu   OS: Linux 3.10.0-1160.108.1.el7.x86_64
# Memory     Total: 193183 MB Free: 166738 MB
#            Total Free including cache: 182943 MB
#            Swap cache: 0 MB Cached space: 16205 MB
#            Swap space: 4095 MB Free Swap space: 4095 MB
#            VmSize: 426 MB VmPeak: 426 MB
# Disk Space Total: 250 GB Available: 240 GB Used: 10 GB
#            Free inodes: 524108381
# Stack                                Soft Limit           Hard Limit  
#            Max stack size            8388608              unlimited            bytes     
# -------------------------------------------------------------------- 


### warning in zNetgen [CCT0300W] : can't set stack to unlimited, zNetgen may randomly crash.
#   step INIT : Advanced commands have been loaded
zNetgen_common_pkg has been loaded
##############################################
# 1 LOAD EDIFS
##############################################
#   step ZNF PARSER : reading netlist from ZNF file 'wrapper.edf.gz'
#   step ZNF PARSER : reading netlist from ZNF file 'fpga.edf.gz'
##############################################
# 2 MERGE
##############################################
#   step EDIF LOADER : reading EDIF file '/opt/coe/synopsys/zebu/Q-2020.03-SP1-4/etc/libXilinx.edif.gz'
#   step merge : merging file 'wrapper.edf.gz'
#   step merge : merging file 'fpga.edf.gz'
#   step set_top : setting module 'design' as top of netlist 'zmerge from NULL'
#   step UNIQUIFY : Netlist with Top 'design'
#   step UNIQUIFY : 121 modules created
#   step NtgTclReportNetlistMetric : The netlist resource usage has been written into fpga_data.info with mode:zNetgen_read_edifs.
#   step FETCH_MODE : Performing fetch mode clock instrumentation for Critical Path Optimization
#   step SOCKET SANITY CHECK : INSTANCE=ClockRegion000SD_40B, MOD=SendClockRegionD1__1, PV=I
#   step SOCKET SANITY CHECK : INSTANCE=ClockRegion000SD_40B, MOD=SendClockRegionD1__1, PV=O
##############################################
# 3 NETLIST PROCESSING
##############################################
# ZNETGEN REPORT INFO: ZOPT mode=off
   ##############################################
   # 3.0 ZEBU_DONT_TOUCH
   ##############################################
#   step DONT TOUCH : Protect all instances with 'ZEBU_VIVADO_STOP_TIMING' attribute.
#   step UNIQUIFY : Netlist with Top 'design'
#   step UNIQUIFY : 0 modules created
#   step DONT TOUCH : 27 instances have been protected.
#   step UNIQUIFY : Netlist with Top 'design'
#   step UNIQUIFY : 0 modules created
      ##############################################
      # 3.0 INCREMENTAL MANIPULATION
      ##############################################
         ##############################################
         # 3.0 TRISTATE REMAPPING
         ##############################################
#   step UNIQUIFY : Netlist with Top 'design'
#   step UNIQUIFY : 0 modules created
#   step TRISTATE_REMAP : 0 lonely zebu_PULL macros were found.
#   step remap_tristate : 0 tristate buses were remapped as pullup to ISE-compatible logic in context design.
   ##############################################
   # 3.1 ZVIEW
   ##############################################
#   step zview : 116 zview found
#   step zview : 116 zview processed (48 fd added, 67 fd instr, 0 zview duplicated, 1 zview gnd)
#   step UNIQUIFY : Netlist with Top 'design'
#   step UNIQUIFY : 0 modules created
#   step $DUMPVARS : Starting $dumpvar/dpi/ccall preprocessing.
#   step $DUMPVARS : Configuring for Virtex V7, waveform capture gen2.
   ##############################################
   # 3.2 XDL RENAME
   ##############################################
#   step XDL RENAME : Log file named xdlRename.log
   ##############################################
   # 3.4 MULTI-RTB
   ##############################################
#   step INSTR_MULTI_RTB : Performing multi-rtb manipulation for netlist 'zmerge'.
#   step INSTR_MULTI_RTB : '0' instances has been manipulated.
   ##############################################
   # 3.5 FW MACROS
   ##############################################
   ##############################################
   # 3.51 CLOCKLOOP
   ##############################################
   ##############################################
   # 3.52 SETUP STABILITY
   ##############################################
   ##############################################
   # 3.6 ZXLSYS
   ##############################################
#   step instr_ztig_reg : 43 instances of the writeback blackbox registers replaced.
#   step instr_zxlsys : zxlsys manipulation 
   ##############################################
   # 3.7 ZPLUG
   ##############################################
#   step STATS :  ----------------------------------------------------------------------------------------------------------------------------------------------------------------------------------------------------------------------------------------------------------------------------------------------
#   step STATS :  |                 reg |                 lut |                bram |                uram |             memsize |              m18x18 |                bufg |                buft |               nbI/O |                nbBB |                nbZV |                nbME |               dsp48 || name
#   step STATS :  ----------------------------------------------------------------------------------------------------------------------------------------------------------------------------------------------------------------------------------------------------------------------------------------------
#   step STATS :  |                   0 |                   0 |                   0 |                   0 |                   0 |                   0 |                   0 |                   0 |                 233 |                   0 |                   0 |                   0 |                   0 || $DUMPVARS
#   step STATS :  ----------------------------------------------------------------------------------------------------------------------------------------------------------------------------------------------------------------------------------------------------------------------------------------------
   ##############################################
   # 3.8 CLEANING CLOCKS
   ##############################################
   ##############################################
   # 3.9 INSERT ADDITIONAL BUFG
   ##############################################
#   step UNIQUIFY : Netlist with Top 'design'
#   step UNIQUIFY : 49 modules created
#   step BUFG INSERTION : Bufg 'design.zkprctrl.wrapper.sysclk_mxfx.u_xst_wrapper_0.sysclk_idly_0.x_bufgctrl_1.u_xst_wrapper_0.virtex7_bufgctrl_0' is considered as useless, it won't be counted.
#   step BUFG INSERTION : Bufg 'design.zkprctrl.wrapper.sysclk_mxfx.u_xst_wrapper_0.sysclk_idly_0.x_bufgctrl_3.u_xst_wrapper_0.virtex7_bufgctrl_0' is considered as useless, it won't be counted.
#   step BUFG INSERTION : Bufg 'design.zkprctrl.wrapper.sysclk_mxfx.u_xst_wrapper_0.sysclk_xclk_0.x_bufgctrl_ce_sys_xclk.u_xst_wrapper_0.virtex7_bufgctrl_0' is considered as useless, it won't be counted.
#   step BUFG INSERTION : Bufg 'design.zkprctrl.wrapper.sysclk_mxfx.u_xst_wrapper_0.sysclk_xclk2_0.x_bufgctrl_ce_sys_xclk_dv4.u_xst_wrapper_0.virtex7_bufgctrl_0' is considered as useless, it won't be counted.
#   step BUFG INSERTION : Bufg 'design.zkprctrl.wrapper.sysclk_mxfx.u_xst_wrapper_0.sysclk_xclk_0.x_bufgctrl_ce_sys_xclk_dv4.u_xst_wrapper_0.virtex7_bufgctrl_0' is considered as useless, it won't be counted.
#   step BUFG INSERTION : Bufg 'design.zkprctrl.wrapper.sysclk_mxfx.u_xst_wrapper_0.sysclk_xclk2_0.x_bufgctrl_ce_sys_xclk.u_xst_wrapper_0.virtex7_bufgctrl_0' is considered as useless, it won't be counted.
#   step BUFG INSERTION : Bufg 'design.zkprctrl.wrapper.sysclk_mxfx.u_xst_wrapper_0.sysclk_bus_dut_0.x_bufgctrl_ce_fib_clko.u_xst_wrapper_0.virtex7_bufgctrl_0' is considered as useless, it won't be counted.
#   step BUFG INSERTION : Found 8 BUFGs in the design (max 12)
   ##############################################
   # 3.10 SPLIT FANOUT
   ##############################################
   ##############################################
   # 3.11 SYNCHRO
   ##############################################
#   step synchro : design synchronization statistics
#   step CLOCK NETWORK : writing report for design 'design'
#   info :    #-------- Summary 

#   info :      - 1956 synchronous items
#   info :      - 4 primary clocks 
#   info :      - 32 derived clocks 
#   info :      - 0 multi-driven clock 
#   info :      - 14 stuck clocks 
#   info :      - 0 undriven clock
#   info :      - Total : 50 clocks

#   info :      - 1 zxlsys instance


#   info :    #-------- PRIMARY clocks

#   info :        373 items : design.U0_M0_F0.zebu_zdly_z_dclk_delay_12524327392187371745 (BUFG)
#   info :         97 items : design.zkprctrl.wrapper.sysclk_mxfx.u_xst_wrapper_0.sysclk_idly_0.sys_idel_clk (BUFG)
#   info :         45 items : design.U0_M0_F0.zcgen_w_zcg_filterClock (BUFG)
#   info :          5 items : design.U0_M0_F0.zcgen_w_zcg_compositeClock (BUFG)
#   info :  

#   info :    #-------- DERIVED clocks

#   info :        455 items : design.zkprctrl.wrapper.sysclk_mxfx.u_xst_wrapper_0.sysclk_bus_dut_0.x_bufgctrl_ce_fib_clk.u_xst_wrapper_0.O (BUFG)
#   info :        236 items : design.zkprctrl.wrapper.sysclk_mxfx.u_xst_wrapper_0.sysclk_bus_dut_0.x_bufgctrl_ce_srb_clk.u_xst_wrapper_0.O (BUFG)
#   info :        191 items : design.U0_M0_F0.U0_M0_F0_core.zebu_filter__I_vcs_cdx_s_rw_topu_stb_clk0.zdelay_regFilterPos
#   info :        182 items : design.U0_M0_F0.U0_M0_F0_core.zebu_filter__I_vcs_cdx_s_rw_topu_stb_clk1.zdelay_regFilterPos
#   info :        164 items : design.zkprctrl.wrapper.fib_bridge_rx.u_xst_wrapper_0.socket_lvds_sys_slave_0.u_xst_wrapper_0.socket_lvds_gp_in_0.u_xst_wrapper_0.clk_dv
#   info :         56 items : design.U0_M0_F0.U0_M0_F0_core.u_dut.u_fifo.u0_clkg.zebu_filter_clkout.zdelay_regFilterPos
#   info :          9 items : design.zkprctrl.wrapper.sysclk_mxfx.u_xst_wrapper_0.sysclk_bus_dut_0.x_bufgctrl_ce_fib_clk_hs.u_xst_wrapper_0.O (BUFG)
#   info :          7 items : design.zkprctrl.wrapper.fib_bridge_rx.u_xst_wrapper_0.socket_lvds_sys_slave_0.u_xst_wrapper_0.socket_lvds_gp_in_0.u_xst_wrapper_0.clk_hs
#   info :          2 items : design.zkprctrl.wrapper.sysclk_mxfx.u_xst_wrapper_0.sysclk_idly_0.x_bufgctrl_3.u_xst_wrapper_0.O (BUFG)
#   info :          2 items : design.zkprctrl.wrapper.sysclk_mxfx.u_xst_wrapper_0.sysclk_xclk_0.x_bufgctrl_ce_sys_xclk_dv4.u_xst_wrapper_0.O (BUFG)
#   info :          1 items : design.zkprctrl.wrapper.sysclk_mxfx.u_xst_wrapper_0.sysclk_idly_0.x_bufgctrl_1.u_xst_wrapper_0.O (BUFG)
#   info :          1 items : design.zkprctrl.wrapper.sysclk_mxfx.u_xst_wrapper_0.sysclk_xclk_0.x_bufgctrl_ce_sys_xclk.u_xst_wrapper_0.O (BUFG)
#   info :          1 items : design.zkprctrl.wrapper.sysclk_mxfx.u_xst_wrapper_0.sysclk_xclk2_0.x_bufgctrl_ce_sys_xclk.u_xst_wrapper_0.O (BUFG)
#   info :          1 items : design.zkprctrl.wrapper.sysclk_mxfx.u_xst_wrapper_0.sysclk_xclk2_0.x_bufgctrl_ce_sys_xclk_dv4.u_xst_wrapper_0.O (BUFG)
#   info :          1 items : design.zkprctrl.mxfcmxfx_sys_xclk2_zpt_xbuf
#   info :          1 items : design.zkprctrl.mxfcmxfx_sys_xclk_zpt_xbuf
#   info :          1 items : design.zkprctrl.wrapper.sysclk_mxfx.u_xst_wrapper_0.sysclk_bus_dut_0.x_bufgctrl_ce_fib_clko.u_xst_wrapper_0.O (BUFG)
#   info :          1 items : design.zkprctrl.wrapper.sysclk_mxfx.u_xst_wrapper_0.sysclk_bus_dut_0.pll_fb
#   info :          1 items : design.zkprctrl.wrapper.sysclk_mxfx.u_xst_wrapper_0.sysclk_idly_0.pll_fb
#   info :          1 items : design.zkprctrl.wrapper.sysclk_mxfx.u_xst_wrapper_0.sysclk_xclk2_0.pll_fb
#   info :          1 items : design.zkprctrl.wrapper.sysclk_mxfx.u_xst_wrapper_0.sysclk_xclk_0.pll_fb
#   info :          0 items : design.zkprctrl.wrapper.sysclk_mxfx.u_xst_wrapper_0.sysclk_bus_dut_0.pll_clkout0
#   info : #    warning: potential clock skew with buffer 'bufgctrl' design.zkprctrl.wrapper.sysclk_mxfx.u_xst_wrapper_0.sysclk_bus_dut_0.x_bufgctrl_ce_fib_clk.u_xst_wrapper_0.virtex7_bufgctrl_0
#   info :          0 items : design.zkprctrl.wrapper.sysclk_mxfx.u_xst_wrapper_0.sysclk_bus_dut_0.pll_clkout1
#   info : #    warning: potential clock skew with buffer 'bufgctrl' design.zkprctrl.wrapper.sysclk_mxfx.u_xst_wrapper_0.sysclk_bus_dut_0.x_bufgctrl_ce_fib_clk_hs.u_xst_wrapper_0.virtex7_bufgctrl_0
#   info :          0 items : design.zkprctrl.wrapper.sysclk_mxfx.u_xst_wrapper_0.sysclk_bus_dut_0.pll_clkout2
#   info : #    warning: potential clock skew with buffer 'bufgctrl' design.zkprctrl.wrapper.sysclk_mxfx.u_xst_wrapper_0.sysclk_bus_dut_0.x_bufgctrl_ce_fib_clko.u_xst_wrapper_0.virtex7_bufgctrl_0
#   info :          0 items : design.zkprctrl.wrapper.sysclk_mxfx.u_xst_wrapper_0.sysclk_bus_dut_0.pll_clkout3
#   info : #    warning: potential clock skew with buffer 'bufgctrl' design.zkprctrl.wrapper.sysclk_mxfx.u_xst_wrapper_0.sysclk_bus_dut_0.x_bufgctrl_ce_srb_clk.u_xst_wrapper_0.virtex7_bufgctrl_0
#   info :          0 items : design.zkprctrl.wrapper.sysclk_mxfx.u_xst_wrapper_0.sysclk_idly_0.clka1d2
#   info : #    warning: potential clock skew with buffer 'bufgctrl' design.zkprctrl.wrapper.sysclk_mxfx.u_xst_wrapper_0.sysclk_idly_0.x_bufgctrl_1.u_xst_wrapper_0.virtex7_bufgctrl_0
#   info :          0 items : design.zkprctrl.wrapper.sysclk_mxfx.u_xst_wrapper_0.sysclk_idly_0.clka1d4
#   info : #    warning: potential clock skew with buffer 'bufgctrl' design.zkprctrl.wrapper.sysclk_mxfx.u_xst_wrapper_0.sysclk_idly_0.x_bufgctrl_2.u_xst_wrapper_0.virtex7_bufgctrl_0
#   info :          0 items : design.zkprctrl.wrapper.sysclk_mxfx.u_xst_wrapper_0.sysclk_idly_0.clka1d8
#   info : #    warning: potential clock skew with buffer 'bufgctrl' design.zkprctrl.wrapper.sysclk_mxfx.u_xst_wrapper_0.sysclk_idly_0.x_bufgctrl_3.u_xst_wrapper_0.virtex7_bufgctrl_0
#   info :          0 items : design.zkprctrl.wrapper.sysclk_mxfx.u_xst_wrapper_0.sysclk_xclk2_0.pll_clkout0
#   info : #    warning: potential clock skew with buffer 'bufgctrl' design.zkprctrl.wrapper.sysclk_mxfx.u_xst_wrapper_0.sysclk_xclk2_0.x_bufgctrl_ce_sys_xclk.u_xst_wrapper_0.virtex7_bufgctrl_0
#   info :          0 items : design.zkprctrl.wrapper.sysclk_mxfx.u_xst_wrapper_0.sysclk_xclk2_0.pll_clkout1
#   info : #    warning: potential clock skew with buffer 'bufgctrl' design.zkprctrl.wrapper.sysclk_mxfx.u_xst_wrapper_0.sysclk_xclk2_0.x_bufgctrl_ce_sys_xclk_dv4.u_xst_wrapper_0.virtex7_bufgctrl_0
#   info :          0 items : design.zkprctrl.wrapper.sysclk_mxfx.u_xst_wrapper_0.sysclk_xclk_0.pll_clkout0
#   info : #    warning: potential clock skew with buffer 'bufgctrl' design.zkprctrl.wrapper.sysclk_mxfx.u_xst_wrapper_0.sysclk_xclk_0.x_bufgctrl_ce_sys_xclk.u_xst_wrapper_0.virtex7_bufgctrl_0
#   info :          0 items : design.zkprctrl.wrapper.sysclk_mxfx.u_xst_wrapper_0.sysclk_xclk_0.pll_clkout1
#   info : #    warning: potential clock skew with buffer 'bufgctrl' design.zkprctrl.wrapper.sysclk_mxfx.u_xst_wrapper_0.sysclk_xclk_0.x_bufgctrl_ce_sys_xclk_dv4.u_xst_wrapper_0.virtex7_bufgctrl_0
#   info : 

#   info :    #-------- STUCK clocks

#   info :          2 items : design.zebu_fake_zview.gnd (STUCK)
#   info :          1 items : design.ddr3_ctrl_empty_32x64_0.wrapper.zpl_out_srb_data_rd[1] (STUCK)
#   info :          1 items : design.ddr3_ctrl_empty_32x64_1.wrapper.zpl_out_srb_data_rd[1] (STUCK)
#   info :          1 items : design.ckpad_AB40.wrapper.x_idelay_0.u_xst_wrapper_0.N0 (STUCK)
#   info :          1 items : design.ckpad_AC39.wrapper.x_idelay_0.u_xst_wrapper_0.N0 (STUCK)
#   info :          1 items : design.ckpad_AC41.wrapper.x_idelay_0.u_xst_wrapper_0.N0 (STUCK)
#   info :          1 items : design.ckpad_AD41.wrapper.x_idelay_0.u_xst_wrapper_0.N0 (STUCK)
#   info :          1 items : design.ckpad_AE42.wrapper.x_idelay_0.u_xst_wrapper_0.N0 (STUCK)
#   info :          1 items : design.zMem_multiport_FROM_clk_100_zMem_multiport_TO_clk_100_.gnd (STUCK)
#   info :          1 items : design.zMem_multiport_FROM_clk_200_zMem_multiport_TO_clk_200_.gnd (STUCK)
#   info :          1 items : design.zMem_multiport_FROM_clk_25_zMem_multiport_TO_clk_25_.gnd (STUCK)
#   info :          1 items : design.zMem_multiport_FROM_clk_50_zMem_multiport_TO_clk_50_.gnd (STUCK)
#   info :          1 items : design.zMem_multiport_FROM_zMem_multiport_TO_.gnd (STUCK)
#   info :          1 items : design.zebu_fake_ztig.gnd (STUCK)
#   info : 


#   info : # clock buffer list:
#   info : #        bufg   design.zkprctrl.wrapper.sysclk_mxfx.u_xst_wrapper_0.sysclk_idly_0.bufg_0     net: design.zpl_wr_zkprctrlsys_idel_clk
#   info : #        bufg   design.U0_M0_F0.zbufg_zebu_zdly_z_dclk_delay_12524327392187371745     net: design.U0_M0_F0.zebu_zdly_z_dclk_delay_12524327392187371745
#   info : #        bufg   design.U0_M0_F0.zbufg_zcgen_w_zcg_compositeClock     net: design.zpad_dut_clk
#   info : #        bufg   design.U0_M0_F0.zbufg_zcgen_w_zcg_filterClock     net: design.U0_M0_F0.zcgen_w_zcg_filterClock

#   info : # 4 clock buffer(s) found

   ##############################################
   # 8.1 FPGA STATS
   ##############################################
#   step STATS :  ----------------------------------------------------------------------------------------------------------------------------------------------------------------------------------------------------------------------------------------------------------------------------------------------
#   step STATS :  |                 reg |                 lut |                bram |                uram |             memsize |              m18x18 |                bufg |                buft |               nbI/O |                nbBB |                nbZV |                nbME |               dsp48 || name
#   step STATS :  ----------------------------------------------------------------------------------------------------------------------------------------------------------------------------------------------------------------------------------------------------------------------------------------------
#   step STATS :  |                1868 |                1146 |                   2 |                   0 |               65536 |                   0 |                  15 |                  16 |                1162 |                  76 |                   0 |                   0 |                   0 || design
#   step STATS :  ----------------------------------------------------------------------------------------------------------------------------------------------------------------------------------------------------------------------------------------------------------------------------------------------
#   step STATS :  ----------------------------------------------------------------------------------------------------------------------------------------------------------------------------------------------------------------------------------------------------------------------------------------------
#   step STATS :  |                 reg |                 lut |                bram |                uram |             memsize |              m18x18 |                bufg |                buft |               nbI/O |                nbBB |                nbZV |                nbME |               dsp48 || name
#   step STATS :  ----------------------------------------------------------------------------------------------------------------------------------------------------------------------------------------------------------------------------------------------------------------------------------------------
#   step STATS :  |                 952 |                 267 |                   0 |                   0 |                   0 |                   0 |                   0 |                   0 |                  56 |                  76 |                   0 |                   0 |                   0 || design.U0_M0_F0.U0_M0_F0_core
#   step STATS :  ----------------------------------------------------------------------------------------------------------------------------------------------------------------------------------------------------------------------------------------------------------------------------------------------
   ##############################################
   # 3.12 MANIPULATION OF MUXCY/XORCY
   ##############################################
#   step UNIQUIFY : Netlist with Top 'design'
#   step UNIQUIFY : 0 modules created
#   step instr_muxcy_xorcy : 0 muxcy chains broken because of size greater then 73
#   step query_undriven_nets : Found 2 undriven nets in the netlist.
#   step query_undriven_nets : Found 0 undriven pins in the netlist.
#   step query_undriven_nets : See './fpga_reports/zNetgen/undriven_nets_and_pins.rpt.gz' report for additional information regarding undriven elements in the netlist.
##############################################
# 7 CONSISTENCY CHECK
##############################################
#   step Consistency Check : Performing consistency check on the netlist
   ##############################################
   # 3.18 VD
   ##############################################
#   step NtgTclReportNetlistMetric : The netlist resource usage has been written into fpga_data.info with mode:zNetgen_before_DAP.
#   step Property DB : writing property DB into file 'zNetgen_property.db'
#   step CLUSTER_SPLIT : ZEBU_MDTMX_USE is not used
#   step CLUSTER_SPLIT : ZEBU_MDTMX_SOFT_USE is not used
#   step CLUSTER_SPLIT : ZEBU_MDTMX_PARTONLY is not used
#   step CLUSTER_SPLIT : ZEBU_MDTMX_FORCE_PDM is not used
#   step CLUSTER_SPLIT : Applying FLOW_NA
#   step CLUSTER_SPLIT : DAP engine: default - softDAP is not used
#   step CLUSTER_SPLIT : DAP mode: default
#   step CLUSTER_SPLIT : ZEBU_POST_OPT_FILTER is not used (Option is 0).
#   step UNIQUIFY : Netlist with Top 'design'
#   step UNIQUIFY : 0 modules created
#   step $DUMPVARS : Starting $dumpvar/dpi/ccall postprocessing.
#   step $DUMPVARS : Configuring for Virtex V7, waveform capture gen2.
#   step $DUMPVARS : 6 Logical $dumpvar/dpi/ccall were mapped on 6 physical High Speed packets.
#   step $DUMPVARS : $dumpvar/dpi/ccall processing done: to dump 153 signals, 6 logical groups were mapped on 6 physical groups.
#   step $DUMPVARS : 0 Logical $dumpvar/dpi/ccall were mapped on 0 physical Qiwc packets.
#   step $DUMPVARS : $dumpvar/dpi/ccall processing done: to dump 0 signals, 0 logical groups were mapped on 0 physical groups.
#   step $DUMPVARS : 0 Logical $dumpvar/dpi/ccall were mapped on 0 physical Toggle Activity packets.
#   step $DUMPVARS : $dumpvar/dpi/ccall processing done: to dump 0 signals, 0 logical groups were mapped on 0 physical groups.
#   step $DUMPVARS : $dumpvar/dpi/ccall processing done: to dump 0 signals, 0 logical groups were mapped on 0 physical groups.
#   step $DUMPVARS : 0 attributes cleaned-up.
#   step STATS :  ----------------------------------------------------------------------------------------------------------------------------------------------------------------------------------------------------------------------------------------------------------------------------------------------
#   step STATS :  |                 reg |                 lut |                bram |                uram |             memsize |              m18x18 |                bufg |                buft |               nbI/O |                nbBB |                nbZV |                nbME |               dsp48 || name
#   step STATS :  ----------------------------------------------------------------------------------------------------------------------------------------------------------------------------------------------------------------------------------------------------------------------------------------------
#   step STATS :  |                   0 |                   0 |                   0 |                   0 |                   0 |                   0 |                   0 |                   0 |                   6 |                   0 |                   0 |                   0 |                   0 || $DUMPVARS
#   step STATS :  ----------------------------------------------------------------------------------------------------------------------------------------------------------------------------------------------------------------------------------------------------------------------------------------------
   ##############################################
   # 3.11 LOCK_SOCKET
   ##############################################
#   step XDC GENERATOR : Writing XDC file 'design_zlcr.zdc.incr_tmp' with 4 constraints
#   step XDC GENERATOR : constraints have changed - regenerate XDC file 'design_zlcr.zdc'
##############################################
# 5 GENERATION
##############################################
##############################################
# 6 CHECK AND FIX NETLIST
##############################################
#   step CHECK_AND_FIX_NETLIST : Performing check and fix for netlist 'zmerge'.
#   step RESOLVE_NAME_CONFLICTS : 0 ports have been renamed.
#   step clean_netlist : cleaning netlist 'zmerge'
#   step XDC GENERATOR : Writing XDC file 'design_fw.zdc' with 191 constraints
#   step XDC GENERATOR : Writing XDC file 'design_bufg.zdc' with 14 constraints
#   step SERIALIZE : writing netlist 'zmerge' into znl file './fpga_reports/zNetgen/design_db.znf'
#   step SERIALIZE : #bytes in: 3696047, #bytes out: 727686, compression ratio: 5.079178
##############################################
# 7 VIVADO WA
##############################################
#   step aggregate_topgnd : # info : Found 547449 design IO ports on GND. 1095 new GND driver created
# Checkin RAMB16
   ##############################################
   # 7 CLEAN PROPERTIES
   ##############################################
##############################################
# 8 STATS AND INFOS
##############################################
   ##############################################
   # .0 BLACKBOXES
   ##############################################
#   step show_black_box : Searching blackbox in module 'design' :
#   step show_black_box : Number of blackbox found : 0.
      ##############################################
      # 8.1  STATS
      ##############################################
#   step FPGA STATS : xilinx primitives
#   step FPGA STATS :         1182 gnd
#   step FPGA STATS :          501 fd
#   step FPGA STATS :          398 lut2
#   step FPGA STATS :          375 ld
#   step FPGA STATS :          214 fdc
#   step FPGA STATS :          203 muxcy
#   step FPGA STATS :          199 fdre
#   step FPGA STATS :          195 fde
#   step FPGA STATS :          178 lut4
#   step FPGA STATS :          178 lut3
#   step FPGA STATS :          172 lut6
#   step FPGA STATS :          152 lut1
#   step FPGA STATS :          123 fdce
#   step FPGA STATS :          103 xorcy
#   step FPGA STATS :           81 lut5
#   step FPGA STATS :           71 vcc
#   step FPGA STATS :           68 fds
#   step FPGA STATS :           65 fdp
#   step FPGA STATS :           53 obuf
#   step FPGA STATS :           46 fdse
#   step FPGA STATS :           41 fd_1
#   step FPGA STATS :           40 carry4
#   step FPGA STATS :           32 or3
#   step FPGA STATS :           31 and2
#   step FPGA STATS :           25 fdr
#   step FPGA STATS :           18 ram256x1s
#   step FPGA STATS :           17 ibufds
#   step FPGA STATS :           16 iobuf
#   step FPGA STATS :           13 obufds
#   step FPGA STATS :           13 fdpe
#   step FPGA STATS :           11 bufgctrl
#   step FPGA STATS :            7 oserdese2
#   step FPGA STATS :            7 muxf7
#   step FPGA STATS :            7 iserdese2
#   step FPGA STATS :            7 idelaye2
#   step FPGA STATS :            5 iodelay
#   step FPGA STATS :            4 xor2
#   step FPGA STATS :            4 mmcme2_base
#   step FPGA STATS :            4 bufg
#   step FPGA STATS :            3 oddr
#   step FPGA STATS :            2 ramb36_exp
#   step FPGA STATS :            2 muxcy_l
#   step FPGA STATS :            2 fdrs
#   step FPGA STATS :            1 sysmon
#   step FPGA STATS :            1 startupe2
#   step FPGA STATS :            1 muxf8
#   step FPGA STATS :            1 ld_1
#   step FPGA STATS :            1 idelayctrl
#   step FPGA STATS :            1 capturee2
#   step FPGA STATS :            1 bufr
#   step FPGA STATS :            1 bufio
#   step FPGA STATS : hierachic instances
#   step FPGA STATS : 
#   step FPGA STATS : This fpga has an interface of 1 wires (0 recv_out, recv_out_fast, recv_out_direct and 1 send_in, send_in_fast, send_in_direct)
#   step FPGA STATS : 
#   step FPGA STATS : +---------------------------+-----------+-----------+--------+--------+--------+--------+---------+-----+-----+-----+-----+-----+-----+-----+-----+------+------+
#   step FPGA STATS : |                         1 |         2 |         3 |      4 |      5 |      6 |      7 |       8 |   9 |  10 |  11 |  12 |  13 |  14 |  15 |  16 |   17 |   18 |
#   step FPGA STATS : +---------------------------+-----------+-----------+--------+--------+--------+--------+---------+-----+-----+-----+-----+-----+-----+-----+-----+------+------+
#   step FPGA STATS : |  socket_00_00_00_08(LVDS) | U0/M0/F00 | U0/M0/F08 |      0 |      1 |      0 |      0 |    1/24 |   0 |   1 |   0 |   0 |   1 |   1 |   1 |   1 |    0 |    0 |
#   step FPGA STATS : +---------------------------+-----------+-----------+--------+--------+--------+--------+---------+-----+-----+-----+-----+-----+-----+-----+-----+------+------+
#   step FPGA STATS : 1  => socket name
#   step FPGA STATS : 2  => fpga from
#   step FPGA STATS : 3  => fpga to
#   step FPGA STATS : 4  => design wire out with xdr
#   step FPGA STATS : 5  => design wire out with sdr
#   step FPGA STATS : 6  => design wire in with xdr
#   step FPGA STATS : 7  => design wire in with sdr
#   step FPGA STATS : 8  => physical wire used/physical wire total
#   step FPGA STATS : 9  => physical wire used out with xdr
#   step FPGA STATS : 10  => physical wire used out with sdr
#   step FPGA STATS : 11  => physical wire used in with xdr
#   step FPGA STATS : 12  => physical wire used in with sdr
#   step FPGA STATS : 13  => min xdr out
#   step FPGA STATS : 14 => max xdr out
#   step FPGA STATS : 15 => min xdr in
#   step FPGA STATS : 16 => max xdr in
#   step FPGA STATS : 17 => Available slot out
#   step FPGA STATS : 18 => Available slot in
#   step FPGA STATS : 
#   step FPGA STATS : Number of Flip Flop Or Latches controls set (ce, s, r, pre, clr, ge) : 101 
#   step FPGA STATS : 
#   step FPGA STATS : Number of Synchronous Elements controls set (ce, s, r, pre, ge, clr, we, clk) : 154 
#   step FPGA STATS : 
#   step FPGA STATS : Number of Synchronous Elements controls set with Ise approximation used (ce, s, r, pre, clr. clk) : 66 
#   step FPGA STATS : 
      ##############################################
      # 8.1 SUBSYSTEM STATS
      ##############################################
#   step NtgTclTDMRegMarking : Setting inter-die TDM properties ZDEL(367 new, 0 existed) and DUT(880 new, 0 existed) on registers.
#   step NtgTclTDMRegMarking : inserted 1247 inter-die TDM properties in total.

#   step FalsePathFeedThroughInserter : inserted 0 false path feedthrough(s).
#   step NtgTclFilterRegMarking : Setting 0 filter register for replication among 3 total filter registers.
#   step NtgTclFilterRegMarking : Setting 0 LUT1 for replication in Aux --> LUT1(INV) --> LD path.
#   step NtgTclReportNetlistMetric : The netlist resource usage has been written into fpga_data.info with mode:zNetgen_after_DAP.
#   step NtgTclTDMRegMarking : Sanity check PASS, no duplicated attribute found on primitives.
#   step INSTPORTATTR : EDIF driver: Duplicated 24 instance port attributes
#   step EDIF GENERATOR : writing netlist 'clean_properties' into EDIF file 'design.edf.gz'
#   step extract : Extract ZEBU_VIVADO_STOP_TIMING attributes
### warning in Extract vivado stop timing informations [CCC0521W] : Port 'I' on Instance 'design.U0_M0_F0.U0_M0_F0_core.u_stb.inv4' cannot be found, please check the netlist for more informations.
### warning in Extract vivado stop timing informations [CCC0521W] : Port 'I' on Instance 'design.U0_M0_F0.U0_M0_F0_core.u_stb.inv4' cannot be found, please check the netlist for more informations.
#   step xdlExtract : Extract XDL Names

#   exec summary :    3 warnings,    0 syntax errors,    0 fatal errors,    0 internal errors
#   exec summary : user 0m34.93s, sys 0m1.164s
#   exec summary : Total memory: 2189456 kB - RSS memory: 1807232 kB - Data memory: 1820908 kB
#   exec summary : Successful execution

# end time is Wed May  1 16:05:06 2024
#   step GENERATE_DESIGN_INFO :  design_info.mk file generated

real	1m2.489s
user	0m34.129s
sys	0m1.333s




time xdc_sorter -i design_zpar.zdc design_fw.zdc design_zlcr.zdc design_bufg.zdc resyn_constr.zdc design_fwc.zdc -o design.xdc
time  /opt/coe/synopsys/zebu/Q-2020.03-SP1-4/etc/ise/xdc_sorter -i design_zpar.zdc design_fw.zdc design_zlcr.zdc design_bufg.zdc resyn_constr.zdc design_fwc.zdc -o design.xdc
 ---------------------------------- 
|   xdc_sorter v3.3 (09/24/2021)   |
|                                  |
|            SEV - 2021            |
 ---------------------------------- 

Reading XDC files... 
-> Reading design_zpar.zdc... OK
-> Reading design_fw.zdc... OK
-> Reading design_zlcr.zdc... OK
-> Reading design_bufg.zdc... OK
-> Reading resyn_constr.zdc... OK
-> Reading design_fwc.zdc... OK

Generating sorted XDC file... OK

[INFO] Sorting accomplished succesfully :
=> design.xdc (196 constraints)
1.15user 3.10system 0:03.92elapsed 108%CPU (0avgtext+0avgdata 1716maxresident)k
8inputs+432outputs (0major+702898minor)pagefaults 0swaps
cat: md5sum.txt: No such file or directory
cat: md5sum.txt: No such file or directory
/bin/sh: /READ//cache_read_write.sh: No such file or directory



##########################################################################
##                              STEP VIVADO                             ##
##########################################################################
# Vivado DCP Temp Dir: tmp_dcp
vivado start time: 1714597519
WARNING: Default location for XILINX_VIVADO_HLS not found: 

****** Vivado v2019.1_EP06_159265 (64-bit)
  **** SW Build (by stepheny) on Fri Oct 11 16:37:07 PDT 2019
  **** IP Build 2548770 on Wed May 29 13:01:34 MDT 2019
    ** Copyright 1986-2019 Xilinx, Inc. All Rights Reserved.

INFO: [Common 17-1239] XILINX_LOCAL_USER_DATA is set to 'no'.
Sourcing tcl script '/opt/coe/synopsys/zebu/Q-2020.03-SP1-4/vivado/scripts/Vivado_init.tcl'
source /opt/coe/synopsys/zebu/Q-2020.03-SP1-4/etc/vivado_v7/compil_vivado_v7.tcl -notrace
[SW_FPGA] - INFO : Loading zebu_fpga_compile_env.tcl
[SW_FPGA] - INFO : Loading vivado_common_pkg.tcl
[SW_FPGA] - INFO : Loading vivado_proc_pkg.tcl
[SW_FPGA] - INFO : Loading vivado_reports_pkg.tcl
[SW_FPGA] - INFO : Loading vivado_v7_pkg.tcl
[SW_FPGA] - INFO : Loading triton_common_pkg.tcl

[SW_FPGA] - INFO : Generating XDC WA for Vivado V7 Link_design

[SW_FPGA] - INFO : Vivado Parameters used 
VIVADO_ROUTE_DESIGN_OPTIONS=-directive Default
VIVADO_ENABLE_SINGLE_MACHINE_MPF=0
VIVADO_PLACE_DESIGN_OPTIONS=-directive SSI_HighUtilSLRs
VIVADO_OPT_DESIGN_OPTIONS=-directive Default
VIVADO_ENABLE_MULTI_MACHINE_MPF=0

[SW_FPGA] - INFO : top fpga name is: fx_top
[SW_FPGA] - INFO : bitgen options sets [-w -g DriveDONE:Yes -g persist:x32 -g StartUpClk:CCLK -g OverTempPowerDown:Enable] 
0 Beta devices matching pattern found, 0 enabled.
[SW_FPGA] - INFO : Default Vivado params loaded
[SW_FPGA] - INFO : Disable place.autoLaguna
[SW_FPGA] - INFO : place.opportunisticLagunaRegUse  false
[SW_FPGA] - INFO : physynth.enableLagunaSites  false
[SW_FPGA] - INFO : physynth.slrCrossingOptTnsInExplore false
[SW_FPGA] - INFO : VIVADO_FORCE_REPLICATION=ON
[SW_FPGA] - INFO : Default Vivado message config loaded
[SW_FPGA] - INFO : FPGA (FX)=F00 is being compiled
[SW_FPGA] - INFO : Advanced Vivado Debug parameters [Enabled]
[SW_FPGA] - INFO : Vivado params selectable: Delete Empty Hierarchy with Dont touch => [enabled]
[SW_FPGA] - hw_type is v7
[SW_FPGA] - INFO : Vivado params selectable: Multithreading value = 4
[SW_FPGA] - INFO : Vivado params selectable: Global Hold Iter => [enabled]
[SW_FPGA] - INFO : Vivado params selectable: route SLL Assignment  => [enabled]
[SW_FPGA] - INFO : Vivado params selectable: place_design BUFG insertion in 2017.3  => [enabled]
[SW_FPGA] - INFO : elapsed time of the procedure zVivado_set_options_variable 1 mins
[SW_FPGA] - INFO : Extra BUFG Insertion by Vivado [disabled]

[SW_FPGA] - INFO : Sources files loading ...


[SW_FPGA]: Link design
Command: link_design -top fx_top -part xc7v2000tflg1925-1
Design is defaulting to srcset: sources_1
Design is defaulting to constrset: constrs_1
INFO: [Device 21-403] Loading part xc7v2000tflg1925-1
Parsing EDIF File [./design.edf]
Finished Parsing EDIF File [./design.edf]
INFO: [Project 1-454] Reading design checkpoint '/home/faculty/d/davidkebo/davidkebo/csce689/labs/lab-4-shell/zebu/zcui.work/backend_default/U0/M0/F00.L6/vd_top.dcp' for cell 'vd_top'
INFO: [Project 1-454] Reading design checkpoint '/home/faculty/d/davidkebo/davidkebo/csce689/labs/lab-4-shell/zebu/zcui.work/backend_default/U0/M0/F00.L6/vde_mon_top.dcp' for cell 'vde_mon_top'
INFO: [Project 1-454] Reading design checkpoint '/home/faculty/d/davidkebo/davidkebo/csce689/labs/lab-4-shell/zebu/zcui.work/backend_default/U0/M0/F00.L6/fwc_ip_hs_cluster_32.dcp' for cell 'wc_ip_top/wrapper/fwc_ip_hs_cluster_32[0]'
INFO: [Project 1-454] Reading design checkpoint '/home/faculty/d/davidkebo/davidkebo/csce689/labs/lab-4-shell/zebu/zcui.work/backend_default/U0/M0/F00.L6/qiwc_ip_cluster.dcp' for cell 'wc_ip_top/wrapper/qiwc_ip_cluster'
INFO: [Netlist 29-17] Analyzing 4848 Unisim elements for replacement
INFO: [Netlist 29-28] Unisim Transformation completed in 0 CPU seconds
INFO: [Project 1-479] Netlist was created with Vivado 2017.1_AR69152
INFO: [Project 1-570] Preparing netlist for logic optimization
Parsing XDC File [/home/faculty/d/davidkebo/davidkebo/csce689/labs/lab-4-shell/zebu/zcui.work/backend_default/U0/M0/F00.L6/no_dont_touch.xdc]
Finished Parsing XDC File [/home/faculty/d/davidkebo/davidkebo/csce689/labs/lab-4-shell/zebu/zcui.work/backend_default/U0/M0/F00.L6/no_dont_touch.xdc]
Netlist sorting complete. Time (s): cpu = 00:00:00.01 ; elapsed = 00:00:00.01 . Memory (MB): peak = 3458.496 ; gain = 0.000 ; free physical = 136848 ; free virtual = 157216
INFO: [Project 1-111] Unisim Transformation Summary:
  A total of 2696 instances were transformed.
  (MUXCY,XORCY) => CARRY4: 68 instances
  AND2 => LUT2: 31 instances
  FD => FDRE: 501 instances
  FDC => FDCE: 214 instances
  FDE => FDRE: 195 instances
  FDP => FDPE: 65 instances
  FDR => FDRE: 25 instances
  FDRS => FDRS (FDRE, LUT2, VCC): 2 instances
  FDS => FDSE: 68 instances
  FD_1 => FDRE (inverted pins: C): 41 instances
  IOBUF => IOBUF (IBUF, OBUFT): 16 instances
  IODELAY => IDELAYE2: 5 instances
  LD => LDCE: 375 instances
  LD_1 => LDCE (inverted pins: G): 1 instances
  MMCME2_BASE => MMCME2_ADV: 4 instances
  OBUFDS => OBUFDS_DUAL_BUF (INV, OBUFDS, OBUFDS): 4 instances
  OR3 => LUT3: 32 instances
  RAM256X1S => RAM256X1S (MUXF7, MUXF7, MUXF8, RAMS64E, RAMS64E, RAMS64E, RAMS64E): 18 instances
  RAM32X1S => RAM32X1S (RAMS32): 1024 instances
  RAMB36_EXP => RAMB36E1: 2 instances
  SYSMON => XADC: 1 instances
  XOR2 => LUT2: 4 instances

11 Infos, 0 Warnings, 0 Critical Warnings and 0 Errors encountered.
link_design completed successfully
link_design: Time (s): cpu = 00:01:08 ; elapsed = 00:01:21 . Memory (MB): peak = 3458.496 ; gain = 1976.445 ; free physical = 136844 ; free virtual = 157211
INFO: [Common 17-600] The following parameters have non-default value.
general.maxThreads, tcl.collectionResultDisplayLimit, tcl.statsThreshold
[SW_FPGA] - INFO : Link design ended successfully
Parsing XDC File [/home/faculty/d/davidkebo/davidkebo/csce689/labs/lab-4-shell/zebu/zcui.work/backend_default/U0/M0/F00.L6/dont_touch.xdc]
Finished Parsing XDC File [/home/faculty/d/davidkebo/davidkebo/csce689/labs/lab-4-shell/zebu/zcui.work/backend_default/U0/M0/F00.L6/dont_touch.xdc]
[SW_FPGA] - INFO : Sources files loaded and linked
[SW_FPGA] - INFO : Vivado message settings set
[SW_FPGA] - INFO : Settings based on environment variables beginning with VIVADO_KNOB_ :




  

#################################################################################
##                 VIVADO : STEP NETLIST_ANALYSIS_PREPROCESSING                ##
#################################################################################
##  phase:linked_analysis  -  Host: csce-quinn-s1.engr.tamu.edu  -  MemFree: 133 GB  -  LoadAverage (5s|5min|15min / NBcpu): 14.68|6.68|2.62 / 40  MemAvail: 149 GB

[SW_FPGA] - INFO : start netlist_analys_preproc phase
netlist_analys_preproc start time: 1714597613
netlist_analys_preproc start date: Wed May 01 16:06:53 CDT 2024



[SW_FPGA] - REPORTS : running zVreports_fpgaIO
  |- Total interface : 1 IO + 0 MGT IO
      |- 0  	 Socket input
      |- 1  	 Socket output
      |- 0  	 MGT_Socket input
      |- 0 	 MGT_Socket output
           |- MGT version: GT_GP

[SW_FPGA] - REPORTS : running zVreports_fpgaIO_distribution target=V7
+----------------------------------++-----------------------------+
| bank 22 | R=0     | S=0          || bank 42 | R=0     | S=0     |
| bank 21 | R=0     | S=0          || bank 41 | R=0     | S=0     |
| bank 20 | R=0     | S=0          || bank 40 | R=0     | S=1     |
+----------------------------------++-----------------------------+
| bank 19 | R=0     | S=0          || bank 39 | R=0     | S=0     |
| bank 18 | R=0     | S=0          || bank 38 | R=0     | S=0     |
| bank 17 | R=0     | S=0          || bank 37 | R=0     | S=0     |
+----------------------------------++-----------------------------+
| bank 16 | R=0     | S=0          || bank 36 | R=0     | S=0     |
| bank 15 | R=0     | S=0          || bank 35 | R=0     | S=0     |
| bank 14 | R=0     | S=0          || bank 34 | R=0     | S=0     |
+----------------------------------++-----------------------------+
| bank 13 | R=0     | S=0          || bank 33 | R=0     | S=0     |
| bank 12 | R=0     | S=0          || bank 32 | R=0     | S=0     |
| bank 11 | R=0     | S=0          || bank 31 | R=0     | S=0     |
+----------------------------------++-----------------------------+

[SW_FPGA] - REPORTS : running zVreports_zview
  |- 51 zview cells
  |- 144 FF cells as zview
       |- 0 FF cells as zview in sockets
  |- Total = 195 cells used

[SW_FPGA] - REPORTS : running pVivado_check_zpv_data
  |- 151 fwc
  |- 0 qiwc

[SW_FPGA] - REPORTS : running zVreports_BUFG_pins @ phase: linked

design/U0_M0_F0/zbufg_zcgen_w_zcg_compositeClock
      +---------+---------+---------+---------+---------+---------+---------+---------+---------+---------+---------+
      |  TOTAL  | clock C | clock G | clk RAMB| clk IO  | clk DIV |   set   | preset  |  reset  | enable  |  data   |
      +---------+---------+---------+---------+---------+---------+---------+---------+---------+---------+---------+
      | 12486   | 12486   | 0       | 0       | 0       | 0       | 0       | 0       | 0       | 0       | 0       |
      +---------+---------+---------+---------+---------+---------+---------+---------+---------+---------+---------+

design/U0_M0_F0/zbufg_zcgen_w_zcg_filterClock
      +---------+---------+---------+---------+---------+---------+---------+---------+---------+---------+---------+
      |  TOTAL  | clock C | clock G | clk RAMB| clk IO  | clk DIV |   set   | preset  |  reset  | enable  |  data   |
      +---------+---------+---------+---------+---------+---------+---------+---------+---------+---------+---------+
      | 45      | 44      | 1       | 0       | 0       | 0       | 0       | 0       | 0       | 0       | 0       |
      +---------+---------+---------+---------+---------+---------+---------+---------+---------+---------+---------+

design/U0_M0_F0/zbufg_zebu_zdly_z_dclk_delay_12524327392187371745
      +---------+---------+---------+---------+---------+---------+---------+---------+---------+---------+---------+
      |  TOTAL  | clock C | clock G | clk RAMB| clk IO  | clk DIV |   set   | preset  |  reset  | enable  |  data   |
      +---------+---------+---------+---------+---------+---------+---------+---------+---------+---------+---------+
      | 373     | 0       | 373     | 0       | 0       | 0       | 0       | 0       | 0       | 0       | 0       |
      +---------+---------+---------+---------+---------+---------+---------+---------+---------+---------+---------+

design/zkprctrl/wrapper/sysclk_mxfx/u_xst_wrapper_0/sysclk_bus_dut_0/x_bufgctrl_ce_fib_clk/u_xst_wrapper_0/virtex7_bufgctrl_0
      +---------+---------+---------+---------+---------+---------+---------+---------+---------+---------+---------+
      |  TOTAL  | clock C | clock G | clk RAMB| clk IO  | clk DIV |   set   | preset  |  reset  | enable  |  data   |
      +---------+---------+---------+---------+---------+---------+---------+---------+---------+---------+---------+
      | 826     | 799     | 0       | 20      | 0       | 7       | 0       | 0       | 0       | 0       | 0       |
      +---------+---------+---------+---------+---------+---------+---------+---------+---------+---------+---------+

design/zkprctrl/wrapper/sysclk_mxfx/u_xst_wrapper_0/sysclk_bus_dut_0/x_bufgctrl_ce_fib_clk_hs/u_xst_wrapper_0/virtex7_bufgctrl_0
      +---------+---------+---------+---------+---------+---------+---------+---------+---------+---------+---------+
      |  TOTAL  | clock C | clock G | clk RAMB| clk IO  | clk DIV |   set   | preset  |  reset  | enable  |  data   |
      +---------+---------+---------+---------+---------+---------+---------+---------+---------+---------+---------+
      | 9       | 2       | 0       | 0       | 7       | 0       | 0       | 0       | 0       | 0       | 0       |
      +---------+---------+---------+---------+---------+---------+---------+---------+---------+---------+---------+

design/zkprctrl/wrapper/sysclk_mxfx/u_xst_wrapper_0/sysclk_bus_dut_0/x_bufgctrl_ce_fib_clko/u_xst_wrapper_0/virtex7_bufgctrl_0

design/zkprctrl/wrapper/sysclk_mxfx/u_xst_wrapper_0/sysclk_bus_dut_0/x_bufgctrl_ce_srb_clk/u_xst_wrapper_0/virtex7_bufgctrl_0
      +---------+---------+---------+---------+---------+---------+---------+---------+---------+---------+---------+
      |  TOTAL  | clock C | clock G | clk RAMB| clk IO  | clk DIV |   set   | preset  |  reset  | enable  |  data   |
      +---------+---------+---------+---------+---------+---------+---------+---------+---------+---------+---------+
      | 2474    | 2471    | 0       | 1       | 1       | 0       | 0       | 0       | 0       | 0       | 0       |
      +---------+---------+---------+---------+---------+---------+---------+---------+---------+---------+---------+

design/zkprctrl/wrapper/sysclk_mxfx/u_xst_wrapper_0/sysclk_idly_0/bufg_0
      +---------+---------+---------+---------+---------+---------+---------+---------+---------+---------+---------+
      |  TOTAL  | clock C | clock G | clk RAMB| clk IO  | clk DIV |   set   | preset  |  reset  | enable  |  data   |
      +---------+---------+---------+---------+---------+---------+---------+---------+---------+---------+---------+
      | 97      | 94      | 0       | 0       | 0       | 0       | 0       | 0       | 1       | 0       | 0       |
      +---------+---------+---------+---------+---------+---------+---------+---------+---------+---------+---------+

design/zkprctrl/wrapper/sysclk_mxfx/u_xst_wrapper_0/sysclk_idly_0/x_bufgctrl_1/u_xst_wrapper_0/virtex7_bufgctrl_0

design/zkprctrl/wrapper/sysclk_mxfx/u_xst_wrapper_0/sysclk_idly_0/x_bufgctrl_2/u_xst_wrapper_0/virtex7_bufgctrl_0
      +---------+---------+---------+---------+---------+---------+---------+---------+---------+---------+---------+
      |  TOTAL  | clock C | clock G | clk RAMB| clk IO  | clk DIV |   set   | preset  |  reset  | enable  |  data   |
      +---------+---------+---------+---------+---------+---------+---------+---------+---------+---------+---------+
      | 9759    | 3492    | 0       | 18      | 6249    | 0       | 0       | 0       | 0       | 0       | 0       |
      +---------+---------+---------+---------+---------+---------+---------+---------+---------+---------+---------+

design/zkprctrl/wrapper/sysclk_mxfx/u_xst_wrapper_0/sysclk_idly_0/x_bufgctrl_3/u_xst_wrapper_0/virtex7_bufgctrl_0

design/zkprctrl/wrapper/sysclk_mxfx/u_xst_wrapper_0/sysclk_xclk2_0/x_bufgctrl_ce_sys_xclk/u_xst_wrapper_0/virtex7_bufgctrl_0

design/zkprctrl/wrapper/sysclk_mxfx/u_xst_wrapper_0/sysclk_xclk2_0/x_bufgctrl_ce_sys_xclk_dv4/u_xst_wrapper_0/virtex7_bufgctrl_0

design/zkprctrl/wrapper/sysclk_mxfx/u_xst_wrapper_0/sysclk_xclk_0/x_bufgctrl_ce_sys_xclk/u_xst_wrapper_0/virtex7_bufgctrl_0

design/zkprctrl/wrapper/sysclk_mxfx/u_xst_wrapper_0/sysclk_xclk_0/x_bufgctrl_ce_sys_xclk_dv4/u_xst_wrapper_0/virtex7_bufgctrl_0
[SW_FPGA] - REPORTS : running zVreports_get_CST_fanout > 1000
WARNING: [Vivado 12-1023] No nets matched for command 'get_nets -of_objects [get_pins -of_objects [get_cells * -hier -filter { REF_NAME == GND }] -filter { DIRECTION == OUT }] -filter { FLAT_PIN_COUNT == 1 }'.
   |- GND cells impacted: 4
      |- 10615 	: design/zaddsafe22_GND
      |- 1267 	: wc_ip_top/wrapper/N1
      |- 1409 	: wc_ip_top/wrapper/wc_ctrl_l2/u_xst_wrapper_0/u0_qiwc_fifo_l2_to_pc_0_0/fifo16383x36_fwft_0/N0
      |- 1216 	: wc_ip_top/wrapper/wc_ctrl_l2/u_xst_wrapper_0/wc_ctrl_l2_registers_0/GND_1
   |- VCC cells impacted: 1
      |- 1027 	: wc_ip_top/wrapper/wc_ctrl_l2/u_xst_wrapper_0/wc_ctrl_l2_registers_0/VCC_1


[SW_FPGA] - REPORTS : running zVreports_Primitive_hierarchy
wc_ip_top  : count=56491   ioPort=536765
wc_ip_top/wrapper  : count=56489   ioPort=536861
wc_ip_top/wrapper/fwc_ip_hs_cluster_32[0]  : count=50818   ioPort=12461


[SW_FPGA] - REPORTS : running zVreports_Primitive_hierarchy_zNetgen
    |- file_name = csv/subsystems_ordered_by_norm_design_ZN.csv
    |- module_name=fx_macro_xclk2_DEVICE_7_0  |  REG%=47  |  REG=865  |  LUT%=70  |  LUT%=804  |  IO=0  |  instance=0

[SW_FPGA] - INFO : Check Multidriver Nets
    |- No multi driven nets found

[SW_FPGA] - INFO : Check unconneced LUT inputs pins
    |- No Unconnected lut pins found






  

#################################################################################
##                             VIVADO : STEP READ_CONSTRAINTS                  ##
#################################################################################
##  phase:constraints  -  Host: csce-quinn-s1.engr.tamu.edu  -  MemFree: 132 GB  -  LoadAverage (5s|5min|15min / NBcpu): 15.03|7.02|2.77 / 40  MemAvail: 147 GB

[SW_FPGA] - INFO : start read_constraints phase
read_constraints start time: 1714597624
read_constraints start date: Wed May 01 16:07:04 CDT 2024

[SW_FPGA] - PROC : zVivado_MDTMX_DisableSocketPblock done
Parsing XDC File [/home/faculty/d/davidkebo/davidkebo/csce689/labs/lab-4-shell/zebu/zcui.work/backend_default/U0/M0/F00.L6/design.xdc]
WARNING: [Vivado 12-2489] -period contains time 3.333333 which will be rounded to 3.333 to ensure it is an integer multiple of 1 picosecond [/home/faculty/d/davidkebo/davidkebo/csce689/labs/lab-4-shell/zebu/zcui.work/backend_default/U0/M0/F00.L6/design.xdc:13]
CRITICAL WARNING: [Vivado 12-4739] create_clock:No valid object(s) found for '-objects [get_pins design/zkprctrl/wrapper/sysclk_mxfx/u_xst_wrapper_0/sysclk_xclk2_0/sys_xclk2]'. [/home/faculty/d/davidkebo/davidkebo/csce689/labs/lab-4-shell/zebu/zcui.work/backend_default/U0/M0/F00.L6/design.xdc:17]
Resolution: Check if the specified object(s) exists in the current design. If it does, ensure that the correct design hierarchy was specified for the object. If you are working with clocks, make sure create_clock was used to create the clock object before it is referenced.
CRITICAL WARNING: [Vivado 12-4739] create_clock:No valid object(s) found for '-objects [get_pins design/zkprctrl/wrapper/sysclk_mxfx/u_xst_wrapper_0/sysclk_xclk2_0/sys_xclk2_dv4]'. [/home/faculty/d/davidkebo/davidkebo/csce689/labs/lab-4-shell/zebu/zcui.work/backend_default/U0/M0/F00.L6/design.xdc:18]
Resolution: Check if the specified object(s) exists in the current design. If it does, ensure that the correct design hierarchy was specified for the object. If you are working with clocks, make sure create_clock was used to create the clock object before it is referenced.
INFO: [Timing 38-2] Deriving generated clocks [/home/faculty/d/davidkebo/davidkebo/csce689/labs/lab-4-shell/zebu/zcui.work/backend_default/U0/M0/F00.L6/design.xdc:57]
WARNING: [Vivado 12-627] No clocks matched 'CLK_sys_xclk2'. [/home/faculty/d/davidkebo/davidkebo/csce689/labs/lab-4-shell/zebu/zcui.work/backend_default/U0/M0/F00.L6/design.xdc:62]
WARNING: [Vivado 12-627] No clocks matched 'CLK_sys_xclk2_dv4'. [/home/faculty/d/davidkebo/davidkebo/csce689/labs/lab-4-shell/zebu/zcui.work/backend_default/U0/M0/F00.L6/design.xdc:62]
INFO: [Vivado 12-626] No clocks found. Please use 'create_clock' or 'create_generated_clock' command to create clocks. [/home/faculty/d/davidkebo/davidkebo/csce689/labs/lab-4-shell/zebu/zcui.work/backend_default/U0/M0/F00.L6/design.xdc:62]
CRITICAL WARNING: [Vivado 12-4739] set_clock_groups:No valid object(s) found for '-group [get_clocks -include_generated_clocks {CLK_sys_xclk2 CLK_sys_xclk2_dv4}]'. [/home/faculty/d/davidkebo/davidkebo/csce689/labs/lab-4-shell/zebu/zcui.work/backend_default/U0/M0/F00.L6/design.xdc:62]
Resolution: Check if the specified object(s) exists in the current design. If it does, ensure that the correct design hierarchy was specified for the object. If you are working with clocks, make sure create_clock was used to create the clock object before it is referenced.
CRITICAL WARNING: [Constraints 18-4644] set_clock_groups: All clock groups specified are empty. Please specify atleast one clock group which is not empty. [/home/faculty/d/davidkebo/davidkebo/csce689/labs/lab-4-shell/zebu/zcui.work/backend_default/U0/M0/F00.L6/design.xdc:62]
WARNING: [Vivado 12-507] No nets matched 'wc_ip_top/wrapper/qiwc_ip_cluster/cluster_qiwc_ctrl_dut_event_0[*]/zwc_dut_clk_r'. [/home/faculty/d/davidkebo/davidkebo/csce689/labs/lab-4-shell/zebu/zcui.work/backend_default/U0/M0/F00.L6/design.xdc:83]
CRITICAL WARNING: [Vivado 12-4739] set_max_delay:No valid object(s) found for '-through [get_nets {wc_ip_top/wrapper/qiwc_ip_cluster/cluster_qiwc_ctrl_dut_event_0[*]/zwc_dut_clk_r}]'. [/home/faculty/d/davidkebo/davidkebo/csce689/labs/lab-4-shell/zebu/zcui.work/backend_default/U0/M0/F00.L6/design.xdc:83]
Resolution: Check if the specified object(s) exists in the current design. If it does, ensure that the correct design hierarchy was specified for the object. If you are working with clocks, make sure create_clock was used to create the clock object before it is referenced.
CRITICAL WARNING: [Vivado 12-1433] Expecting a non-empty list of cells to be added to the pblock.  Please verify the correctness of the <cells> argument. [/home/faculty/d/davidkebo/davidkebo/csce689/labs/lab-4-shell/zebu/zcui.work/backend_default/U0/M0/F00.L6/design.xdc:251]
CRITICAL WARNING: [Vivado 12-1433] Expecting a non-empty list of cells to be added to the pblock.  Please verify the correctness of the <cells> argument. [/home/faculty/d/davidkebo/davidkebo/csce689/labs/lab-4-shell/zebu/zcui.work/backend_default/U0/M0/F00.L6/design.xdc:252]
INFO: [Vivado 12-3520] Assignment of 'ser0' to a pblock 'pblock_bk40' means that all children of 'ClockRegion000SD_40B' are in the pblock. Changing the pblock assignment to 'ClockRegion000SD_40B'. [/home/faculty/d/davidkebo/davidkebo/csce689/labs/lab-4-shell/zebu/zcui.work/backend_default/U0/M0/F00.L6/design.xdc:260]
Finished Parsing XDC File [/home/faculty/d/davidkebo/davidkebo/csce689/labs/lab-4-shell/zebu/zcui.work/backend_default/U0/M0/F00.L6/design.xdc]
read_xdc: Time (s): cpu = 00:00:34 ; elapsed = 00:00:34 . Memory (MB): peak = 4300.234 ; gain = 841.738 ; free physical = 141558 ; free virtual = 161925

[SW_FPGA] - INFO : Generating zpar false path constraints
[SW-FPGA] - PROC : called zVreports_zrm



  

#################################################################################
##                             VIVADO : STEP OPT_DESIGN                        ##
#################################################################################
##  phase:opt  -  Host: csce-quinn-s1.engr.tamu.edu  -  MemFree: 146 GB  -  LoadAverage (5s|5min|15min / NBcpu): 14.49|7.93|3.26 / 40  MemAvail: 163 GB

[SW_FPGA] - INFO : start opt_design phase
opt_design start time: 1714597666
opt_design start date: Wed May 01 16:07:46 CDT 2024

[SW_FPGA] - INFO : Vivado opt_design_options [-verbose -directive Default]
Command: opt_design -verbose -directive Default
INFO: [Vivado_Tcl 4-136] Directive used for opt_design is: Default
Attempting to get a license for feature 'Implementation' and/or device 'xc7v2000t'
WARNING: [Common 17-348] Failed to get the license for feature 'Implementation' and/or device 'xc7v2000t'. Explanation: A license feature for Implementation was found but is expired.
Resolution: Check the status of your licenses in the Vivado License Manager. For debug help search Xilinx Support for "Licensing FAQ". 
16 Infos, 7 Warnings, 8 Critical Warnings and 1 Errors encountered.
opt_design failed
ERROR: [Common 17-345] A valid license was not found for feature 'Implementation' and/or device 'xc7v2000t'. Please run the Vivado License Manager for assistance in determining
which features and devices are licensed for your system.
Resolution: Check the status of your licenses in the Vivado License Manager. For debug help search Xilinx Support for "Licensing FAQ". If you are using a license server, verify that the license server is up and running a version of the xilinx daemon that is compatible with the version of Xilinx software that you are using. Please note that Vivado 2017.3 and later requires upgrading your license server tools to the Flex 11.14.1 tools. Please confirm with your license admin that the correct version of the license server tools are installed.



[SW_FPGA] - ERROR : *************************************************
[SW_FPGA] - ERROR : ********* ERROR in opt_design phase  ************
[SW_FPGA] - ERROR : *************************************************
[SW_FPGA] - ERROR : Vivado compilation flow stopped at opt_design phase
[SW_FPGA] - ERROR : *************************************************

[SW_FPGA] - ERROR : ***************************************************
[SW_FPGA] - ERROR : ********* ERROR in opt_design phase  ************
[SW_FPGA] - ERROR : ***************************************************
[SW_FPGA] - ERROR : Vivado compilation flow stopped at opt_design phase





Copyright 1986-2019 Xilinx, Inc. All Rights Reserved.
----------------------------------------------------------------------------------------------------------------
| Tool Version : Vivado v.2019.1_EP06_159265 (lin64) Build 0 Fri Oct 11 16:37:07 PDT 2019
| Date         : Wed May  1 16:07:48 2024
| Host         : csce-quinn-s1.engr.tamu.edu running 64-bit Red Hat Enterprise Linux Server release 7.9 (Maipo)
| Command      : report_utilization
| Design       : fx_top
| Device       : 7v2000tflg1925-1
| Design State : Synthesized
----------------------------------------------------------------------------------------------------------------

Utilization Design Information

Table of Contents
-----------------
1. Slice Logic
1.1 Summary of Registers by Type
2. Memory
3. DSP
4. IO and GT Specific
5. Clocking
6. Specific Feature
7. Primitives
8. Black Boxes
9. Instantiated Netlists
10. SLR Connectivity and Clocking Utilization
11. SLR Connectivity Matrix
12. SLR Slice Logic and Dedicated Block Utilization
13. SLR IO Utilization

1. Slice Logic
--------------

+----------------------------+-------+-------+-----------+-------+
|          Site Type         |  Used | Fixed | Available | Util% |
+----------------------------+-------+-------+-----------+-------+
| Slice LUTs*                | 36731 |     0 |   1221600 |  3.01 |
|   LUT as Logic             | 30482 |     0 |   1221600 |  2.50 |
|   LUT as Memory            |  6249 |     0 |    344800 |  1.81 |
|     LUT as Distributed RAM |  1096 |     0 |           |       |
|     LUT as Shift Register  |  5153 |     0 |           |       |
| Slice Registers            | 20353 |     0 |   2443200 |  0.83 |
|   Register as Flip Flop    | 19977 |     0 |   2443200 |  0.82 |
|   Register as Latch        |   376 |     0 |   2443200 |  0.02 |
| F7 Muxes                   |  1370 |     0 |    610800 |  0.22 |
| F8 Muxes                   |    83 |     0 |    305400 |  0.03 |
+----------------------------+-------+-------+-----------+-------+
* Warning! The Final LUT count, after physical optimizations and full implementation, is typically lower. Run opt_design after synthesis, if not already completed, for a more realistic count.


1.1 Summary of Registers by Type
--------------------------------

+-------+--------------+-------------+--------------+
| Total | Clock Enable | Synchronous | Asynchronous |
+-------+--------------+-------------+--------------+
| 2     |            _ |           - |            - |
| 0     |            _ |           - |          Set |
| 0     |            _ |           - |        Reset |
| 0     |            _ |         Set |            - |
| 0     |            _ |       Reset |            - |
| 0     |          Yes |           - |            - |
| 152   |          Yes |           - |          Set |
| 1151  |          Yes |           - |        Reset |
| 115   |          Yes |         Set |            - |
| 18933 |          Yes |       Reset |            - |
+-------+--------------+-------------+--------------+


2. Memory
---------

+-------------------+------+-------+-----------+-------+
|     Site Type     | Used | Fixed | Available | Util% |
+-------------------+------+-------+-----------+-------+
| Block RAM Tile    |   20 |     0 |      1292 |  1.55 |
|   RAMB36/FIFO*    |   20 |     0 |      1292 |  1.55 |
|     RAMB36E1 only |   20 |       |           |       |
|   RAMB18          |    0 |     0 |      2584 |  0.00 |
+-------------------+------+-------+-----------+-------+
* Note: Each Block RAM Tile only has one FIFO logic available and therefore can accommodate only one FIFO36E1 or one FIFO18E1. However, if a FIFO18E1 occupies a Block RAM Tile, that tile can still accommodate a RAMB18E1


3. DSP
------

+-----------+------+-------+-----------+-------+
| Site Type | Used | Fixed | Available | Util% |
+-----------+------+-------+-----------+-------+
| DSPs      |    0 |     0 |      2160 |  0.00 |
+-----------+------+-------+-----------+-------+


4. IO and GT Specific
---------------------

+-----------------------------+------+-------+-----------+-------+
|          Site Type          | Used | Fixed | Available | Util% |
+-----------------------------+------+-------+-----------+-------+
| Bonded IOB                  |  129 |   129 |      1200 | 10.75 |
|   IOB Master Pads           |   67 |       |           |       |
|   IOB Slave Pads            |   62 |       |           |       |
| Bonded IPADs                |    0 |     0 |        50 |  0.00 |
| Bonded OPADs                |    0 |     0 |        32 |  0.00 |
| PHY_CONTROL                 |    0 |     0 |        24 |  0.00 |
| PHASER_REF                  |    0 |     0 |        24 |  0.00 |
| OUT_FIFO                    |    0 |     0 |        96 |  0.00 |
| IN_FIFO                     |    0 |     0 |        96 |  0.00 |
| IDELAYCTRL                  |    1 |     0 |        24 |  4.17 |
| IBUFDS                      |   17 |    17 |      1152 |  1.48 |
| GTXE2_COMMON                |    0 |     0 |         4 |  0.00 |
| GTXE2_CHANNEL               |    0 |     0 |        16 |  0.00 |
| PHASER_OUT/PHASER_OUT_PHY   |    0 |     0 |        96 |  0.00 |
| PHASER_IN/PHASER_IN_PHY     |    0 |     0 |        96 |  0.00 |
| IDELAYE2/IDELAYE2_FINEDELAY |   12 |    12 |      1200 |  1.00 |
|   IDELAYE2 only             |   12 |    12 |           |       |
| ODELAYE2/ODELAYE2_FINEDELAY |    0 |     0 |      1200 |  0.00 |
| IBUFDS_GTE2                 |    0 |     0 |         8 |  0.00 |
| ILOGIC                      |    7 |     7 |      1200 |  0.58 |
|   ISERDES                   |    7 |     7 |           |       |
| OLOGIC                      |   10 |    10 |      1200 |  0.83 |
|   OUTFF_ODDR_Register       |    3 |     3 |           |       |
|   OSERDES                   |    7 |     7 |           |       |
+-----------------------------+------+-------+-----------+-------+


5. Clocking
-----------

+--------------+------+-------+-----------+-------+
|   Site Type  | Used | Fixed | Available | Util% |
+--------------+------+-------+-----------+-------+
| BUFGCTRL     |   15 |     3 |       128 | 11.72 |
| BUFIO        |    1 |     1 |        96 |  1.04 |
|   BUFIO only |    1 |     1 |           |       |
| MMCME2_ADV   |    4 |     2 |        24 | 16.67 |
| PLLE2_ADV    |    0 |     0 |        24 |  0.00 |
| BUFMRCE      |    0 |     0 |        48 |  0.00 |
| BUFHCE       |    0 |     0 |       288 |  0.00 |
| BUFR         |    1 |     0 |        96 |  1.04 |
+--------------+------+-------+-----------+-------+


6. Specific Feature
-------------------

+-------------+------+-------+-----------+--------+
|  Site Type  | Used | Fixed | Available |  Util% |
+-------------+------+-------+-----------+--------+
| BSCANE2     |    0 |     0 |        16 |   0.00 |
| CAPTUREE2   |    1 |     0 |         4 |  25.00 |
| DNA_PORT    |    0 |     0 |         1 |   0.00 |
| EFUSE_USR   |    0 |     0 |         1 |   0.00 |
| FRAME_ECCE2 |    0 |     0 |         4 |   0.00 |
| ICAPE2      |    0 |     0 |         8 |   0.00 |
| PCIE_2_1    |    0 |     0 |         4 |   0.00 |
| STARTUPE2   |    1 |     0 |         4 |  25.00 |
| XADC        |    1 |     0 |         1 | 100.00 |
+-------------+------+-------+-----------+--------+


7. Primitives
-------------

+------------+-------+---------------------+
|  Ref Name  |  Used | Functional Category |
+------------+-------+---------------------+
| FDRE       | 18935 |        Flop & Latch |
| LUT6       | 14700 |                 LUT |
| LUT5       |  6360 |                 LUT |
| LUT4       |  4249 |                 LUT |
| SRLC32E    |  3105 |  Distributed Memory |
| LUT2       |  2454 |                 LUT |
| SRLC16E    |  2048 |  Distributed Memory |
| LUT3       |  1992 |                 LUT |
| MUXF7      |  1370 |               MuxFx |
| RAMS32     |  1024 |  Distributed Memory |
| FDCE       |   775 |        Flop & Latch |
| LUT1       |   727 |                 LUT |
| CARRY4     |   518 |          CarryLogic |
| LDCE       |   376 |        Flop & Latch |
| FDPE       |   152 |        Flop & Latch |
| FDSE       |   115 |        Flop & Latch |
| MUXF8      |    83 |               MuxFx |
| RAMS64E    |    72 |  Distributed Memory |
| OBUF       |    53 |                  IO |
| RAMB36E1   |    20 |        Block Memory |
| OBUFDS     |    17 |                  IO |
| IBUFDS     |    17 |                  IO |
| OBUFT      |    16 |                  IO |
| IBUF       |    16 |                  IO |
| IDELAYE2   |    12 |                  IO |
| BUFGCTRL   |    11 |               Clock |
| OSERDESE2  |     7 |                  IO |
| ISERDESE2  |     7 |                  IO |
| MMCME2_ADV |     4 |               Clock |
| INV        |     4 |                 LUT |
| BUFG       |     4 |               Clock |
| ODDR       |     3 |                  IO |
| XADC       |     1 |              Others |
| STARTUPE2  |     1 |              Others |
| IDELAYCTRL |     1 |                  IO |
| CAPTUREE2  |     1 |              Others |
| BUFR       |     1 |               Clock |
| BUFIO      |     1 |               Clock |
+------------+-------+---------------------+


8. Black Boxes
--------------

+----------+------+
| Ref Name | Used |
+----------+------+


9. Instantiated Netlists
------------------------

+----------------------+------+
|       Ref Name       | Used |
+----------------------+------+
| vde_mon_top          |    1 |
| vd_top               |    1 |
| qiwc_ip_cluster      |    1 |
| fwc_ip_hs_cluster_32 |    1 |
| design               |    1 |
+----------------------+------+


10. SLR Connectivity and Clocking Utilization
---------------------------------------------

+----------+-----------------+---------+-----------------+--------------+-------+-------+
|          | Total SLLs Used | (%)SLLs | BUFGs/BUFGCTRLs | BUFH/BUFHCEs | BUFRs | MMCMs |
+----------+-----------------+---------+-----------------+--------------+-------+-------+
| SLR3     |                 |         |               0 |            0 |     0 |     0 |
| ||||||-> |               0 |    0.00 |                 |              |       |       |
| SLR2     |                 |         |               0 |            0 |     0 |     0 |
| ||||||-> |               0 |    0.00 |                 |              |       |       |
| SLR1     |                 |         |               3 |            0 |     0 |     2 |
| ||||||-> |               0 |    0.00 |                 |              |       |       |
| SLR0     |                 |         |               0 |            0 |     0 |     0 |
+----------+-----------------+---------+-----------------+--------------+-------+-------+


11. SLR Connectivity Matrix
---------------------------

+-----------+------+------+------+------+
| FROM \ TO | SLR3 | SLR2 | SLR1 | SLR0 |
+-----------+------+------+------+------+
| SLR3      |    0 |    0 |    0 |    0 |
| SLR2      |    0 |    0 |    0 |    0 |
| SLR1      |    0 |    0 |    0 |    0 |
| SLR0      |    0 |    0 |    0 |    0 |
+-----------+------+------+------+------+


12. SLR Slice Logic and Dedicated Block Utilization
---------------------------------------------------

+-----------+--------+-----------+------------+-------------+---------------+-----------+-------+------+
| SLR Index | Slices | (%)Slices | Total LUTs | Memory LUTs | (%)Total LUTs | Registers | BRAMs | DSPs |
+-----------+--------+-----------+------------+-------------+---------------+-----------+-------+------+
| SLR3      |      0 |      0.00 |          0 |           0 |          0.00 |         0 |     0 |    0 |
| SLR2      |      0 |      0.00 |          0 |           0 |          0.00 |         0 |     0 |    0 |
| SLR1      |      0 |      0.00 |          0 |           0 |          0.00 |         0 |     0 |    0 |
| SLR0      |      0 |      0.00 |          0 |           0 |          0.00 |         0 |     0 |    0 |
+-----------+--------+-----------+------------+-------------+---------------+-----------+-------+------+
| Total     |      0 |           |          0 |           0 |               |         0 |     0 |    0 |
+-----------+--------+-----------+------------+-------------+---------------+-----------+-------+------+


13. SLR IO Utilization
----------------------

+-----------+-----------+---------+------------+----------+------------+----------+-----+
| SLR Index | Used IOBs | (%)IOBs | Used IPADs | (%)IPADs | Used OPADs | (%)OPADs | GTs |
+-----------+-----------+---------+------------+----------+------------+----------+-----+
| SLR3      |         4 |    1.33 |          0 |     0.00 |          0 |     0.00 |   0 |
| SLR2      |        33 |   11.00 |          0 |     0.00 |          0 |     0.00 |   0 |
| SLR1      |        16 |    5.33 |          0 |     0.00 |          0 |     0.00 |   0 |
| SLR0      |        76 |   25.33 |          0 |     0.00 |          0 |     0.00 |   0 |
+-----------+-----------+---------+------------+----------+------------+----------+-----+
| Total     |       129 |         |          0 |          |          0 |          |   0 |
+-----------+-----------+---------+------------+----------+------------+----------+-----+



/home/faculty/d/davidkebo/davidkebo/csce689/labs/lab-4-shell/zebu/zcui.work/backend_default/U0/M0/F00.L6
INFO: [Common 17-206] Exiting Vivado at Wed May  1 16:07:48 2024...

real	2m30.562s
user	2m11.410s
sys	0m21.569s

FPGA compilation finished with status 2
