version: (200506)

available memory: 64M bytes
used memory: 73728 bytes [need 72K bytes if disable swap]

used block: 2 [memory(2) file(0)]
                 [ 8K(1) 64K(1) { total 72K bytes } ]
overhead: (9538) bytes for (2) blocks [Average: (4769) bytes/block]

write  => 0(times) 0K(bytes) [0K bytes to file]
read   => 1(times) 4K(bytes) [1K bytes compressed data from file]
access => 35107(times) 276M(bytes)
          [hit ratio: 99.9972%]

time: write(0) read(0)  unit: second

swap file directory: (/home/faculty/d/davidkebo/davidkebo/csce689/labs/zebu_basic_lab_completed/zebu/run/run_directory/verdiLog)
used swap file number: (1)



swap file manager:
arrSize: (256)
idxCnt: (4)
closeHead: (1)
closeTail: (2)
openCnt: (2)
fid(3): fd(0) fileName(/home/faculty/d/davidkebo/davidkebo/csce689/labs/zebu_basic_lab_completed/zebu/zcui.work/vcs_splitter/simv.daidir/kdb.elab++/work.lib++/bind_spy.sv.tdc)
	size(1140) lastModTime(1681870439) curModTime(1681870439)
	mode(rb)	hot(0) cool(0) pos(0)
fid(2): fd(24) fileName(/home/faculty/d/davidkebo/davidkebo/csce689/labs/zebu_basic_lab_completed/zebu/run/run_directory/verdiLog/_swap_0001#2097812940#40271)
	size(0) lastModTime(0) curModTime(1682432770)
	mode(w+b)	hot(0) cool(1) pos(0)
fid(1): fd(1073741824) fileName(/home/faculty/d/davidkebo/davidkebo/csce689/labs/zebu_basic_lab_completed/zebu/zcui.work/vcs_splitter/simv.daidir/kdb.elab++/work.lib++/top.sv.tdc)
	size(2099) lastModTime(1681870439) curModTime(1681870439)
	mode(rb)	hot(2) cool(0) pos(0)
fid(0): fd(0) fileName(NULL)
	mode(NULL)	hot(0) cool(0) pos(0)
==================================================
mySelf(16b896a0) pre(16b7b0b0) next(0)
version(200506)
date(Aug  9 2022 19:18:51)
