
                                    ZeBu (R)
                                  zFpgaTiming

              Version Q-2020.03-SP1-4 for linux64 - Oct 18, 2022 

                    Copyright (c) 2002 - 2022 Synopsys, Inc.
   This software and the associated documentation are proprietary to Synopsys,
 Inc. This software may only be used in accordance with the terms and conditions
 of a written license agreement with Synopsys, Inc. All other use, reproduction,
   or distribution of this software is strictly prohibited.  Licensed Products
     communicate with Synopsys servers for the purpose of providing software
    updates, detecting software piracy and verifying that customers are using
    Licensed Products in conformity with the applicable License Key for such
  Licensed Products. Synopsys will use information gathered in connection with
    this process to deliver software updates and pursue software pirates and
                                   infringers.

 Inclusivity & Diversity - Visit SolvNetPlus to read the "Synopsys Statement on
            Inclusivity and Diversity" (Refer to article 000036315 at
                        https://solvnetplus.synopsys.com)

# /opt/coe/synopsys/zebu/Q-2020.03-SP1-4/bin/zFpgaTiming /opt/coe/synopsys/zebu/Q-2020.03-SP1-4/etc/zfpgatiming/zFpgaTiming.tcl 

# start time is Wed Apr 24 06:04:44 2024




# Build Date : Oct 18 2022 - 01:00:15
# ---------------------------System Context--------------------------- 
# Cpu        40 x bogomips - 4604.90 Intel(R) Xeon(R) CPU E5-2650 v3 @ 2.30GHz
#            Load: 0.46 0.36 0.95 2/477 13686
#            Hostname: csce-quinn-s1.engr.tamu.edu   OS: Linux 3.10.0-1160.108.1.el7.x86_64
# Memory     Total: 193183 MB Free: 172688 MB
#            Total Free including cache: 187837 MB
#            Swap cache: 0 MB Cached space: 15149 MB
#            Swap space: 4095 MB Free Swap space: 4095 MB
#            VmSize: 316 MB VmPeak: 316 MB
# Disk Space Total: 250 GB Available: 240 GB Used: 10 GB
#            Free inodes: 524111993
# Stack                                Soft Limit           Hard Limit  
#            Max stack size            8388608              unlimited            bytes     
# -------------------------------------------------------------------- 


### fatal error in zFpgaTiming [ZFTMAIN0002F] : Command failed or cannot be interpreted in /opt/coe/synopsys/zebu/Q-2020.03-SP1-4/etc/zfpgatiming/zFpgaTiming.tcl, line 32 : could not create new link "clock_dependencies.db": that path already exists
Command failed or cannot be interpreted in /opt/coe/synopsys/zebu/Q-2020.03-SP1-4/etc/zfpgatiming/zFpgaTiming.tcl, line 32 : could not create new link "clock_dependencies.db": that path already exists

#   exec summary :    0 warnings,    0 syntax errors,    1 fatal errors,    0 internal errors
#   exec summary : wall clock 0m1s, user 0m0.56s, sys 0m0.91s
#   exec summary : Total memory: 387516 kB - RSS memory: 98692 kB - Data memory: 106244 kB
### exec summary : Erroneous execution

# end time is Wed Apr 24 06:04:45 2024
command exit code is '1'
