#   step REPORT : Synthesizing module : fifo_0000
#   step REPORT : [39.349] Optimizing module : fifo_0000
### warning in ZFAST [6.1832] : PO net w_remain[1] undriven
### warning in ZFAST [6.1832] : PO net w_remain[0] undriven
#   step REPORT : [6.1690] There are 5 levels of combinational cells
#   step REPORT : [6.1689] There are 12 distinct nets driving control pins
#   step REPORT : [6.1695] 2-input LUTs: 9
#   step REPORT : [6.1695] 3-input LUTs: 20
#   step REPORT : [6.1695] 4-input LUTs: 2
#   step REPORT : [6.1695] 5-input LUTs: 1
#   step REPORT : [6.1695] 6-input LUTs: 21
#   step REPORT : [6.1696] Total LUT area: 53
#   step REPORT : [6.1697] State    : 76
#   step REPORT : [6.1697]   (FF)   : 76
#   step REPORT : [6.1697] XORCY    : 4
#   step REPORT : [6.1697] MUXCY    : 4
#   step REPORT : [6.1697] incl. CARRY4: 1
#   step REPORT : [6.1884] Renaming SVA module instances in the netlist
#   step REPORT : [6.1882] Renaming special verilog names in the netlist
#   step REPORT : [6.1882] Special names renaming stats:
#   step REPORT : [6.1882] Total time                 : 0.000 seconds
#   step REPORT : [6.1882] Total wires renamed        : 0
#   step REPORT : [6.1882] Total instances renamed    : 0
#   step REPORT : [6.1883] Renaming wires like ports
#   step REPORT : [6.1883] Renamed wires like ports (0 ports)
#   step REPORT : [6.1885] Emitting RTLDB information for the netlist
#   step REPORT : Converting netlist 'fifo_0000' to znl format
#   step STATS :  ----------------------------------------------------------------------------------------------------------------------------------------------------------------------------------------------------------------------------------------------------------------------------------------------
#   step STATS :  |                 reg |                 lut |                bram |                uram |             memsize |              m18x18 |                bufg |                buft |               nbI/O |                nbBB |                nbZV |                nbME |               dsp48 || name
#   step STATS :  ----------------------------------------------------------------------------------------------------------------------------------------------------------------------------------------------------------------------------------------------------------------------------------------------
#   step STATS :  |                  76 |                  57 |                   0 |                   0 |                   0 |                   0 |                   0 |                   0 |                  32 |                   2 |                   0 |                   0 |                   0 || fifo_0000
#   step STATS :  ----------------------------------------------------------------------------------------------------------------------------------------------------------------------------------------------------------------------------------------------------------------------------------------------
#   step REPORT : Writing netlist 'fifo_0000' to 'edif/fifo_0000/fifo_0000.edf.gz'
#   step EDIF GENERATOR : netlist 'zmerge' has changed - regenerate EDIF file 'edif/fifo_0000/fifo_0000.edf.gz'
#   step SERIALIZE : writing netlist 'zmerge' into znl file 'edif/fifo_0000/fifo_0000.edf.gz'
#   step SERIALIZE : #bytes in: 5786, #bytes out: 3205, compression ratio: 1.805304
#   step REPORT : [87.28] Resource usage for fifo_0000: 0.186s 32.1M
