
                                    ZeBu (R)
                                   zDveTools

              Version Q-2020.03-SP1-4 for linux64 - Oct 18, 2022 

                    Copyright (c) 2002 - 2022 Synopsys, Inc.
   This software and the associated documentation are proprietary to Synopsys,
 Inc. This software may only be used in accordance with the terms and conditions
 of a written license agreement with Synopsys, Inc. All other use, reproduction,
   or distribution of this software is strictly prohibited.  Licensed Products
     communicate with Synopsys servers for the purpose of providing software
    updates, detecting software piracy and verifying that customers are using
    Licensed Products in conformity with the applicable License Key for such
  Licensed Products. Synopsys will use information gathered in connection with
    this process to deliver software updates and pursue software pirates and
                                   infringers.

 Inclusivity & Diversity - Visit SolvNetPlus to read the "Synopsys Statement on
            Inclusivity and Diversity" (Refer to article 000036315 at
                        https://solvnetplus.synopsys.com)

# zDveTools zDveTools.tcl 

# start time is Mon May  1 14:27:54 2023




# Build Date : Oct 18 2022 - 00:58:00
# ---------------------------System Context--------------------------- 
# Cpu        40 x bogomips - 4604.47 Intel(R) Xeon(R) CPU E5-2650 v3 @ 2.30GHz
#            Load: 0.19 0.15 0.35 5/501 22641
#            Hostname: csce-quinn-s1.engr.tamu.edu   OS: Linux 3.10.0-1160.88.1.el7.x86_64
# Memory     Total: 193183 MB Free: 181454 MB
#            Total Free including cache: 188508 MB
#            Swap cache: 0 MB Cached space: 7054 MB
#            Swap space: 4095 MB Free Swap space: 4095 MB
#            VmSize: 196 MB VmPeak: 196 MB
# Disk Space Total: 250 GB Available: 242 GB Used: 8 GB
#            Free inodes: 524212496
# Stack                                Soft Limit           Hard Limit  
#            Max stack size            8388608              unlimited            bytes     
# -------------------------------------------------------------------- 


#   step DIFF-DVE   : No comparison to do with new DVE file '../vcs_splitter/vcs.dve' ...
#   step DVE LOADER : reading dve file '../vcs_splitter/vcs.dve'
#   step ZPAR-DRV   : Save zPar DVE parameters in 'zPar_dve.tcl'
#   step ZTOPBUILD-DRV : zTopBuild DVE status change saved in file 'zTopBuild_dve.inf'

#   exec summary :    0 warnings,    0 syntax errors,    0 fatal errors,    0 internal errors
#   exec summary : user 0m0.41s, sys 0m0.60s
#   exec summary : Total memory: 371584 kB - RSS memory: 92652 kB - Data memory: 104316 kB
#   exec summary : Successful execution

# end time is Mon May  1 14:27:54 2023
command exit code is '0'
