


                                    ZeBu (R)
                                      zFe

              Version Q-2020.03-SP1-4 for linux64 - Oct 02, 2022 

                    Copyright (c) 2002 - 2022 Synopsys, Inc.
   This software and the associated documentation are proprietary to Synopsys,
 Inc. This software may only be used in accordance with the terms and conditions
 of a written license agreement with Synopsys, Inc. All other use, reproduction,
   or distribution of this software is strictly prohibited.  Licensed Products
     communicate with Synopsys servers for the purpose of providing software
    updates, detecting software piracy and verifying that customers are using
    Licensed Products in conformity with the applicable License Key for such
  Licensed Products. Synopsys will use information gathered in connection with
    this process to deliver software updates and pursue software pirates and
                                   infringers.

 Inclusivity & Diversity - Visit SolvNetPlus to read the "Synopsys Statement on
            Inclusivity and Diversity" (Refer to article 000036315 at
                        https://solvnetplus.synopsys.com)


#   info : #----------------------------------------------------------------
#   info : Setup
#   info : #----------------------------------------------------------------
# command line is /opt/coe/synopsys/zebu/Q-2020.03-SP1-4/bin/zFe compile_hdr.tcl script/Bundle_0_synp.tcl -log Bundle_0.log -zlog 1 
# start time is Wed Apr 24 06:34:45 CDT 2024
#   step Setup : CVS $Revision: #14 $
#   step Setup : CVS $Date: 2021/08/23 $
#   step Setup :         NEXT CALL to cmn::option fe_hcsrc /opt/coe/synopsys/zebu/Q-2020.03-SP1-4/etc/vhs/hc ...
#   step Setup :         NEXT CALL to cmn::option fe_hcsrc /home/faculty/d/davidkebo/davidkebo/csce689/labs/ ...
#   step Setup :         NEXT CALL to cmn::option fe_hcsrc /home/faculty/d/davidkebo/davidkebo/csce689/labs/ ...
#   step Setup :         NEXT CALL to cmn::option fe_hcsrc /home/faculty/d/davidkebo/davidkebo/csce689/labs/ ...
#   step Setup :         NEXT CALL to cmn::option fe_hcsrc hcsrc.iba
#   step Setup :         NEXT CALL to cmn::option phase synthesis
#   info : #----------------------------------------------------------------
#   info : Synth
#   info : #----------------------------------------------------------------
#   step Synth :         NEXT CALL to fs::simple_compile -technology vtx7 -mode block_based -version NewMixe ...
#   step REPORT : Synthesizing module : fifo_0000
#   step REPORT : Synthesizing module : stb
#   step REPORT : [39.349] Optimizing module : fifo_0000
### warning in ZFAST [6.1832] : PO net w_remain[1] undriven
### warning in ZFAST [6.1832] : PO net w_remain[0] undriven
#   step REPORT : [6.1690] There are 5 levels of combinational cells
#   step REPORT : [6.1689] There are 12 distinct nets driving control pins
#   step REPORT : [6.1695] 2-input LUTs: 9
#   step REPORT : [6.1695] 3-input LUTs: 20
#   step REPORT : [6.1695] 4-input LUTs: 2
#   step REPORT : [6.1695] 5-input LUTs: 1
#   step REPORT : [6.1695] 6-input LUTs: 21
#   step REPORT : [6.1696] Total LUT area: 53
#   step REPORT : [6.1697] State    : 76
#   step REPORT : [6.1697]   (FF)   : 76
#   step REPORT : [6.1697] XORCY    : 4
#   step REPORT : [6.1697] MUXCY    : 4
#   step REPORT : [6.1697] incl. CARRY4: 1
#   step REPORT : [6.1884] Renaming SVA module instances in the netlist
#   step REPORT : [6.1882] Renaming special verilog names in the netlist
#   step REPORT : [6.1882] Special names renaming stats:
#   step REPORT : [6.1882] Total time                 : 0.000 seconds
#   step REPORT : [6.1882] Total wires renamed        : 0
#   step REPORT : [6.1882] Total instances renamed    : 0
#   step REPORT : [6.1883] Renaming wires like ports
#   step REPORT : [6.1883] Renamed wires like ports (0 ports)
#   step REPORT : [6.1885] Emitting RTLDB information for the netlist
#   step REPORT : Converting netlist 'fifo_0000' to znl format
#   step STATS :  ----------------------------------------------------------------------------------------------------------------------------------------------------------------------------------------------------------------------------------------------------------------------------------------------
#   step STATS :  |                 reg |                 lut |                bram |                uram |             memsize |              m18x18 |                bufg |                buft |               nbI/O |                nbBB |                nbZV |                nbME |               dsp48 || name
#   step STATS :  ----------------------------------------------------------------------------------------------------------------------------------------------------------------------------------------------------------------------------------------------------------------------------------------------
#   step STATS :  |                  76 |                  57 |                   0 |                   0 |                   0 |                   0 |                   0 |                   0 |                  32 |                   2 |                   0 |                   0 |                   0 || fifo_0000
#   step STATS :  ----------------------------------------------------------------------------------------------------------------------------------------------------------------------------------------------------------------------------------------------------------------------------------------------
#   step REPORT : Writing netlist 'fifo_0000' to 'edif/fifo_0000/fifo_0000.edf.gz'
#   step EDIF GENERATOR : netlist 'zmerge' has changed - regenerate EDIF file 'edif/fifo_0000/fifo_0000.edf.gz'
#   step SERIALIZE : writing netlist 'zmerge' into znl file 'edif/fifo_0000/fifo_0000.edf.gz'
#   step SERIALIZE : #bytes in: 5786, #bytes out: 3205, compression ratio: 1.805304
#   step REPORT : [87.28] Resource usage for fifo_0000: 0.186s 32.1M
#   step REPORT : [39.349] Optimizing module : stb
### warning in ZFAST : (INTERNAL) no module information for net eVe_init_clk
#   step REPORT : Got DPI task gate ZDPI_TASK0: zebu_bb_ZDPI_MOD_stb_ZDPI_grp0_dummy_import_for_pli_call0
#   step REPORT : Got DPI task gate ZDPI_TASK1: zebu_bb_ZDPI_MOD_stb_ZDPI_grp0_dummy_import_for_pli_call1
#   step REPORT : [6.1690] There are 14 levels of combinational cells
#   step REPORT : [6.1689] There are 7 distinct nets driving control pins
#   step REPORT : [6.1695] 2-input LUTs: 19
#   step REPORT : [6.1695] 3-input LUTs: 7
#   step REPORT : [6.1696] Total LUT area: 26
#   step REPORT : [6.1697] State    : 470
#   step REPORT : [6.1697]   (FF)   : 470
#   step REPORT : [6.1697] XORCY    : 156
#   step REPORT : [6.1697] MUXCY    : 156
#   step REPORT : [6.1697] incl. CARRY4: 39
#   step REPORT : [6.1884] Renaming SVA module instances in the netlist
#   step REPORT : [6.1882] Renaming special verilog names in the netlist
#   step REPORT : [6.1882] Special names renaming stats:
#   step REPORT : [6.1882] Total time                 : 0.001 seconds
#   step REPORT : [6.1882] Total wires renamed        : 0
#   step REPORT : [6.1882] Total instances renamed    : 0
#   step REPORT : [6.1883] Renaming wires like ports
#   step REPORT : [6.1883] Renamed wires like ports (0 ports)
#   step REPORT : [6.1885] Emitting RTLDB information for the netlist
#   step REPORT : Converting netlist 'stb' to znl format
#   step STATS :  ----------------------------------------------------------------------------------------------------------------------------------------------------------------------------------------------------------------------------------------------------------------------------------------------
#   step STATS :  |                 reg |                 lut |                bram |                uram |             memsize |              m18x18 |                bufg |                buft |               nbI/O |                nbBB |                nbZV |                nbME |               dsp48 || name
#   step STATS :  ----------------------------------------------------------------------------------------------------------------------------------------------------------------------------------------------------------------------------------------------------------------------------------------------
#   step STATS :  |                 470 |                  26 |                   0 |                   0 |                   0 |                   0 |                   0 |                   0 |                  29 |                   8 |                   0 |                   0 |                   0 || stb
#   step STATS :  ----------------------------------------------------------------------------------------------------------------------------------------------------------------------------------------------------------------------------------------------------------------------------------------------
#   step REPORT : Writing netlist 'stb' to 'edif/stb/stb.edf.gz'
#   step EDIF GENERATOR : netlist 'zmerge' has changed - regenerate EDIF file 'edif/stb/stb.edf.gz'
#   step SERIALIZE : writing netlist 'zmerge' into znl file 'edif/stb/stb.edf.gz'
#   step SERIALIZE : #bytes in: 26626, #bytes out: 9745, compression ratio: 2.732273
#   step REPORT : [87.28] Resource usage for stb: 0.073s 0.0M
#   step Synth : RhinoDB status is set by default value: rhino_default_status:1.
#   step Synth : Using zCreateNameDB from /opt/coe/synopsys/vcs/Q-2020.03-SP2-12/bin/zCreateNameDB for RhinoDB population.
#   step Synth : Running RhinoDB gate population on 2 modules. To skip this step please set SNPS_RHINODB_INTERNAL_3STEP_DISABLE env var.
Running in 3step flow - bundle population mode, for bundle,modules = Bundle_0,stb,fifo_0000,
Got following -X option = show_times
#     Wed Apr 24 06:34:46 2024 : zCreateNameDB Started
#      : Reading the Serializing VCS Version
[2024-04-24 06:34:46.498297] [0x00007f422db8f780] [info]    #      : Reading the Serializing VCS Version

#      : Deserializing names dictionary
[2024-04-24 06:34:46.501270] [0x00007f422db8f780] [info]    #      : Deserializing names dictionary

#      : Deserializing libraries
[2024-04-24 06:34:46.502655] [0x00007f422db8f780] [info]    #      : Deserializing libraries

#      : Deserializing RTL
[2024-04-24 06:34:46.505313] [0x00007f422db8f780] [info]    #      : Deserializing RTL

#      : Deserializing Gate
[2024-04-24 06:34:46.507852] [0x00007f422db8f780] [info]    #      : Deserializing Gate

#      : Deserializing design object
[2024-04-24 06:34:46.510495] [0x00007f422db8f780] [info]    #      : Deserializing design object

#      : Populating Dfs Table
[2024-04-24 06:34:46.512224] [0x00007f422db8f780] [info]    #      : Populating Dfs Table

### Wed Apr 24 06:34:46 2024 : RTL Deserialized
### Wed Apr 24 06:34:46 2024 : Starting CHUNK Population
#     Wed Apr 24 06:34:46 2024 : Populating CHUNK stb
#     Wed Apr 24 06:34:46 2024 : Gate Building light signal container for module stb
#     Wed Apr 24 06:34:46 2024 : End of Gate Building light signal container for module stb
#     Wed Apr 24 06:34:46 2024 : Populating CHUNK fifo_0000
#     Wed Apr 24 06:34:46 2024 : Gate Building light signal container for module fifo_0000
#     Wed Apr 24 06:34:46 2024 : End of Gate Building light signal container for module fifo_0000
### Wed Apr 24 06:34:46 2024(+0s) : CHUNK Population done
zCreateNameDB finished without errors or warnings.
#     Wed Apr 24 06:34:46 2024 : zCreateNameDB Ended
#   step Synth : Synthesis called the following command: '/opt/coe/synopsys/vcs/Q-2020.03-SP2-12/bin/zCreateNameDB -bundle Bundle_0,stb,fifo_0000,  -v -X show_times -z /home/faculty/d/davidkebo/davidkebo/csce689/labs/lab-4-shell/zebu/zcui.work/design/synth_Default_RTL_Group'

#   step exec summary : time 0m1.527s
#   exec summary : Total memory: 124000 kB minimum 
#   exec summary : Successful execution

# end time is Wed Apr 24 06:34:46 CDT 2024
zFe exit status: 0
command exit code is '0'
