
                                    ZeBu (R)
                                    zNetgen

              Version Q-2020.03-SP1-4 for linux64 - Oct 18, 2022 

                    Copyright (c) 2002 - 2022 Synopsys, Inc.
   This software and the associated documentation are proprietary to Synopsys,
 Inc. This software may only be used in accordance with the terms and conditions
 of a written license agreement with Synopsys, Inc. All other use, reproduction,
   or distribution of this software is strictly prohibited.  Licensed Products
     communicate with Synopsys servers for the purpose of providing software
    updates, detecting software piracy and verifying that customers are using
    Licensed Products in conformity with the applicable License Key for such
  Licensed Products. Synopsys will use information gathered in connection with
    this process to deliver software updates and pursue software pirates and
                                   infringers.

 Inclusivity & Diversity - Visit SolvNetPlus to read the "Synopsys Statement on
            Inclusivity and Diversity" (Refer to article 000036315 at
                        https://solvnetplus.synopsys.com)

# zNetgen /opt/coe/synopsys/zebu/Q-2020.03-SP1-4/etc/znetgen/zNetgen_post_proc_fpga.tcl -log U0_M0_F08_FpgaPostProc.log 

# start time is Wed Apr 24 06:35:28 2024




# Build Date : Oct 18 2022 - 00:58:44
# ---------------------------System Context--------------------------- 
# Cpu        40 x bogomips - 4604.90 Intel(R) Xeon(R) CPU E5-2650 v3 @ 2.30GHz
#            Load: 0.81 0.28 0.24 2/473 24096
#            Hostname: csce-quinn-s1.engr.tamu.edu   OS: Linux 3.10.0-1160.108.1.el7.x86_64
# Memory     Total: 193183 MB Free: 172667 MB
#            Total Free including cache: 187813 MB
#            Swap cache: 0 MB Cached space: 15146 MB
#            Swap space: 4095 MB Free Swap space: 4095 MB
#            VmSize: 426 MB VmPeak: 426 MB
# Disk Space Total: 250 GB Available: 240 GB Used: 10 GB
#            Free inodes: 524112067
# Stack                                Soft Limit           Hard Limit  
#            Max stack size            8388608              unlimited            bytes     
# -------------------------------------------------------------------- 


#   step ENV.VAR : LM_LICENSE_FILE=27070@coe-vtls3.engr.tamu.edu:27020@csce-quinn-s1.engr.tamu.edu:2100@csce-quinn-s1.engr.tamu.edu
#   step ENV.VAR : SNPSLMD_LICENSE_FILE=27070@coe-vtls3.engr.tamu.edu:27020@csce-quinn-s1.engr.tamu.edu:2100@csce-quinn-s1.engr.tamu.edu
#   step ENV.VAR : VCS_HOME=/opt/coe/synopsys/vcs/Q-2020.03-SP2-12
#   step ENV.VAR : VERDI_HOME=/opt/coe/synopsys/verdi/Q-2020.03-SP2-12
#   step ENV.VAR : ZEBU_AURA_FW_HOME=/opt/coe/synopsys/zebu/Q-2020.03-SP1-4/aura/fw
#   step ENV.VAR : ZEBU_AURA_SW_HOME=/opt/coe/synopsys/zebu/Q-2020.03-SP1-4/aura/sw
#   step ENV.VAR : ZEBU_DRIVER_PATH=/opt/coe/synopsys/zebu/Q-2020.03-SP1-4/drivers
#   step ENV.VAR : ZEBU_ROOT=/opt/coe/synopsys/zebu/Q-2020.03-SP1-4
#   step ENV.VAR : ZEBU_SYSTEM_DIR=/mnt/quinn_zebu/ZEBU_SYSTEM_DIR
#   step ENV.VAR : ZEBU_TRITON_ZS2=/opt/coe/synopsys/zebu/Q-2020.03-SP1-4/triton_zs2
#   step ENV.VAR : ZEBU_TRITON_ZS3=/opt/coe/synopsys/zebu/Q-2020.03-SP1-4/triton_zs3
#   step ENV.VAR : ZEBU_XIL=/opt/coe/synopsys/zebu/Q-2020.03-SP1-4/ise/ISE_DS
#   step ENV.VAR : ZEBU_XIL_VIVADO=/opt/coe/synopsys/zebu/Q-2020.03-SP1-4/vivado/
#   step ENV.VAR : ZEBU_XIL_VIVADO_P2=/opt/coe/synopsys/zebu/Q-2020.03-SP1-4/vivado_p2/
#   step ENV.VAR : ZEBU_XIL_VIVADO_P3=/opt/coe/synopsys/zebu/Q-2020.03-SP1-4/vivado_p3/ids_lite
#   step ENV.VAR : ZEBU_XIL_VIVADO_P4=/opt/coe/synopsys/zebu/Q-2020.03-SP1-4/vivado_p4/
### warning in zNetgen [CCT0300W] : can't set stack to unlimited, zNetgen may randomly crash.
#   step INIT : Advanced commands have been loaded

#   exec summary :    1 warnings,    0 syntax errors,    0 fatal errors,    0 internal errors
#   exec summary : user 0m0.181s, sys 0m0.97s
#   exec summary : Total memory: 499648 kB - RSS memory: 141220 kB - Data memory: 131132 kB
#   exec summary : Successful execution

# end time is Wed Apr 24 06:35:29 2024
