    USR_ACCESS
    XADC
Site Ranges for PBlock: SLR1
CLOCKREGION_X0Y3:CLOCKREGION_X1Y5
Site Ranges for PBlock: pblock_fx_macro_slr
CLOCKREGION_X0Y3:CLOCKREGION_X1Y5


Phase 1.2 IO Placement/ Clock Placement/ Build Placer Device | Checksum: 12709fbd1

Time (s): cpu = 00:00:03 ; elapsed = 00:00:02 . Memory (MB): peak = 3277.930 ; gain = 0.000 ; free physical = 174775 ; free virtual = 185943

Phase 1.3 Build Placer Netlist Model
Phase 1.3 Build Placer Netlist Model | Checksum: 146a54f5d

Time (s): cpu = 00:00:03 ; elapsed = 00:00:03 . Memory (MB): peak = 3277.930 ; gain = 0.000 ; free physical = 174763 ; free virtual = 185931

Phase 1.4 Constrain Clocks/Macros
Phase 1.4 Constrain Clocks/Macros | Checksum: 146a54f5d

Time (s): cpu = 00:00:03 ; elapsed = 00:00:03 . Memory (MB): peak = 3277.930 ; gain = 0.000 ; free physical = 174760 ; free virtual = 185928
Phase 1 Placer Initialization | Checksum: 146a54f5d

Time (s): cpu = 00:00:03 ; elapsed = 00:00:03 . Memory (MB): peak = 3277.930 ; gain = 0.000 ; free physical = 174766 ; free virtual = 185934

Phase 2 Final Placement Cleanup
Netlist sorting complete. Time (s): cpu = 00:00:00 ; elapsed = 00:00:00 . Memory (MB): peak = 3277.930 ; gain = 0.000 ; free physical = 174766 ; free virtual = 185934
Phase 2 Final Placement Cleanup | Checksum: 146a54f5d

Time (s): cpu = 00:00:03 ; elapsed = 00:00:03 . Memory (MB): peak = 3277.930 ; gain = 0.000 ; free physical = 174767 ; free virtual = 185935
INFO: [Place 30-281] No place-able instance is found; design doesn't contain any instance or all instances are placed
Ending Placer Task | Checksum: 12709fbd1

Time (s): cpu = 00:00:03 ; elapsed = 00:00:03 . Memory (MB): peak = 3277.930 ; gain = 0.000 ; free physical = 174765 ; free virtual = 185933
INFO: [Common 17-83] Releasing license: Implementation
900 Infos, 1079 Warnings, 6 Critical Warnings and 0 Errors encountered.
place_design completed successfully
INFO: [Common 17-600] The following parameters have non-default value.
general.maxThreads, tcl.statsThreshold

