#   30/04/24  14:13:57 - No complexity available
#   30/04/24  14:14:10 - F00.Original added
#   30/04/24  14:14:10 - Process running PaR jobs
#   30/04/24  14:14:14 - F00.Original xstep message received: '1714504452 pid 10060'
#   30/04/24  14:17:19 - F00.Original xstep message received: '1714504637 relaunch param1'
#   30/04/24  14:17:19 - F00.L0 use regular Fpga class for relaunch
#   30/04/24  14:17:19 - F00.L0 added
#   30/04/24  14:17:19 - F00.L1 use regular Fpga class for relaunch
#   30/04/24  14:17:19 - F00.L1 added
#   30/04/24  14:17:19 - F00.L2 use regular Fpga class for relaunch
#   30/04/24  14:17:19 - F00.L2 added
#   30/04/24  14:17:19 - F00.L3 use regular Fpga class for relaunch
#   30/04/24  14:17:19 - F00.L3 added
#   30/04/24  14:17:19 - F00.L4 use regular Fpga class for relaunch
#   30/04/24  14:17:19 - F00.L4 added
#   30/04/24  14:17:19 - F00.L5 use regular Fpga class for relaunch
#   30/04/24  14:17:19 - F00.L5 added
#   30/04/24  14:17:19 - F00.L6 use regular Fpga class for relaunch
#   30/04/24  14:17:19 - F00.L6 added
#   30/04/24  14:17:19 - F00.L7 use regular Fpga class for relaunch
#   30/04/24  14:17:19 - F00.L7 added
#   30/04/24  14:17:19 - F00.L8 use regular Fpga class for relaunch
#   30/04/24  14:17:19 - F00.L8 added
#   30/04/24  14:17:19 - F00.L9 use regular Fpga class for relaunch
#   30/04/24  14:17:19 - F00.L9 added
#   30/04/24  14:17:19 - F00.L10 use regular Fpga class for relaunch
#   30/04/24  14:17:19 - F00.L10 added
#   30/04/24  14:17:19 - F00.L11 use regular Fpga class for relaunch
#   30/04/24  14:17:19 - F00.L11 added
#   30/04/24  14:17:19 - F00.L12 use regular Fpga class for relaunch
#   30/04/24  14:17:19 - F00.L12 added
#   30/04/24  14:17:19 - F00.L13 use regular Fpga class for relaunch
#   30/04/24  14:17:19 - F00.L13 added
#   30/04/24  14:17:19 - F00.L14 use regular Fpga class for relaunch
#   30/04/24  14:17:19 - F00.L14 added
#   30/04/24  14:17:19 - F00.L15 use regular Fpga class for relaunch
#   30/04/24  14:17:19 - F00.L15 added
#   30/04/24  14:17:19 - F00.L16 use regular Fpga class for relaunch
#   30/04/24  14:17:19 - F00.L16 added
#   30/04/24  14:17:23 - F00.L0 xstep message received: '1714504642 pid 14197'
#   30/04/24  14:17:23 - F00.L1 xstep message received: '1714504642 pid 14193'
#   30/04/24  14:17:23 - F00.L2 xstep message received: '1714504642 pid 14192'
#   30/04/24  14:17:23 - F00.L3 xstep message received: '1714504642 pid 14201'
#   30/04/24  14:17:23 - F00.L4 xstep message received: '1714504642 pid 14195'
#   30/04/24  14:17:23 - F00.L5 xstep message received: '1714504642 pid 14196'
#   30/04/24  14:17:23 - F00.L6 xstep message received: '1714504642 pid 14198'
#   30/04/24  14:17:23 - F00.L7 xstep message received: '1714504642 pid 14199'
#   30/04/24  14:17:23 - F00.L8 xstep message received: '1714504642 pid 14206'
#   30/04/24  14:17:23 - F00.L9 xstep message received: '1714504642 pid 14207'
#   30/04/24  14:17:23 - F00.L10 xstep message received: '1714504642 pid 14205'
#   30/04/24  14:17:23 - F00.L11 xstep message received: '1714504642 pid 14200'
#   30/04/24  14:17:23 - F00.L12 xstep message received: '1714504642 pid 14202'
#   30/04/24  14:17:23 - F00.L13 xstep message received: '1714504642 pid 14204'
#   30/04/24  14:17:23 - F00.L14 xstep message received: '1714504642 pid 14203'
#   30/04/24  14:17:23 - F00.L15 xstep message received: '1714504642 pid 14211'
#   30/04/24  14:17:23 - F00.L16 xstep message received: '1714504642 pid 14210'
#   30/04/24  14:21:11 - F00.Original xstep message received: '1714504871 relaunch param1'
#   30/04/24  14:21:11 - Relaunches are no more accepted for FPGA F00.Original
#   30/04/24  14:21:11 - F00.Original xstep message received: '1714504871 finished KO'
#   30/04/24  14:21:11 - F00.Original terminated: KO
#   30/04/24  14:21:33 - F00.L0 xstep message received: '1714504893 relaunch param1'
#   30/04/24  14:21:33 - Relaunches are no more accepted for FPGA F00.L0
#   30/04/24  14:21:33 - F00.L2 xstep message received: '1714504893 relaunch param1'
#   30/04/24  14:21:33 - Relaunches are no more accepted for FPGA F00.L2
#   30/04/24  14:21:33 - F00.L6 xstep message received: '1714504893 relaunch param1'
#   30/04/24  14:21:33 - Relaunches are no more accepted for FPGA F00.L6
#   30/04/24  14:21:33 - F00.L7 xstep message received: '1714504892 relaunch param1'
#   30/04/24  14:21:33 - Relaunches are no more accepted for FPGA F00.L7
#   30/04/24  14:21:33 - F00.L10 xstep message received: '1714504893 relaunch param1'
#   30/04/24  14:21:33 - Relaunches are no more accepted for FPGA F00.L10
#   30/04/24  14:21:33 - F00.L11 xstep message received: '1714504892 relaunch param1'
#   30/04/24  14:21:33 - Relaunches are no more accepted for FPGA F00.L11
#   30/04/24  14:21:33 - F00.L13 xstep message received: '1714504892 relaunch param1'
#   30/04/24  14:21:33 - Relaunches are no more accepted for FPGA F00.L13
#   30/04/24  14:21:33 - F00.L15 xstep message received: '1714504893 relaunch param1'
#   30/04/24  14:21:33 - Relaunches are no more accepted for FPGA F00.L15
#   30/04/24  14:21:35 - F00.L1 xstep message received: '1714504893 relaunch param1'
#   30/04/24  14:21:35 - Relaunches are no more accepted for FPGA F00.L1
#   30/04/24  14:21:35 - F00.L3 xstep message received: '1714504893 relaunch param1'
#   30/04/24  14:21:35 - Relaunches are no more accepted for FPGA F00.L3
#   30/04/24  14:21:35 - F00.L4 xstep message received: '1714504893 relaunch param1'
#   30/04/24  14:21:35 - Relaunches are no more accepted for FPGA F00.L4
#   30/04/24  14:21:35 - F00.L5 xstep message received: '1714504893 relaunch param1'
#   30/04/24  14:21:35 - Relaunches are no more accepted for FPGA F00.L5
#   30/04/24  14:21:35 - F00.L8 xstep message received: '1714504893 relaunch param1'
#   30/04/24  14:21:35 - Relaunches are no more accepted for FPGA F00.L8
#   30/04/24  14:21:35 - F00.L9 xstep message received: '1714504893 relaunch param1'
#   30/04/24  14:21:35 - Relaunches are no more accepted for FPGA F00.L9
#   30/04/24  14:21:35 - F00.L12 xstep message received: '1714504893 relaunch param1'
#   30/04/24  14:21:35 - Relaunches are no more accepted for FPGA F00.L12
#   30/04/24  14:21:35 - F00.L14 xstep message received: '1714504893 relaunch param1'
#   30/04/24  14:21:36 - Relaunches are no more accepted for FPGA F00.L14
#   30/04/24  14:21:36 - F00.L16 xstep message received: '1714504893 relaunch param1'
#   30/04/24  14:21:36 - Relaunches are no more accepted for FPGA F00.L16
#   30/04/24  14:22:47 - F00.L3 xstep message received: '1714504966 relaunch param1'
#   30/04/24  14:22:47 - Relaunches are no more accepted for FPGA F00.L3
#   30/04/24  14:22:47 - F00.L3 xstep message received: '1714504966 finished KO'
#   30/04/24  14:22:47 - F00.L3 terminated: KO
#   30/04/24  14:22:47 - F00.L13 xstep message received: '1714504966 relaunch param1'
#   30/04/24  14:22:47 - Relaunches are no more accepted for FPGA F00.L13
#   30/04/24  14:22:47 - F00.L13 xstep message received: '1714504966 finished KO'
#   30/04/24  14:22:47 - F00.L13 terminated: KO
#   30/04/24  14:22:51 - F00.L8 xstep message received: '1714504970 relaunch param1'
#   30/04/24  14:22:51 - Relaunches are no more accepted for FPGA F00.L8
#   30/04/24  14:22:51 - F00.L8 xstep message received: '1714504970 finished KO'
#   30/04/24  14:22:51 - F00.L8 terminated: KO
#   30/04/24  14:22:51 - F00.L11 xstep message received: '1714504969 relaunch param1'
#   30/04/24  14:22:51 - Relaunches are no more accepted for FPGA F00.L11
#   30/04/24  14:22:51 - F00.L11 xstep message received: '1714504969 finished KO'
#   30/04/24  14:22:51 - F00.L11 terminated: KO
#   30/04/24  14:22:55 - F00.L10 xstep message received: '1714504974 relaunch param1'
#   30/04/24  14:22:55 - Relaunches are no more accepted for FPGA F00.L10
#   30/04/24  14:22:55 - F00.L10 xstep message received: '1714504974 finished KO'
#   30/04/24  14:22:55 - F00.L10 terminated: KO
#   30/04/24  14:22:55 - F00.L14 xstep message received: '1714504975 relaunch param1'
#   30/04/24  14:22:55 - Relaunches are no more accepted for FPGA F00.L14
#   30/04/24  14:22:55 - F00.L14 xstep message received: '1714504975 finished KO'
#   30/04/24  14:22:55 - F00.L14 terminated: KO
#   30/04/24  14:22:57 - F00.L5 xstep message received: '1714504975 relaunch param1'
#   30/04/24  14:22:57 - Relaunches are no more accepted for FPGA F00.L5
#   30/04/24  14:22:57 - F00.L5 xstep message received: '1714504975 finished KO'
#   30/04/24  14:22:57 - F00.L5 terminated: KO
#   30/04/24  14:22:57 - F00.L9 xstep message received: '1714504976 relaunch param1'
#   30/04/24  14:22:57 - Relaunches are no more accepted for FPGA F00.L9
#   30/04/24  14:22:57 - F00.L9 xstep message received: '1714504976 finished KO'
#   30/04/24  14:22:57 - F00.L9 terminated: KO
#   30/04/24  14:23:01 - F00.L15 xstep message received: '1714504979 relaunch param1'
#   30/04/24  14:23:01 - Relaunches are no more accepted for FPGA F00.L15
#   30/04/24  14:23:01 - F00.L15 xstep message received: '1714504979 finished KO'
#   30/04/24  14:23:01 - F00.L15 terminated: KO
#   30/04/24  14:23:03 - F00.L1 xstep message received: '1714504981 relaunch param1'
#   30/04/24  14:23:03 - Relaunches are no more accepted for FPGA F00.L1
#   30/04/24  14:23:03 - F00.L1 xstep message received: '1714504981 finished KO'
#   30/04/24  14:23:03 - F00.L1 terminated: KO
#   30/04/24  14:23:03 - F00.L4 xstep message received: '1714504981 relaunch param1'
#   30/04/24  14:23:03 - Relaunches are no more accepted for FPGA F00.L4
#   30/04/24  14:23:03 - F00.L4 xstep message received: '1714504981 finished KO'
#   30/04/24  14:23:03 - F00.L4 terminated: KO
#   30/04/24  14:23:03 - F00.L16 xstep message received: '1714504982 relaunch param1'
#   30/04/24  14:23:03 - Relaunches are no more accepted for FPGA F00.L16
#   30/04/24  14:23:03 - F00.L16 xstep message received: '1714504982 finished KO'
#   30/04/24  14:23:03 - F00.L16 terminated: KO
#   30/04/24  14:23:05 - F00.L2 xstep message received: '1714504984 relaunch param1'
#   30/04/24  14:23:05 - Relaunches are no more accepted for FPGA F00.L2
#   30/04/24  14:23:05 - F00.L2 xstep message received: '1714504984 finished KO'
#   30/04/24  14:23:05 - F00.L2 terminated: KO
#   30/04/24  14:23:05 - F00.L7 xstep message received: '1714504983 relaunch param1'
#   30/04/24  14:23:05 - Relaunches are no more accepted for FPGA F00.L7
#   30/04/24  14:23:05 - F00.L7 xstep message received: '1714504983 finished KO'
#   30/04/24  14:23:05 - F00.L7 terminated: KO
#   30/04/24  14:23:07 - F00.L0 xstep message received: '1714504986 relaunch param1'
#   30/04/24  14:23:07 - Relaunches are no more accepted for FPGA F00.L0
#   30/04/24  14:23:07 - F00.L0 xstep message received: '1714504986 finished KO'
#   30/04/24  14:23:07 - F00.L0 terminated: KO
#   30/04/24  14:23:07 - F00.L6 xstep message received: '1714504986 relaunch param1'
#   30/04/24  14:23:07 - Relaunches are no more accepted for FPGA F00.L6
#   30/04/24  14:23:07 - F00.L6 xstep message received: '1714504986 finished KO'
#   30/04/24  14:23:07 - F00.L6 terminated: KO
#   30/04/24  14:23:17 - F00.L12 xstep message received: '1714504995 relaunch param1'
#   30/04/24  14:23:17 - Relaunches are no more accepted for FPGA F00.L12
#   30/04/24  14:23:17 - F00.L12 xstep message received: '1714504995 finished KO'
#   30/04/24  14:23:17 - F00.L12 terminated: KO
#   30/04/24  14:23:34 - Timeout after task end without any 'finished' message for FPGA F00.Original
#   30/04/24  14:23:36 - Timeout after task end without any 'finished' message for FPGA F00.Original
#   30/04/24  14:23:38 - Timeout after task end without any 'finished' message for FPGA F00.Original
#   30/04/24  14:23:38 - Finished
