
Processing fifo_0000
before buildCfgFromIStructural: 0u 0s 31e 601640kB
Before processing instances: 0u 0s 75e 601640kB
After processing instances: 0u 0s 87e 601640kB
before processing cont assigns: 0u 0s 87e 601640kB
after processing cont assigns: 0u 0s 147e 601640kB
before processing processes: 0u 0s 147e 601640kB
after processing processes: 0u 0s 217e 601640kB
after buildCfgFromIStructural: 0u 0s 223e 601640kB
before ns->mergeSimpleProcesses: 0u 0s 220e 601640kB
after ns->mergeSimpleProcesses: 0u 0s 220e 601640kB
before ns->splitPartialWrites: 0u 0s 220e 601640kB
after ns->splitPartialWrites: 0u 0s 220e 601640kB
before removeUnneededLatches: 0u 0s 220e 601640kB
after removeUnneededLatches: 0u 0s 220e 601640kB
before printMsgForBothBAandNBAAccrossProcess: 0u 0s 220e 601640kB
after printMsgForBothBAandNBAAccrossProcess: 0u 0s 220e 601640kB
after other NameScope processing: 0u 0s 220e 601640kB
before rebuildInstGraph: 0.01u 0s 228e 601640kB
  before addAllInScope: 0.01u 0s 228e 601640kB
  after addAllInScope: 0.01u 0s 228e 601640kB
after rebuildInstGraph: 0.01u 0s 228e 601640kB
before markTristateCones : 0.01u 0s 228e 601640kB
after markTristateCones : 0.01u 0s 228e 601640kB
after scheduling: 0.01u 0s 332e 601640kB
after model->finalize: 0.01u 0s 405e 601640kB
before attribute propagation: 0.01u 0s 439e 601640kB
after attribute propagation: 0.01u 0s 439e 601640kB
before constantPropagate: 0.01u 0s 439e 601640kB
after constantPropagate: 0.01u 0s 439e 601640kB
before removeUnusedSignals circuit: 0.01u 0s 439e 601640kB
after removeUnusedSignals circuit: 0.01u 0s 439e 601640kB
before optimize latch enable: 0.01u 0s 439e 601640kB
after optimize latch enable: 0.01u 0s 439e 601640kB
after circuit->load: 0.01u 0s 439e 601640kB
