1713958535 06:35:35 AM Start_target=Original
1713958535 06:35:35 AM   |- start zNetgen
1713958566 06:36:06 AM     |=> zNetgen: 0 mins
1713958566 06:36:06 AM   |- end zNetgen
1713958570 06:36:10 AM   |- start XDC sorter
1713958578 06:36:18 AM Start Vivado
1713958661 06:37:41 AM     |- add_files/link_design: 2 mins
1713958661 06:37:41 AM     |=> initialisation_linked: 2 mins
1713958662 06:37:42 AM   |- start phase: netlist_analys_preproc
1713958670 06:37:50 AM     |=> netlist_analys_preproc: 1 mins
1713958671 06:37:51 AM   |- start phase: read_constraints
1713958705 06:38:25 AM     |=> read_constraints: 1 mins
1713958706 06:38:26 AM   |- start phase: opt_design
1713958707 06:38:27 AM       |=>  opt_design: 1 mins
1713958707 06:38:27 AM   << ERROR DETECTED IN OPT_DESIGN >> 
1713958715 06:38:35 AM TRIGGER : GREP
1713958724 06:38:44 AM Start_target=L3
1713958725 06:38:45 AM   |- start zNetgen
1713958762 06:39:22 AM     |=> zNetgen: 0 mins
1713958762 06:39:22 AM   |- end zNetgen
1713958766 06:39:26 AM   |- start XDC sorter
1713958774 06:39:34 AM Start Vivado
1713958866 06:41:06 AM     |- add_files/link_design: 2 mins
1713958867 06:41:07 AM     |=> initialisation_linked: 2 mins
1713958868 06:41:08 AM   |- start phase: netlist_analys_preproc
1713958878 06:41:18 AM     |=> netlist_analys_preproc: 1 mins
1713958879 06:41:19 AM   |- start phase: read_constraints
1713958921 06:42:01 AM     |=> read_constraints: 1 mins
1713958922 06:42:02 AM   |- start phase: opt_design
1713958922 06:42:02 AM       |=>  opt_design: 1 mins
1713958922 06:42:02 AM   << ERROR DETECTED IN OPT_DESIGN >> 
1713958922 06:42:02 AM   << ERROR DETECTED IN opt_design DESIGN >> 
1713958926 06:42:06 AM     => vivado_ko: 2 mins
1713958926 06:42:06 AM vivado: 2 mins
