1713958535 06:35:35 AM Start_target=Original
1713958535 06:35:35 AM   |- start zNetgen
1713958566 06:36:06 AM     |=> zNetgen: 0 mins
1713958566 06:36:06 AM   |- end zNetgen
1713958570 06:36:10 AM   |- start XDC sorter
1713958578 06:36:18 AM Start Vivado
1713958661 06:37:41 AM     |- add_files/link_design: 2 mins
1713958661 06:37:41 AM     |=> initialisation_linked: 2 mins
1713958662 06:37:42 AM   |- start phase: netlist_analys_preproc
1713958670 06:37:50 AM     |=> netlist_analys_preproc: 1 mins
1713958671 06:37:51 AM   |- start phase: read_constraints
1713958705 06:38:25 AM     |=> read_constraints: 1 mins
1713958706 06:38:26 AM   |- start phase: opt_design
1713958707 06:38:27 AM       |=>  opt_design: 1 mins
1713958707 06:38:27 AM   << ERROR DETECTED IN OPT_DESIGN >> 
1713958715 06:38:35 AM TRIGGER : GREP
1713958725 06:38:45 AM Start_target=L0
1713958725 06:38:45 AM   |- start zNetgen
1713958761 06:39:21 AM     |=> zNetgen: 0 mins
1713958761 06:39:21 AM   |- end zNetgen
1713958765 06:39:25 AM   |- start XDC sorter
1713958773 06:39:33 AM Start Vivado
1713958865 06:41:05 AM     |- add_files/link_design: 2 mins
1713958866 06:41:06 AM     |=> initialisation_linked: 2 mins
1713958866 06:41:06 AM   |- start phase: netlist_analys_preproc
1713958876 06:41:16 AM     |=> netlist_analys_preproc: 1 mins
1713958877 06:41:17 AM   |- start phase: read_constraints
1713958917 06:41:57 AM     |=> read_constraints: 1 mins
1713958918 06:41:58 AM   |- start phase: opt_design
1713958918 06:41:58 AM       |=>  opt_design: 1 mins
1713958918 06:41:58 AM   << ERROR DETECTED IN OPT_DESIGN >> 
1713958918 06:41:58 AM   << ERROR DETECTED IN opt_design DESIGN >> 
1713958921 06:42:01 AM     => vivado_ko: 2 mins
1713958922 06:42:02 AM vivado: 2 mins
