
Note-[SM_PME] Processing Module/Entity
  Processing: dut Parameterized Name: dut


Note-[SM_IIF] Instance Info
  Instance Count : module 'dut' has 3 instances
  


Note-[SM_CHLDRUN_DONE] Child process run completed
  Child process number '1' with process id '23435'
  is done with synthesis of total '1' modules
  SIMON Child CPU Time        : 0.00 sec
  SIMON Child Wall-Clock Time : 0.01 sec
  SIMON Child Current Memory  : 587 MB
  SIMON Child Peak Memory     : 587 MB
  SIMON Distribution          : 0.00,0.00,0.00,0.00 sec
  End time                    : Wed Apr 24 06:34:38 2024
  .


Note-[SM_POME] Processing Module/Entity
  Performing post-processing optimizations on Module/Entity: clkg


Note-[SM_CHLDRUN_DONE] Child process run completed
  Child process number '1' with process id '23452'
  is done with post-processing optimizations of total '1' modules
  SIMON Child CPU Time        : 0.00 sec
  SIMON Child Wall-Clock Time : 0.05 sec
  SIMON Child Current Memory  : 587 MB
  SIMON Child Peak Memory     : 587 MB
  SIMON Distribution          : 0.00,0.00,0.00,0.00 sec
  End time                    : Wed Apr 24 06:34:38 2024
  .

