1713958535 06:35:35 AM Start_target=Original
1713958535 06:35:35 AM   |- start zNetgen
1713958566 06:36:06 AM     |=> zNetgen: 0 mins
1713958566 06:36:06 AM   |- end zNetgen
1713958570 06:36:10 AM   |- start XDC sorter
1713958578 06:36:18 AM Start Vivado
1713958661 06:37:41 AM     |- add_files/link_design: 2 mins
1713958661 06:37:41 AM     |=> initialisation_linked: 2 mins
1713958662 06:37:42 AM   |- start phase: netlist_analys_preproc
1713958670 06:37:50 AM     |=> netlist_analys_preproc: 1 mins
1713958671 06:37:51 AM   |- start phase: read_constraints
1713958705 06:38:25 AM     |=> read_constraints: 1 mins
1713958706 06:38:26 AM   |- start phase: opt_design
1713958707 06:38:27 AM       |=>  opt_design: 1 mins
1713958707 06:38:27 AM   << ERROR DETECTED IN OPT_DESIGN >> 
1713958715 06:38:35 AM TRIGGER : GREP
1713958725 06:38:45 AM Start_target=L10
1713958725 06:38:45 AM   |- start zNetgen
1713958783 06:39:43 AM     |=> zNetgen: 0 mins
1713958783 06:39:43 AM   |- end zNetgen
1713958787 06:39:47 AM   |- start XDC sorter
1713958795 06:39:55 AM Start Vivado
1713958891 06:41:31 AM     |- add_files/link_design: 2 mins
1713958891 06:41:31 AM     |=> initialisation_linked: 2 mins
1713958892 06:41:32 AM   |- start phase: netlist_analys_preproc
1713958902 06:41:42 AM     |=> netlist_analys_preproc: 1 mins
1713958902 06:41:42 AM   |- start phase: read_constraints
1713958943 06:42:23 AM     |=> read_constraints: 1 mins
1713958944 06:42:24 AM   |- start phase: opt_design
1713958944 06:42:24 AM       |=>  opt_design: 1 mins
1713958944 06:42:24 AM   << ERROR DETECTED IN OPT_DESIGN >> 
1713958944 06:42:24 AM   << ERROR DETECTED IN opt_design DESIGN >> 
1713958947 06:42:27 AM     => vivado_ko: 2 mins
1713958948 06:42:28 AM vivado: 2 mins
