
                                    ZeBu (R)
                                      zRDB

              Version Q-2020.03-SP1-4 for linux64 - Oct 18, 2022 

                    Copyright (c) 2002 - 2022 Synopsys, Inc.
   This software and the associated documentation are proprietary to Synopsys,
 Inc. This software may only be used in accordance with the terms and conditions
 of a written license agreement with Synopsys, Inc. All other use, reproduction,
   or distribution of this software is strictly prohibited.  Licensed Products
     communicate with Synopsys servers for the purpose of providing software
    updates, detecting software piracy and verifying that customers are using
    Licensed Products in conformity with the applicable License Key for such
  Licensed Products. Synopsys will use information gathered in connection with
    this process to deliver software updates and pursue software pirates and
                                   infringers.

 Inclusivity & Diversity - Visit SolvNetPlus to read the "Synopsys Statement on
            Inclusivity and Diversity" (Refer to article 000036315 at
                        https://solvnetplus.synopsys.com)

# zRDB -merge -script zDB_final_zcui.tcl 

# start time is Wed Apr 24 06:45:15 2024




# Build Date : Oct 18 2022 - 01:00:11
# ---------------------------System Context--------------------------- 
# Cpu        40 x bogomips - 4604.90 Intel(R) Xeon(R) CPU E5-2650 v3 @ 2.30GHz
#            Load: 0.96 4.47 2.79 2/474 10224
#            Hostname: csce-quinn-s1.engr.tamu.edu   OS: Linux 3.10.0-1160.108.1.el7.x86_64
# Memory     Total: 193183 MB Free: 172485 MB
#            Total Free including cache: 187746 MB
#            Swap cache: 0 MB Cached space: 15261 MB
#            Swap space: 4095 MB Free Swap space: 4095 MB
#            VmSize: 353 MB VmPeak: 353 MB
# Disk Space Total: 250 GB Available: 240 GB Used: 10 GB
#            Free inodes: 524111471
# Stack                                Soft Limit           Hard Limit  
#            Max stack size            8388608              unlimited            bytes     
# -------------------------------------------------------------------- 


#   step ENV.VAR : LM_LICENSE_FILE=27070@coe-vtls3.engr.tamu.edu:27020@csce-quinn-s1.engr.tamu.edu:2100@csce-quinn-s1.engr.tamu.edu
#   step ENV.VAR : SNPSLMD_LICENSE_FILE=27070@coe-vtls3.engr.tamu.edu:27020@csce-quinn-s1.engr.tamu.edu:2100@csce-quinn-s1.engr.tamu.edu
#   step ENV.VAR : VCS_HOME=/opt/coe/synopsys/vcs/Q-2020.03-SP2-12
#   step ENV.VAR : VERDI_HOME=/opt/coe/synopsys/verdi/Q-2020.03-SP2-12
#   step ENV.VAR : ZEBU_AURA_FW_HOME=/opt/coe/synopsys/zebu/Q-2020.03-SP1-4/aura/fw
#   step ENV.VAR : ZEBU_AURA_SW_HOME=/opt/coe/synopsys/zebu/Q-2020.03-SP1-4/aura/sw
#   step ENV.VAR : ZEBU_DRIVER_PATH=/opt/coe/synopsys/zebu/Q-2020.03-SP1-4/drivers
#   step ENV.VAR : ZEBU_ROOT=/opt/coe/synopsys/zebu/Q-2020.03-SP1-4
#   step ENV.VAR : ZEBU_SYSTEM_DIR=/mnt/quinn_zebu/ZEBU_SYSTEM_DIR
#   step ENV.VAR : ZEBU_TRITON_ZS2=/opt/coe/synopsys/zebu/Q-2020.03-SP1-4/triton_zs2
#   step ENV.VAR : ZEBU_TRITON_ZS3=/opt/coe/synopsys/zebu/Q-2020.03-SP1-4/triton_zs3
#   step ENV.VAR : ZEBU_XIL=/opt/coe/synopsys/zebu/Q-2020.03-SP1-4/ise/ISE_DS
#   step ENV.VAR : ZEBU_XIL_VIVADO=/opt/coe/synopsys/zebu/Q-2020.03-SP1-4/vivado/
#   step ENV.VAR : ZEBU_XIL_VIVADO_P2=/opt/coe/synopsys/zebu/Q-2020.03-SP1-4/vivado_p2/
#   step ENV.VAR : ZEBU_XIL_VIVADO_P3=/opt/coe/synopsys/zebu/Q-2020.03-SP1-4/vivado_p3/ids_lite
#   step ENV.VAR : ZEBU_XIL_VIVADO_P4=/opt/coe/synopsys/zebu/Q-2020.03-SP1-4/vivado_p4/
#   step ZRDB : libZebuRDB version 2021.2.0 RW
select_supports
#   step ZRDB : Will generate selection of all support registers
set_anticipated -communication_file {zDB_Controller.cui}
#   step ZRDB : Anticipated mode activated, using file 'zDB_Controller.cui' for communication with zCui
set_time_report_filename {zrdb_merge_task_time_report_for_zcui.log}
build_equi {tools/zDB/zTopBuild_equi.edf.gz}
annotate {tools/zDB/zTopBuild_equi.inf}
#   step ZRDB : add annotation file tools/zDB/zTopBuild_equi.inf for merging
annotate {work.Part_0/zCoreBuild_equi.inf}
#   step ZRDB : add annotation file work.Part_0/zCoreBuild_equi.inf for merging
add_fpga -src_fpga_path {.}
#   step ZRDB : Using '.' as zebu.work directory for database merge
add_fpga -merge_fpga_path {U0/M0/F00}
#   step ZRDB : add Fpga U0/M0/F00 for merging
add_fpga -merge_fpga_path {U0/M0/F08}
#   step ZRDB : add Fpga U0/M0/F08 for merging
add_fpga -merge_fpga_path {U0/M0/IF}
#   step ZRDB : add Fpga U0/M0/IF for merging
add_zdb_file {zParDB.zdb}
#   step ZRDB : add zdb file 'zParDB.zdb' for merging
add_zdb_file {work.Part_0/zCoreBuildDB.zdb}
#   step ZRDB : add zdb file 'work.Part_0/zCoreBuildDB.zdb' for merging
add_property {tools/zTopBuild/zTopBuild_propertyDB.gz}
#   step ZRDB : add property db file 'tools/zTopBuild/zTopBuild_propertyDB.gz' for merging
set_save_equis
merge_db
#   step ZRDB : DB merging: 
#   step CSA : CSA was not detected
#   step HUB : Loading 'nofpga' database in full load mode
#   step DB LOAD : Loading database from path './nofpga/zrdb'
#   step DB LOAD : Opening full tree file './nofpga/zrdb/tree.zrdb' to speed up load process
#   step FILE : Opening file './nofpga/zrdb/tree.zrdb' in read mode
#   step FILE : Opening file './nofpga/zrdb/coords.zrdb' in read mode
#   step DB LOAD : Loading DB stamp from file './nofpga/zrdb/stamp.zrdb'
#   step FILE : Opening file './nofpga/zrdb/stamp.zrdb' in read mode
#   step DB LOAD : Version stamp is 2021.2.0
#   step DB LOAD : The database was generated on : Wed Apr 24 06:35:04 2024
#   step DB LOAD : Stored database CRC is : ffffffff
#   step DB LOAD : Deserializing database : start
#   step DB LOAD : Database version is 2021.2.0
#   step DB LOAD : Auxillary databases splitted in 1 wrappers
#   step DICTIONARY : Opening dictionary
#   step FILE : Opening file './nofpga/zrdb/dictionary/names.zrdb' in read mode
#   step DICTIONARY : Opened. 1247 unique names, in 1 chunks of 32768 entries, stored in 1 directories
#   step COORDS : Loading coordinates database (full)
#   step COORDS : Reading coordinates database header
#   step COORDS : Coordinates database contains 0 entries
#   step COORDS : Reading coordinates database header (cont'd)
#   step COORDS : Read coordinates database header complete (0 seconds)
#   step COORDS : Reading register coordinates
#   step COORDS : Finished reading 0 register coordinates in 0 seconds
#   step COORDS : Loaded coordinates database in 0 seconds (full)
#   step MEMS : Opening memories database file './nofpga/zrdb/mems.zrdb'
#   step FILE : Opening file './nofpga/zrdb/mems.zrdb' in read mode
#   step MEMS : Memories database opened
#   step MEMS : Loading size
#   step MEMS : Loading size
#   step MEMS : Loading size
#   step MEMS : Loading size
#   step MEMS : Loading size
#   step MEMS : Loading size
#   step MEMS : Loading Index
#   step MEMS : deserialize table
#   step MEMS : Finished reading 0 entries in 0 seconds
#   step MEMS : Loading Index
#   step MEMS : deserialize table
#   step MEMS : Finished reading 0 entries in 0 seconds
#   step MEMS : Loading Index
#   step MEMS : deserialize table
#   step MEMS : Finished reading 0 entries in 0 seconds
#   step MEMS : Loading Index
#   step MEMS : deserialize table
#   step MEMS : Finished reading 0 entries in 0 seconds
#   step MEMS : Loading Index
#   step MEMS : deserialize table
#   step MEMS : Finished reading 0 entries in 0 seconds
#   step MEMS : Loading Index
#   step MEMS : deserialize table
#   step MEMS : Finished reading 0 entries in 0 seconds
#   step MEMS : Loading Table
#   step MEMS : deserialize table
#   step MEMS : Finished reading 0 entries in 0 seconds
#   step MEMS : Loading Table
#   step MEMS : deserialize table
#   step MEMS : Finished reading 0 entries in 0 seconds
#   step MEMS : Loading Table
#   step MEMS : deserialize table
#   step MEMS : Finished reading 0 entries in 0 seconds
#   step MEMS : Loading Table
#   step MEMS : deserialize table
#   step MEMS : Finished reading 0 entries in 0 seconds
#   step MEMS : Loading Table
#   step MEMS : deserialize table
#   step MEMS : Finished reading 0 entries in 0 seconds
#   step MEMS : Loading Table
#   step MEMS : deserialize table
#   step MEMS : Finished reading 0 entries in 0 seconds
#   step DB LOAD : Deserializing tree : start
#   step DICTIONARY : Loading chunk #0
#   step FILE : Opening file './nofpga/zrdb/dictionary/0/0.zrdb' in read mode
#   step DICTIONARY : Reading 1247 entries
#   step DICTIONARY : Read 1247 entries
#   step DICTIONARY : Chunk #0 loaded. Added 1247 names.
#   step DB LOAD : Deserializing tree : finished in 0 seconds
#   step DB LOAD : Deserializing database : finished in 0 seconds
#   step DICTIONARY : Loading all 1 chunks
#   step DICTIONARY : All chunks loaded
#   step EQUI DB : Loading EquiDB from path './nofpga/zrdb'
#   step EQUI DB : Opening equi db files
#   step EQUI TABLE : Opening './nofpga/zrdb/0_equis.zrdb'
#   step FILE : Opening file './nofpga/zrdb/0_equis.zrdb' in read mode
#   step DATABASE : Reading DB './nofpga/zrdb/0_equis.zrdb' index (#8 entries)
#   step DATABASE : Read index OK : 0 seconds.
#   step EQUI TABLE : Opened in 0 seconds
#   step EQUI TABLE : Opening './nofpga/zrdb/1_equis.zrdb'
#   step FILE : Opening file './nofpga/zrdb/1_equis.zrdb' in read mode
#   step DATABASE : Reading DB './nofpga/zrdb/1_equis.zrdb' index (#15 entries)
#   step DATABASE : Read index OK : 0 seconds.
#   step EQUI TABLE : Opened in 0 seconds
#   step EQUI TABLE : Opening './nofpga/zrdb/2_equis.zrdb'
#   step FILE : Opening file './nofpga/zrdb/2_equis.zrdb' in read mode
#   step DATABASE : Reading DB './nofpga/zrdb/2_equis.zrdb' index (#9 entries)
#   step DATABASE : Read index OK : 0 seconds.
#   step EQUI TABLE : Opened in 0 seconds
#   step EQUI TABLE : Opening './nofpga/zrdb/3_equis.zrdb'
#   step FILE : Opening file './nofpga/zrdb/3_equis.zrdb' in read mode
#   step DATABASE : Reading DB './nofpga/zrdb/3_equis.zrdb' index (#4 entries)
#   step DATABASE : Read index OK : 0 seconds.
#   step EQUI TABLE : Opened in 0 seconds
#   step EQUI TABLE : Opening './nofpga/zrdb/4_equis.zrdb'
#   step FILE : Opening file './nofpga/zrdb/4_equis.zrdb' in read mode
#   step DATABASE : Reading DB './nofpga/zrdb/4_equis.zrdb' index (#11 entries)
#   step DATABASE : Read index OK : 0 seconds.
#   step EQUI TABLE : Opened in 0 seconds
#   step EQUI TABLE : Opening './nofpga/zrdb/5_equis.zrdb'
#   step FILE : Opening file './nofpga/zrdb/5_equis.zrdb' in read mode
#   step DATABASE : Reading DB './nofpga/zrdb/5_equis.zrdb' index (#6 entries)
#   step DATABASE : Read index OK : 0 seconds.
#   step EQUI TABLE : Opened in 0 seconds
#   step EQUI TABLE : Opening './nofpga/zrdb/6_equis.zrdb'
#   step FILE : Opening file './nofpga/zrdb/6_equis.zrdb' in read mode
#   step DATABASE : Reading DB './nofpga/zrdb/6_equis.zrdb' index (#12 entries)
#   step DATABASE : Read index OK : 0 seconds.
#   step EQUI TABLE : Opened in 0 seconds
#   step EQUI TABLE : Opening './nofpga/zrdb/7_equis.zrdb'
#   step FILE : Opening file './nofpga/zrdb/7_equis.zrdb' in read mode
#   step DATABASE : Reading DB './nofpga/zrdb/7_equis.zrdb' index (#11 entries)
#   step DATABASE : Read index OK : 0 seconds.
#   step EQUI TABLE : Opened in 0 seconds
#   step EQUI DB : Equi db files opened
#   step EQUI DB : Finishing load
#   step DATABASE : Referencing nodes (top instances)
#   step DATABASE : 2 nodes referenced in 0 seconds. Total of 2 referenced nodes.
#   step DATABASE : Referencing nodes (full)
#   step DATABASE : 77 nodes referenced in 0 seconds. Total of 77 referenced nodes.
#   step DB : Database './nofpga/zrdb/3_equis.zrdb' closed
#   step DB : Database './nofpga/zrdb/7_equis.zrdb' closed
#   step DB : Database './nofpga/zrdb/5_equis.zrdb' closed
#   step DB : Database './nofpga/zrdb/2_equis.zrdb' closed
#   step DB : Database './nofpga/zrdb/6_equis.zrdb' closed
#   step DB : Database './nofpga/zrdb/4_equis.zrdb' closed
#   step DB : Database './nofpga/zrdb/0_equis.zrdb' closed
#   step DB : Database './nofpga/zrdb/1_equis.zrdb' closed
#   step EQUI DB : Load completed in 0 seconds
#   step DB FILE : Deleting file './zrdb/initial_stamp.zrdb'
#   step FILE : Opening file './nofpga/zrdb/stamp.zrdb' in read mode
#   step FILE : Opening file './zrdb/initial_stamp.zrdb' in write mode
#   step Merge : Reading file 'zParDB.zdb'
#   step BANK : Merging memory banks
#   step BANK : Merged memory banks
#   step Merge : Reading file 'work.Part_0/zCoreBuildDB.zdb'
#   step BANK : Merging memory banks
#   step BANK : Merged memory banks
#   step MERGE : Starting task 'ImportConstants'
#   step AnoDB : Anotation file 'tools/zDB/zTopBuild_equi.inf' successfully opened
#   step ALIASES : Merging new hierarchy pathes
#   step ALIASES : Merging equipotentials using backend aliases in same hierarchy
#   step ALIASES : Merging equipotentials using backend aliases in different hierarchy
#   step AnoDB : 236 signals anotated, 0 memories added, 0 removed ZceiMessagePorts added.
#   step Annotation DB : Closing file 'tools/zDB/zTopBuild_equi.inf'
#   step AnoDB : Anotation file 'work.Part_0/zCoreBuild_equi.inf' successfully opened
#   step ALIASES : Merging new hierarchy pathes
#   step ALIASES : Merging equipotentials using backend aliases in same hierarchy
#   step ALIASES : Merging equipotentials using backend aliases in different hierarchy
#   step AnoDB : 0 signals anotated, 0 memories added, 0 removed ZceiMessagePorts added.
#   step Annotation DB : Closing file 'work.Part_0/zCoreBuild_equi.inf'
#   step MERGE : Completed task 'ImportConstants' in 0 seconds
#   exec summary : Total memory: 1072076 kB - RSS memory: 339228 kB - Data memory: 789952 kB
#   step POWER : No power domain needs to be copied
#   exec summary : Total memory: 1072076 kB - RSS memory: 339228 kB - Data memory: 789952 kB
#   step MERGE : Starting task 'EquiConsolidation'
#   step MERGE : Completed task 'EquiConsolidation' in 0 seconds
#   exec summary : Total memory: 1072076 kB - RSS memory: 339228 kB - Data memory: 789952 kB
#   step FILE : Opening file 'zDB_Controller.cui' in read mode
#   step FPGA : Merging 'U0/M0/F08' - start
#   step FPGA : Trying SAC format.
#   step Merge : Merging 'U0/M0/F08'
#   step FPGA : Merged using SAC format.
#   step Merge : Reading file 'U0/M0/F08/zrdb/ZebuDB.zdb'
#   step BANK : Merging memory banks
#   step BANK : Merged memory banks
#   step Merge : Reading file 'U0/M0/F08/ZebuDB.rtb.zdb'
#   step BANK : Merging memory banks
#   step BANK : Merged memory banks
#   step CompositeImporter : Looking for composite DB file in FPGA 'U0/M0/F08'
#   step CompositeImporter : Looking for composite DB file 'composites.zrdb' in directory './U0/M0/F08/zrdb'
#   step FILE : Opening file './U0/M0/F08/zrdb/composites.zrdb' in read mode
#   step CompositeImporter : Starting coordinates importation
#   step CompositeImporter : Coordinates imported successfully in 0 seconds. 0 entries, 0 unknown signals.
#   step FWC : Loading from file 'U0/M0/F08/zrdb/fwc_local_table.zrdb'
#   step FILE : Opening file 'U0/M0/F08/zrdb/fwc_local_table.zrdb' in read mode
#   step DICTIONARY : Deserializing dictionary
#   step FWC : Deserializing...
#   step FWC : Table contains 0 ValueSets.
#   step FWC : All ValueSets deserialized in 0 seconds
#   step FWC : Loaded in 0 seconds'
#   step FPGA : Consolidation of 1912 modified equis
#   step FPGA : Consolidation completed in 0 seconds.
#   step FPGA : Merging 'U0/M0/F08' - done in 0 sec
#   exec summary : Total memory: 1169740 kB - RSS memory: 345640 kB - Data memory: 887616 kB
#   step FPGA : Merging 'U0/M0/IF' - start
#   step FPGA : Trying SAC format.
#   step Merge : Merging 'U0/M0/IF'
#   step FPGA : Merged using SAC format.
#   step Merge : Reading file 'U0/M0/IF/zrdb/ZebuDB.zdb'
#   step BANK : Merging memory banks
#   step BANK : Merged memory banks
#   step CompositeImporter : Looking for composite DB file in FPGA 'U0/M0/IF'
#   step CompositeImporter : Looking for composite DB file 'composites.zrdb' in directory './U0/M0/IF/zrdb'
#   step FILE : Opening file './U0/M0/IF/zrdb/composites.zrdb' in read mode
#   step CompositeImporter : Starting coordinates importation
#   step CompositeImporter : Coordinates imported successfully in 0 seconds. 0 entries, 0 unknown signals.
#   step FWC : Loading from file 'U0/M0/IF/zrdb/fwc_local_table.zrdb'
#   step FILE : Opening file 'U0/M0/IF/zrdb/fwc_local_table.zrdb' in read mode
#   step DICTIONARY : Deserializing dictionary
#   step FWC : Deserializing...
#   step FWC : Table contains 0 ValueSets.
#   step FWC : All ValueSets deserialized in 0 seconds
#   step FWC : Loaded in 0 seconds'
#   step FPGA : Consolidation of 9876 modified equis
#   step FPGA : Consolidation completed in 0 seconds.
#   step FPGA : Merging 'U0/M0/IF' - done in 0 sec
#   exec summary : Total memory: 1169740 kB - RSS memory: 345664 kB - Data memory: 887616 kB
### fatal error in FPGA FAILURE [RDB0497F] : Stopping merge due to to FPGA compilation failure for 'U0/M0/F00'
