






#


Table of content:
-----------------


 1.zTopBuild automatic clustering report
    1.1.Design pre-analysis
        1.1.1.Design stats
    1.2.Design analysis
    1.3.Design mapping optimization
    1.4.Post-optimization
    1.5.Commands processing
        1.5.1.Command transmission to zCore
    1.6.Design post split analysis
 2.Time and memory usage


======================================================================================================





 1.zTopBuild automatic clustering report
 =======================================


    1.1.Design pre-analysis
    -----------------------


    1.1.1.Design stats


Primitive count from the top module top
          +--------------------------+--------------------+---------+---------+
          |Primitive                 |              Number|Equiv LUT|Equiv REG|
          +--------------------------+--------------------+---------+---------+
          |fd                        |                 326|         |      326|
          |fdc                       |                  35|         |       35|
          |fdce                      |                  19|         |       19|
          |fde                       |                 132|         |      132|
          |fdp                       |                   6|         |        6|
          +--------------------------+--------------------+---------+---------+
          |Summary Flip-Flops        |                 518|         |      518|
          =--------------------------+--------------------+---------+---------=
          |gnd                       |                   7|         |         |
          |lut2                      |                  58|       58|         |
          |lut3                      |                  56|       56|         |
          |lut4                      |                   7|        7|         |
          |lut5                      |                  10|       10|         |
          |lut6                      |                  29|       29|         |
          |vcc                       |                   5|         |         |
          +--------------------------+--------------------+---------+---------+
          |Summary General           |  172 (=   160 LUTs)|      160|         |
          =--------------------------+--------------------+---------+---------=
          |ld_1                      |                   1|         |        1|
          +--------------------------+--------------------+---------+---------+
          |Summary Latches           |                   1|         |        1|
          =--------------------------+--------------------+---------+---------=
          |and2                      |                  33|       33|         |
          |inv                       |                  49|         |         |
          |xor2                      |                   4|        4|         |
          |xorcy                     |                   2|         |         |
          +--------------------------+--------------------+---------+---------+
          |Summary Logic Primitives  |   88 (=    37 LUTs)|       37|         |
          =--------------------------+--------------------+---------+---------=
          |ram256x1s                 |   18 (=    72 LUTs)|       72|         |
          +--------------------------+--------------------+---------+---------+
          |Summary Memory Elements   |   18 (=    72 LUTs)|       72|         |
          =--------------------------+--------------------+---------+---------=
          |muxcy_l                   |                   2|         |         |
          +--------------------------+--------------------+---------+---------+
          |Summary Multiplexers      |                   2|         |         |
          =--------------------------+--------------------+---------+---------=
          |USER_COSTzebu_bb_wb_reg   |                  43|         |       43|
          |ZSVA_MOD_PLI_1            |                   2|         |         |
          |carry4                    |                  40|         |         |
          +--------------------------+--------------------+---------+---------+
          |Summary                   |                  85|         |       43|
          =--------------------------+--------------------+---------+---------=
          |KEEP_ZVIEW                |                  46|         |       46|
          |ZXLSYS                    |                   4|         |         |
          |zfwc_hs_1                 |                  36|         |         |
          |zview                     |                  95|         |         |
          +--------------------------+--------------------+---------+---------+
          |Summary ZEBU Special Cells|                 181|         |       46|
          +--------------------------+--------------------+---------+---------+



Design content summary, Luts, BRams, URAM, Flip-Flops, Latches, Multiplexers, Multipliers, other logic:
          +----------------------------------+---+
          |Logic LUTs                        |160|
          |RAMLUTs                           | 72|
          |Logic LUTs + RAMLUTs              |232|
          |Logic LUTs + RAMLUTs + other logic|269|
          |BRAMs                             |  0|
          |URAMs                             |  0|
          |Flip-Flops                        |518|
          |Latches                           |  1|
          |Flip-Flops + Latches + other logic|609|
          |Multiplexers                      |  2|
          |MULT18/DSP                        |  0|
          |Other logic                       |384|
          |Lut equiv other logic             | 37|
          |Reg equiv Other logic             | 90|
          +----------------------------------+---+



    1.2.Design analysis
    -------------------



                 *** EMPTY SECTION *** 



    1.3.Design mapping optimization
    -------------------------------



                 *** EMPTY SECTION *** 



    1.4.Post-optimization
    ---------------------



                 *** EMPTY SECTION *** 



    1.5.Commands processing
    -----------------------


    1.5.1.Command transmission to zCore



                 *** EMPTY SECTION *** 



    1.6.Design post split analysis
    ------------------------------



                 *** EMPTY SECTION *** 




 2.Time and memory usage
 =======================

Reset time counter
   1    elapsed:0.14 s    user:0.4 s    system:0.2 s      %cpu:45.37       load:0.85       fm:172523 m     vm:1586 m     vm:+768 m      um:300 m       um:+5 m ZTOPPARTITIONING
   2     elapsed:0.1 s    user:0.1 s      system:0 s      %cpu:88.89       load:0.85       fm:172523 m     vm:1586 m       vm:+0 m      um:300 m       um:+0 m AC_netlist_stat
   3     elapsed:0.2 s      user:0 s      system:0 s       %cpu:0.00       load:0.85       fm:172523 m     vm:1586 m       vm:+0 m      um:300 m       um:+0 m AC_global_cost_estimate
