1714597253 04:00:53 PM Start_target=Original
1714597253 04:00:53 PM   |- start zNetgen
1714597284 04:01:24 PM     |=> zNetgen: 0 mins
1714597284 04:01:24 PM   |- end zNetgen
1714597289 04:01:29 PM   |- start XDC sorter
1714597296 04:01:36 PM Start Vivado
1714597375 04:02:55 PM     |- add_files/link_design: 2 mins
1714597375 04:02:55 PM     |=> initialisation_linked: 2 mins
1714597376 04:02:56 PM   |- start phase: netlist_analys_preproc
1714597385 04:03:05 PM     |=> netlist_analys_preproc: 1 mins
1714597385 04:03:05 PM   |- start phase: read_constraints
1714597420 04:03:40 PM     |=> read_constraints: 1 mins
1714597421 04:03:41 PM   |- start phase: opt_design
1714597421 04:03:41 PM       |=>  opt_design: 1 mins
1714597421 04:03:41 PM   << ERROR DETECTED IN OPT_DESIGN >> 
1714597433 04:03:53 PM TRIGGER : GREP
1714597540 04:05:40 PM        |- generate: timing and dcp_opt_design.dcp
1714597421 04:03:41 PM   << ERROR DETECTED IN opt_design DESIGN >> 
1714597544 04:05:44 PM     => vivado_ko: 4 mins
1714597545 04:05:45 PM vivado: 4 mins
